Absolute Time Stamp|Relative Time Stamp|File|Line|Function|Group|Parent/Child|User Index|Session Instance|Page|Instance|Logs
03/14/16 12:01:37|00:00:00|ns_event_log.c|675|ns_el|-|255|-1|-1|-1|-1| global_settings->enable_event_logger = 1, g_el_subproc_msg_com_con.fd = 0, g_el_subproc_msg_com_con.state = 0 , g_el_subproc_msg_com_con.state = 0
03/14/16 12:01:37|00:00:00|ns_event_log.c|432|init_event_logger|-|255|-1|-1|-1|-1|Main thread Recovery data initialized withMAX_RECOVERY_COUNT = 10000, RESTART_TIME_THRESHOLD_IN_SEC = 900
03/14/16 12:01:37|00:00:00|ns_event_log.c|474|init_event_logger|-|255|-1|-1|-1|-1|Main thread, nsa log manager is not running. Recovering nsa_log_mgr.
03/14/16 12:01:37|00:00:00|logging.c|497|open_dlog_file_in_append_mode|-|255|-1|-1|-1|-1|Opening dlog file by parent at init or at partition switch time.
03/14/16 12:01:38|00:00:01|ns_session.c|93|init_sess_inst_start_num|-|255|-1|-1|-1|-1|Initializing sess_inst_num to 0, sess_inst_num = 69402696.
03/14/16 12:01:40|00:00:02|ns_summary_rpt.c|397|close_srfp_html|-|255|-1|-1|-1|-1|Closing srfp_html
03/14/16 12:01:40|00:00:02|ns_summary_rpt.c|397|close_srfp_html|-|255|-1|-1|-1|-1|Closing srfp_html
03/14/16 12:01:40|00:00:02|ns_summary_rpt.c|397|close_srfp_html|-|255|-1|-1|-1|-1|Closing srfp_html
03/14/16 12:01:40|00:00:02|ns_summary_rpt.c|397|close_srfp_html|-|255|-1|-1|-1|-1|Closing srfp_html
03/14/16 12:01:40|00:00:02|ns_child.c|319|calculate_child_epoll_timeout|-|2|-1|-1|-1|-1|No timeout pending for NVM (2). Using infinite time in epoll_wait().
03/14/16 12:01:40|00:00:02|wait_forever.c|926|process_start_msg_by_client|-|255|-1|-1|-1|-1|Received START_MSG_BY_CLIENT from client id = 2, testrun number = 23431, fd = 33, IP = IPV4:127.0.0.1.60631, State = 0x0
03/14/16 12:01:40|00:00:02|wait_forever.c|926|process_start_msg_by_client|-|255|-1|-1|-1|-1|Received START_MSG_BY_CLIENT from client id = 0, testrun number = 23431, fd = 31, IP = IPV4:127.0.0.1.60627, State = 0x0
03/14/16 12:01:40|00:00:02|ns_child.c|319|calculate_child_epoll_timeout|-|0|-1|-1|-1|-1|No timeout pending for NVM (0). Using infinite time in epoll_wait().
03/14/16 12:01:40|00:00:02|wait_forever.c|926|process_start_msg_by_client|-|255|-1|-1|-1|-1|Received START_MSG_BY_CLIENT from client id = 1, testrun number = 23431, fd = 32, IP = IPV4:127.0.0.1.60629, State = 0x0
03/14/16 12:01:40|00:00:02|ns_child.c|319|calculate_child_epoll_timeout|-|1|-1|-1|-1|-1|No timeout pending for NVM (1). Using infinite time in epoll_wait().
03/14/16 12:01:40|00:00:02|wait_forever.c|926|process_start_msg_by_client|-|255|-1|-1|-1|-1|Received START_MSG_BY_CLIENT from client id = 3, testrun number = 23431, fd = 34, IP = IPV4:127.0.0.1.60633, State = 0x0
03/14/16 12:01:40|00:00:02|ns_child.c|319|calculate_child_epoll_timeout|-|3|-1|-1|-1|-1|No timeout pending for NVM (3). Using infinite time in epoll_wait().
03/14/16 12:01:40|00:00:02|ns_child.c|319|calculate_child_epoll_timeout|-|2|-1|-1|-1|-1|No timeout pending for NVM (2). Using infinite time in epoll_wait().
03/14/16 12:01:40|00:00:02|ns_child.c|319|calculate_child_epoll_timeout|-|0|-1|-1|-1|-1|No timeout pending for NVM (0). Using infinite time in epoll_wait().
03/14/16 12:01:40|00:00:02|ns_child.c|319|calculate_child_epoll_timeout|-|1|-1|-1|-1|-1|No timeout pending for NVM (1). Using infinite time in epoll_wait().
03/14/16 12:01:40|00:00:02|wait_forever.c|839|process_phase_complete_msg|-|255|-1|-1|-1|-1|Received phase complete message for grp idx = -1 phase completed phase idx = 0, child/generator id = 2
03/14/16 12:01:40|00:00:02|wait_forever.c|839|process_phase_complete_msg|-|255|-1|-1|-1|-1|Received phase complete message for grp idx = -1 phase completed phase idx = 0, child/generator id = 0
03/14/16 12:01:40|00:00:02|wait_forever.c|839|process_phase_complete_msg|-|255|-1|-1|-1|-1|Received phase complete message for grp idx = -1 phase completed phase idx = 0, child/generator id = 1
03/14/16 12:01:40|00:00:02|wait_forever.c|839|process_phase_complete_msg|-|255|-1|-1|-1|-1|Received phase complete message for grp idx = -1 phase completed phase idx = 0, child/generator id = 3
03/14/16 12:01:40|00:00:02|wait_forever.c|839|process_phase_complete_msg|-|255|-1|-1|-1|-1|Received phase complete message for grp idx = -1 phase completed phase idx = 1, child/generator id = 3
03/14/16 12:01:40|00:00:02|wait_forever.c|839|process_phase_complete_msg|-|255|-1|-1|-1|-1|Received phase complete message for grp idx = -1 phase completed phase idx = 1, child/generator id = 2
03/14/16 12:01:40|00:00:02|wait_forever.c|839|process_phase_complete_msg|-|255|-1|-1|-1|-1|Received phase complete message for grp idx = -1 phase completed phase idx = 1, child/generator id = 1
03/14/16 12:01:40|00:00:02|wait_forever.c|839|process_phase_complete_msg|-|255|-1|-1|-1|-1|Received phase complete message for grp idx = -1 phase completed phase idx = 1, child/generator id = 0
03/14/16 12:01:40|00:00:02|wait_forever.c|839|process_phase_complete_msg|-|255|-1|-1|-1|-1|Received phase complete message for grp idx = -1 phase completed phase idx = 2, child/generator id = 2
03/14/16 12:01:40|00:00:02|wait_forever.c|839|process_phase_complete_msg|-|255|-1|-1|-1|-1|Received phase complete message for grp idx = -1 phase completed phase idx = 2, child/generator id = 3
03/14/16 12:01:40|00:00:02|wait_forever.c|839|process_phase_complete_msg|-|255|-1|-1|-1|-1|Received phase complete message for grp idx = -1 phase completed phase idx = 2, child/generator id = 1
03/14/16 12:01:40|00:00:02|wait_forever.c|839|process_phase_complete_msg|-|255|-1|-1|-1|-1|Received phase complete message for grp idx = -1 phase completed phase idx = 2, child/generator id = 0
03/14/16 12:01:50|00:00:12|wait_forever.c|1917|process_progress_report_msg|-|255|-1|-1|-1|-1|Recieved PROGRESS_REPORT from child '2', loader_opcode = 0, report# 1 at 13860 cur_sample=1, num_rcd=0, num_pge=4, from ip = IPV4:127.0.0.1.60631, testrun number = 0
03/14/16 12:01:50|00:00:12|wait_forever.c|1917|process_progress_report_msg|-|255|-1|-1|-1|-1|Recieved PROGRESS_REPORT from child '1', loader_opcode = 0, report# 1 at 13860 cur_sample=1, num_rcd=1, num_pge=4, from ip = IPV4:127.0.0.1.60629, testrun number = 0
03/14/16 12:01:50|00:00:12|wait_forever.c|1917|process_progress_report_msg|-|255|-1|-1|-1|-1|Recieved PROGRESS_REPORT from child '0', loader_opcode = 0, report# 1 at 13860 cur_sample=1, num_rcd=2, num_pge=4, from ip = IPV4:127.0.0.1.60627, testrun number = 0
03/14/16 12:01:50|00:00:12|wait_forever.c|1917|process_progress_report_msg|-|255|-1|-1|-1|-1|Recieved PROGRESS_REPORT from child '3', loader_opcode = 0, report# 1 at 13861 cur_sample=1, num_rcd=3, num_pge=4, from ip = IPV4:127.0.0.1.60633, testrun number = 0
03/14/16 12:02:00|00:00:22|wait_forever.c|1917|process_progress_report_msg|-|255|-1|-1|-1|-1|Recieved PROGRESS_REPORT from child '2', loader_opcode = 0, report# 2 at 23860 cur_sample=2, num_rcd=0, num_pge=4, from ip = IPV4:127.0.0.1.60631, testrun number = 0
03/14/16 12:02:00|00:00:22|wait_forever.c|1917|process_progress_report_msg|-|255|-1|-1|-1|-1|Recieved PROGRESS_REPORT from child '1', loader_opcode = 0, report# 2 at 23860 cur_sample=2, num_rcd=1, num_pge=4, from ip = IPV4:127.0.0.1.60629, testrun number = 0
03/14/16 12:02:00|00:00:22|wait_forever.c|1917|process_progress_report_msg|-|255|-1|-1|-1|-1|Recieved PROGRESS_REPORT from child '0', loader_opcode = 0, report# 2 at 23860 cur_sample=2, num_rcd=2, num_pge=4, from ip = IPV4:127.0.0.1.60627, testrun number = 0
03/14/16 12:02:00|00:00:22|wait_forever.c|1917|process_progress_report_msg|-|255|-1|-1|-1|-1|Recieved PROGRESS_REPORT from child '3', loader_opcode = 0, report# 2 at 23861 cur_sample=2, num_rcd=3, num_pge=4, from ip = IPV4:127.0.0.1.60633, testrun number = 0
03/14/16 12:02:10|00:00:32|wait_forever.c|1917|process_progress_report_msg|-|255|-1|-1|-1|-1|Recieved PROGRESS_REPORT from child '2', loader_opcode = 0, report# 3 at 33860 cur_sample=3, num_rcd=0, num_pge=4, from ip = IPV4:127.0.0.1.60631, testrun number = 0
03/14/16 12:02:10|00:00:32|wait_forever.c|1917|process_progress_report_msg|-|255|-1|-1|-1|-1|Recieved PROGRESS_REPORT from child '1', loader_opcode = 0, report# 3 at 33860 cur_sample=3, num_rcd=1, num_pge=4, from ip = IPV4:127.0.0.1.60629, testrun number = 0
03/14/16 12:02:10|00:00:32|wait_forever.c|1917|process_progress_report_msg|-|255|-1|-1|-1|-1|Recieved PROGRESS_REPORT from child '0', loader_opcode = 0, report# 3 at 33860 cur_sample=3, num_rcd=2, num_pge=4, from ip = IPV4:127.0.0.1.60627, testrun number = 0
03/14/16 12:02:10|00:00:32|wait_forever.c|1917|process_progress_report_msg|-|255|-1|-1|-1|-1|Recieved PROGRESS_REPORT from child '3', loader_opcode = 0, report# 3 at 33861 cur_sample=3, num_rcd=3, num_pge=4, from ip = IPV4:127.0.0.1.60633, testrun number = 0
03/14/16 12:02:20|00:00:42|wait_forever.c|1917|process_progress_report_msg|-|255|-1|-1|-1|-1|Recieved PROGRESS_REPORT from child '1', loader_opcode = 0, report# 4 at 43860 cur_sample=4, num_rcd=0, num_pge=4, from ip = IPV4:127.0.0.1.60629, testrun number = 0
03/14/16 12:02:20|00:00:42|wait_forever.c|1917|process_progress_report_msg|-|255|-1|-1|-1|-1|Recieved PROGRESS_REPORT from child '2', loader_opcode = 0, report# 4 at 43860 cur_sample=4, num_rcd=1, num_pge=4, from ip = IPV4:127.0.0.1.60631, testrun number = 0
03/14/16 12:02:20|00:00:42|wait_forever.c|1917|process_progress_report_msg|-|255|-1|-1|-1|-1|Recieved PROGRESS_REPORT from child '0', loader_opcode = 0, report# 4 at 43860 cur_sample=4, num_rcd=2, num_pge=4, from ip = IPV4:127.0.0.1.60627, testrun number = 0
03/14/16 12:02:20|00:00:42|wait_forever.c|1917|process_progress_report_msg|-|255|-1|-1|-1|-1|Recieved PROGRESS_REPORT from child '3', loader_opcode = 0, report# 4 at 43861 cur_sample=4, num_rcd=3, num_pge=4, from ip = IPV4:127.0.0.1.60633, testrun number = 0
03/14/16 12:02:30|00:00:52|wait_forever.c|1917|process_progress_report_msg|-|255|-1|-1|-1|-1|Recieved PROGRESS_REPORT from child '2', loader_opcode = 0, report# 5 at 53860 cur_sample=5, num_rcd=0, num_pge=4, from ip = IPV4:127.0.0.1.60631, testrun number = 0
03/14/16 12:02:30|00:00:52|wait_forever.c|1917|process_progress_report_msg|-|255|-1|-1|-1|-1|Recieved PROGRESS_REPORT from child '1', loader_opcode = 0, report# 5 at 53860 cur_sample=5, num_rcd=1, num_pge=4, from ip = IPV4:127.0.0.1.60629, testrun number = 0
03/14/16 12:02:30|00:00:52|wait_forever.c|1917|process_progress_report_msg|-|255|-1|-1|-1|-1|Recieved PROGRESS_REPORT from child '0', loader_opcode = 0, report# 5 at 53860 cur_sample=5, num_rcd=2, num_pge=4, from ip = IPV4:127.0.0.1.60627, testrun number = 0
03/14/16 12:02:30|00:00:52|wait_forever.c|1917|process_progress_report_msg|-|255|-1|-1|-1|-1|Recieved PROGRESS_REPORT from child '3', loader_opcode = 0, report# 5 at 53861 cur_sample=5, num_rcd=3, num_pge=4, from ip = IPV4:127.0.0.1.60633, testrun number = 0
03/14/16 12:02:40|00:01:02|wait_forever.c|1917|process_progress_report_msg|-|255|-1|-1|-1|-1|Recieved PROGRESS_REPORT from child '2', loader_opcode = 0, report# 6 at 63860 cur_sample=6, num_rcd=0, num_pge=4, from ip = IPV4:127.0.0.1.60631, testrun number = 0
03/14/16 12:02:40|00:01:02|wait_forever.c|1917|process_progress_report_msg|-|255|-1|-1|-1|-1|Recieved PROGRESS_REPORT from child '1', loader_opcode = 0, report# 6 at 63860 cur_sample=6, num_rcd=1, num_pge=4, from ip = IPV4:127.0.0.1.60629, testrun number = 0
03/14/16 12:02:40|00:01:02|wait_forever.c|1917|process_progress_report_msg|-|255|-1|-1|-1|-1|Recieved PROGRESS_REPORT from child '0', loader_opcode = 0, report# 6 at 63860 cur_sample=6, num_rcd=2, num_pge=4, from ip = IPV4:127.0.0.1.60627, testrun number = 0
03/14/16 12:02:40|00:01:02|wait_forever.c|1917|process_progress_report_msg|-|255|-1|-1|-1|-1|Recieved PROGRESS_REPORT from child '3', loader_opcode = 0, report# 6 at 63861 cur_sample=6, num_rcd=3, num_pge=4, from ip = IPV4:127.0.0.1.60633, testrun number = 0
03/14/16 12:02:50|00:01:12|wait_forever.c|1917|process_progress_report_msg|-|255|-1|-1|-1|-1|Recieved PROGRESS_REPORT from child '1', loader_opcode = 0, report# 7 at 73860 cur_sample=7, num_rcd=0, num_pge=4, from ip = IPV4:127.0.0.1.60629, testrun number = 0
03/14/16 12:02:50|00:01:12|wait_forever.c|1917|process_progress_report_msg|-|255|-1|-1|-1|-1|Recieved PROGRESS_REPORT from child '2', loader_opcode = 0, report# 7 at 73860 cur_sample=7, num_rcd=1, num_pge=4, from ip = IPV4:127.0.0.1.60631, testrun number = 0
03/14/16 12:02:50|00:01:12|wait_forever.c|1917|process_progress_report_msg|-|255|-1|-1|-1|-1|Recieved PROGRESS_REPORT from child '0', loader_opcode = 0, report# 7 at 73860 cur_sample=7, num_rcd=2, num_pge=4, from ip = IPV4:127.0.0.1.60627, testrun number = 0
03/14/16 12:02:50|00:01:12|wait_forever.c|1917|process_progress_report_msg|-|255|-1|-1|-1|-1|Recieved PROGRESS_REPORT from child '3', loader_opcode = 0, report# 7 at 73861 cur_sample=7, num_rcd=3, num_pge=4, from ip = IPV4:127.0.0.1.60633, testrun number = 0
03/14/16 12:03:00|00:01:22|wait_forever.c|1917|process_progress_report_msg|-|255|-1|-1|-1|-1|Recieved PROGRESS_REPORT from child '1', loader_opcode = 0, report# 8 at 83860 cur_sample=8, num_rcd=0, num_pge=4, from ip = IPV4:127.0.0.1.60629, testrun number = 0
03/14/16 12:03:00|00:01:22|wait_forever.c|1917|process_progress_report_msg|-|255|-1|-1|-1|-1|Recieved PROGRESS_REPORT from child '2', loader_opcode = 0, report# 8 at 83860 cur_sample=8, num_rcd=1, num_pge=4, from ip = IPV4:127.0.0.1.60631, testrun number = 0
03/14/16 12:03:00|00:01:22|wait_forever.c|1917|process_progress_report_msg|-|255|-1|-1|-1|-1|Recieved PROGRESS_REPORT from child '0', loader_opcode = 0, report# 8 at 83860 cur_sample=8, num_rcd=2, num_pge=4, from ip = IPV4:127.0.0.1.60627, testrun number = 0
03/14/16 12:03:00|00:01:22|wait_forever.c|1917|process_progress_report_msg|-|255|-1|-1|-1|-1|Recieved PROGRESS_REPORT from child '3', loader_opcode = 0, report# 8 at 83861 cur_sample=8, num_rcd=3, num_pge=4, from ip = IPV4:127.0.0.1.60633, testrun number = 0
03/14/16 12:03:10|00:01:32|wait_forever.c|1917|process_progress_report_msg|-|255|-1|-1|-1|-1|Recieved PROGRESS_REPORT from child '1', loader_opcode = 0, report# 9 at 93860 cur_sample=9, num_rcd=0, num_pge=4, from ip = IPV4:127.0.0.1.60629, testrun number = 0
03/14/16 12:03:10|00:01:32|wait_forever.c|1917|process_progress_report_msg|-|255|-1|-1|-1|-1|Recieved PROGRESS_REPORT from child '2', loader_opcode = 0, report# 9 at 93860 cur_sample=9, num_rcd=1, num_pge=4, from ip = IPV4:127.0.0.1.60631, testrun number = 0
03/14/16 12:03:10|00:01:32|wait_forever.c|1917|process_progress_report_msg|-|255|-1|-1|-1|-1|Recieved PROGRESS_REPORT from child '0', loader_opcode = 0, report# 9 at 93860 cur_sample=9, num_rcd=2, num_pge=4, from ip = IPV4:127.0.0.1.60627, testrun number = 0
03/14/16 12:03:10|00:01:32|wait_forever.c|1917|process_progress_report_msg|-|255|-1|-1|-1|-1|Recieved PROGRESS_REPORT from child '3', loader_opcode = 0, report# 9 at 93861 cur_sample=9, num_rcd=3, num_pge=4, from ip = IPV4:127.0.0.1.60633, testrun number = 0
03/14/16 12:03:20|00:01:42|wait_forever.c|1917|process_progress_report_msg|-|255|-1|-1|-1|-1|Recieved PROGRESS_REPORT from child '2', loader_opcode = 0, report# 10 at 103860 cur_sample=10, num_rcd=0, num_pge=4, from ip = IPV4:127.0.0.1.60631, testrun number = 0
03/14/16 12:03:20|00:01:42|wait_forever.c|1917|process_progress_report_msg|-|255|-1|-1|-1|-1|Recieved PROGRESS_REPORT from child '1', loader_opcode = 0, report# 10 at 103860 cur_sample=10, num_rcd=1, num_pge=4, from ip = IPV4:127.0.0.1.60629, testrun number = 0
03/14/16 12:03:20|00:01:42|wait_forever.c|1917|process_progress_report_msg|-|255|-1|-1|-1|-1|Recieved PROGRESS_REPORT from child '0', loader_opcode = 0, report# 10 at 103860 cur_sample=10, num_rcd=2, num_pge=4, from ip = IPV4:127.0.0.1.60627, testrun number = 0
03/14/16 12:03:20|00:01:42|wait_forever.c|1917|process_progress_report_msg|-|255|-1|-1|-1|-1|Recieved PROGRESS_REPORT from child '3', loader_opcode = 0, report# 10 at 103861 cur_sample=10, num_rcd=3, num_pge=4, from ip = IPV4:127.0.0.1.60633, testrun number = 0
03/14/16 12:03:30|00:01:52|wait_forever.c|1917|process_progress_report_msg|-|255|-1|-1|-1|-1|Recieved PROGRESS_REPORT from child '2', loader_opcode = 0, report# 11 at 113860 cur_sample=11, num_rcd=0, num_pge=4, from ip = IPV4:127.0.0.1.60631, testrun number = 0
03/14/16 12:03:30|00:01:52|wait_forever.c|1917|process_progress_report_msg|-|255|-1|-1|-1|-1|Recieved PROGRESS_REPORT from child '1', loader_opcode = 0, report# 11 at 113860 cur_sample=11, num_rcd=1, num_pge=4, from ip = IPV4:127.0.0.1.60629, testrun number = 0
03/14/16 12:03:30|00:01:52|wait_forever.c|1917|process_progress_report_msg|-|255|-1|-1|-1|-1|Recieved PROGRESS_REPORT from child '0', loader_opcode = 0, report# 11 at 113860 cur_sample=11, num_rcd=2, num_pge=4, from ip = IPV4:127.0.0.1.60627, testrun number = 0
03/14/16 12:03:30|00:01:52|wait_forever.c|1917|process_progress_report_msg|-|255|-1|-1|-1|-1|Recieved PROGRESS_REPORT from child '3', loader_opcode = 0, report# 11 at 113861 cur_sample=11, num_rcd=3, num_pge=4, from ip = IPV4:127.0.0.1.60633, testrun number = 0
03/14/16 12:03:40|00:02:02|wait_forever.c|1917|process_progress_report_msg|-|255|-1|-1|-1|-1|Recieved PROGRESS_REPORT from child '2', loader_opcode = 0, report# 12 at 123860 cur_sample=12, num_rcd=0, num_pge=4, from ip = IPV4:127.0.0.1.60631, testrun number = 0
03/14/16 12:03:40|00:02:02|wait_forever.c|1917|process_progress_report_msg|-|255|-1|-1|-1|-1|Recieved PROGRESS_REPORT from child '1', loader_opcode = 0, report# 12 at 123860 cur_sample=12, num_rcd=1, num_pge=4, from ip = IPV4:127.0.0.1.60629, testrun number = 0
03/14/16 12:03:40|00:02:02|wait_forever.c|1917|process_progress_report_msg|-|255|-1|-1|-1|-1|Recieved PROGRESS_REPORT from child '0', loader_opcode = 0, report# 12 at 123860 cur_sample=12, num_rcd=2, num_pge=4, from ip = IPV4:127.0.0.1.60627, testrun number = 0
03/14/16 12:03:40|00:02:02|wait_forever.c|1917|process_progress_report_msg|-|255|-1|-1|-1|-1|Recieved PROGRESS_REPORT from child '3', loader_opcode = 0, report# 12 at 123861 cur_sample=12, num_rcd=3, num_pge=4, from ip = IPV4:127.0.0.1.60633, testrun number = 0
03/14/16 12:03:50|00:02:12|wait_forever.c|1917|process_progress_report_msg|-|255|-1|-1|-1|-1|Recieved PROGRESS_REPORT from child '2', loader_opcode = 0, report# 13 at 133860 cur_sample=13, num_rcd=0, num_pge=4, from ip = IPV4:127.0.0.1.60631, testrun number = 0
03/14/16 12:03:50|00:02:12|wait_forever.c|1917|process_progress_report_msg|-|255|-1|-1|-1|-1|Recieved PROGRESS_REPORT from child '1', loader_opcode = 0, report# 13 at 133860 cur_sample=13, num_rcd=1, num_pge=4, from ip = IPV4:127.0.0.1.60629, testrun number = 0
03/14/16 12:03:50|00:02:12|wait_forever.c|1917|process_progress_report_msg|-|255|-1|-1|-1|-1|Recieved PROGRESS_REPORT from child '0', loader_opcode = 0, report# 13 at 133860 cur_sample=13, num_rcd=2, num_pge=4, from ip = IPV4:127.0.0.1.60627, testrun number = 0
03/14/16 12:03:50|00:02:12|wait_forever.c|1917|process_progress_report_msg|-|255|-1|-1|-1|-1|Recieved PROGRESS_REPORT from child '3', loader_opcode = 0, report# 13 at 133861 cur_sample=13, num_rcd=3, num_pge=4, from ip = IPV4:127.0.0.1.60633, testrun number = 0
03/14/16 12:04:00|00:02:22|wait_forever.c|1917|process_progress_report_msg|-|255|-1|-1|-1|-1|Recieved PROGRESS_REPORT from child '1', loader_opcode = 0, report# 14 at 143860 cur_sample=14, num_rcd=0, num_pge=4, from ip = IPV4:127.0.0.1.60629, testrun number = 0
03/14/16 12:04:00|00:02:22|wait_forever.c|1917|process_progress_report_msg|-|255|-1|-1|-1|-1|Recieved PROGRESS_REPORT from child '2', loader_opcode = 0, report# 14 at 143860 cur_sample=14, num_rcd=1, num_pge=4, from ip = IPV4:127.0.0.1.60631, testrun number = 0
03/14/16 12:04:00|00:02:22|wait_forever.c|1917|process_progress_report_msg|-|255|-1|-1|-1|-1|Recieved PROGRESS_REPORT from child '0', loader_opcode = 0, report# 14 at 143860 cur_sample=14, num_rcd=2, num_pge=4, from ip = IPV4:127.0.0.1.60627, testrun number = 0
03/14/16 12:04:00|00:02:22|wait_forever.c|1917|process_progress_report_msg|-|255|-1|-1|-1|-1|Recieved PROGRESS_REPORT from child '3', loader_opcode = 0, report# 14 at 143861 cur_sample=14, num_rcd=3, num_pge=4, from ip = IPV4:127.0.0.1.60633, testrun number = 0
03/14/16 12:04:10|00:02:32|wait_forever.c|1917|process_progress_report_msg|-|255|-1|-1|-1|-1|Recieved PROGRESS_REPORT from child '2', loader_opcode = 0, report# 15 at 153860 cur_sample=15, num_rcd=0, num_pge=4, from ip = IPV4:127.0.0.1.60631, testrun number = 0
03/14/16 12:04:10|00:02:32|wait_forever.c|1917|process_progress_report_msg|-|255|-1|-1|-1|-1|Recieved PROGRESS_REPORT from child '1', loader_opcode = 0, report# 15 at 153860 cur_sample=15, num_rcd=1, num_pge=4, from ip = IPV4:127.0.0.1.60629, testrun number = 0
03/14/16 12:04:10|00:02:32|wait_forever.c|1917|process_progress_report_msg|-|255|-1|-1|-1|-1|Recieved PROGRESS_REPORT from child '0', loader_opcode = 0, report# 15 at 153860 cur_sample=15, num_rcd=2, num_pge=4, from ip = IPV4:127.0.0.1.60627, testrun number = 0
03/14/16 12:04:10|00:02:32|wait_forever.c|1917|process_progress_report_msg|-|255|-1|-1|-1|-1|Recieved PROGRESS_REPORT from child '3', loader_opcode = 0, report# 15 at 153861 cur_sample=15, num_rcd=3, num_pge=4, from ip = IPV4:127.0.0.1.60633, testrun number = 0
03/14/16 12:04:20|00:02:42|wait_forever.c|1917|process_progress_report_msg|-|255|-1|-1|-1|-1|Recieved PROGRESS_REPORT from child '2', loader_opcode = 0, report# 16 at 163860 cur_sample=16, num_rcd=0, num_pge=4, from ip = IPV4:127.0.0.1.60631, testrun number = 0
03/14/16 12:04:20|00:02:42|wait_forever.c|1917|process_progress_report_msg|-|255|-1|-1|-1|-1|Recieved PROGRESS_REPORT from child '1', loader_opcode = 0, report# 16 at 163860 cur_sample=16, num_rcd=1, num_pge=4, from ip = IPV4:127.0.0.1.60629, testrun number = 0
03/14/16 12:04:20|00:02:42|wait_forever.c|1917|process_progress_report_msg|-|255|-1|-1|-1|-1|Recieved PROGRESS_REPORT from child '0', loader_opcode = 0, report# 16 at 163860 cur_sample=16, num_rcd=2, num_pge=4, from ip = IPV4:127.0.0.1.60627, testrun number = 0
03/14/16 12:04:20|00:02:42|wait_forever.c|1917|process_progress_report_msg|-|255|-1|-1|-1|-1|Recieved PROGRESS_REPORT from child '3', loader_opcode = 0, report# 16 at 163861 cur_sample=16, num_rcd=3, num_pge=4, from ip = IPV4:127.0.0.1.60633, testrun number = 0
03/14/16 12:04:30|00:02:52|wait_forever.c|1917|process_progress_report_msg|-|255|-1|-1|-1|-1|Recieved PROGRESS_REPORT from child '2', loader_opcode = 0, report# 17 at 173860 cur_sample=17, num_rcd=0, num_pge=4, from ip = IPV4:127.0.0.1.60631, testrun number = 0
03/14/16 12:04:30|00:02:52|wait_forever.c|1917|process_progress_report_msg|-|255|-1|-1|-1|-1|Recieved PROGRESS_REPORT from child '1', loader_opcode = 0, report# 17 at 173860 cur_sample=17, num_rcd=1, num_pge=4, from ip = IPV4:127.0.0.1.60629, testrun number = 0
03/14/16 12:04:30|00:02:52|wait_forever.c|1917|process_progress_report_msg|-|255|-1|-1|-1|-1|Recieved PROGRESS_REPORT from child '0', loader_opcode = 0, report# 17 at 173860 cur_sample=17, num_rcd=2, num_pge=4, from ip = IPV4:127.0.0.1.60627, testrun number = 0
03/14/16 12:04:30|00:02:52|wait_forever.c|1917|process_progress_report_msg|-|255|-1|-1|-1|-1|Recieved PROGRESS_REPORT from child '3', loader_opcode = 0, report# 17 at 173861 cur_sample=17, num_rcd=3, num_pge=4, from ip = IPV4:127.0.0.1.60633, testrun number = 0
03/14/16 12:04:40|00:03:02|wait_forever.c|1917|process_progress_report_msg|-|255|-1|-1|-1|-1|Recieved PROGRESS_REPORT from child '1', loader_opcode = 0, report# 18 at 183860 cur_sample=18, num_rcd=0, num_pge=4, from ip = IPV4:127.0.0.1.60629, testrun number = 0
03/14/16 12:04:40|00:03:02|wait_forever.c|1917|process_progress_report_msg|-|255|-1|-1|-1|-1|Recieved PROGRESS_REPORT from child '0', loader_opcode = 0, report# 18 at 183860 cur_sample=18, num_rcd=1, num_pge=4, from ip = IPV4:127.0.0.1.60627, testrun number = 0
03/14/16 12:04:40|00:03:02|wait_forever.c|1917|process_progress_report_msg|-|255|-1|-1|-1|-1|Recieved PROGRESS_REPORT from child '2', loader_opcode = 0, report# 18 at 183860 cur_sample=18, num_rcd=2, num_pge=4, from ip = IPV4:127.0.0.1.60631, testrun number = 0
03/14/16 12:04:40|00:03:02|wait_forever.c|1917|process_progress_report_msg|-|255|-1|-1|-1|-1|Recieved PROGRESS_REPORT from child '3', loader_opcode = 0, report# 18 at 183861 cur_sample=18, num_rcd=3, num_pge=4, from ip = IPV4:127.0.0.1.60633, testrun number = 0
03/14/16 12:04:40|00:03:02|wait_forever.c|839|process_phase_complete_msg|-|255|-1|-1|-1|-1|Received phase complete message for grp idx = -1 phase completed phase idx = 3, child/generator id = 2
03/14/16 12:04:40|00:03:02|wait_forever.c|839|process_phase_complete_msg|-|255|-1|-1|-1|-1|Received phase complete message for grp idx = -1 phase completed phase idx = 3, child/generator id = 3
03/14/16 12:04:40|00:03:02|wait_forever.c|839|process_phase_complete_msg|-|255|-1|-1|-1|-1|Received phase complete message for grp idx = -1 phase completed phase idx = 3, child/generator id = 1
03/14/16 12:04:40|00:03:02|wait_forever.c|839|process_phase_complete_msg|-|255|-1|-1|-1|-1|Received phase complete message for grp idx = -1 phase completed phase idx = 3, child/generator id = 0
03/14/16 12:04:40|00:03:02|wait_forever.c|839|process_phase_complete_msg|-|255|-1|-1|-1|-1|Received phase complete message for grp idx = -1 phase completed phase idx = 4, child/generator id = 1
03/14/16 12:04:40|00:03:02|wait_forever.c|839|process_phase_complete_msg|-|255|-1|-1|-1|-1|Received phase complete message for grp idx = -1 phase completed phase idx = 4, child/generator id = 0
03/14/16 12:04:40|00:03:02|wait_forever.c|839|process_phase_complete_msg|-|255|-1|-1|-1|-1|Received phase complete message for grp idx = -1 phase completed phase idx = 4, child/generator id = 3
03/14/16 12:04:40|00:03:02|wait_forever.c|839|process_phase_complete_msg|-|255|-1|-1|-1|-1|Received phase complete message for grp idx = -1 phase completed phase idx = 4, child/generator id = 2
03/14/16 12:04:40|00:03:02|wait_forever.c|1917|process_progress_report_msg|-|255|-1|-1|-1|-1|Recieved PROGRESS_REPORT from child '1', loader_opcode = 0, report# 19 at 183944 cur_sample=19, num_rcd=0, num_pge=4, from ip = IPV4:127.0.0.1.60629, testrun number = 0
03/14/16 12:04:40|00:03:02|wait_forever.c|1917|process_progress_report_msg|-|255|-1|-1|-1|-1|Recieved PROGRESS_REPORT from child '0', loader_opcode = 0, report# 19 at 183944 cur_sample=19, num_rcd=1, num_pge=4, from ip = IPV4:127.0.0.1.60627, testrun number = 0
03/14/16 12:04:40|00:03:02|wait_forever.c|1917|process_progress_report_msg|-|255|-1|-1|-1|-1|Recieved PROGRESS_REPORT from child '3', loader_opcode = 0, report# 19 at 183944 cur_sample=19, num_rcd=2, num_pge=4, from ip = IPV4:127.0.0.1.60633, testrun number = 0
03/14/16 12:04:40|00:03:02|wait_forever.c|1917|process_progress_report_msg|-|255|-1|-1|-1|-1|Recieved PROGRESS_REPORT from child '2', loader_opcode = 0, report# 19 at 183944 cur_sample=19, num_rcd=3, num_pge=4, from ip = IPV4:127.0.0.1.60631, testrun number = 0
03/14/16 12:04:41|00:03:03|wait_forever.c|1744|process_finish_report_msg|-|255|-1|-1|-1|-1|Recieved FINISH_REPORT msg from the child_id = 1, num_active = 3, loader_opcode = 0, from ip = IPV4:127.0.0.1.60629
03/14/16 12:04:41|00:03:03|ns_msg_com_util.c|975|close_msg_com_con|-|255|-1|-1|-1|-1|Closing connection for sock 'fd = 32, IP = IPV4:127.0.0.1.60629, State = 0x0'
03/14/16 12:04:42|00:03:04|wait_forever.c|1744|process_finish_report_msg|-|255|-1|-1|-1|-1|Recieved FINISH_REPORT msg from the child_id = 0, num_active = 2, loader_opcode = 0, from ip = IPV4:127.0.0.1.60627
03/14/16 12:04:42|00:03:04|ns_msg_com_util.c|975|close_msg_com_con|-|255|-1|-1|-1|-1|Closing connection for sock 'fd = 31, IP = IPV4:127.0.0.1.60627, State = 0x0'
03/14/16 12:04:43|00:03:05|wait_forever.c|1744|process_finish_report_msg|-|255|-1|-1|-1|-1|Recieved FINISH_REPORT msg from the child_id = 3, num_active = 1, loader_opcode = 0, from ip = IPV4:127.0.0.1.60633
03/14/16 12:04:43|00:03:05|ns_msg_com_util.c|975|close_msg_com_con|-|255|-1|-1|-1|-1|Closing connection for sock 'fd = 34, IP = IPV4:127.0.0.1.60633, State = 0x0'
03/14/16 12:04:43|00:03:05|wait_forever.c|1744|process_finish_report_msg|-|255|-1|-1|-1|-1|Recieved FINISH_REPORT msg from the child_id = 2, num_active = 0, loader_opcode = 0, from ip = IPV4:127.0.0.1.60631
03/14/16 12:04:43|00:03:05|ns_msg_com_util.c|975|close_msg_com_con|-|255|-1|-1|-1|-1|Closing connection for sock 'fd = 33, IP = IPV4:127.0.0.1.60631, State = 0x0'
03/14/16 12:04:43|00:03:05|wait_forever.c|1837|process_finish_report_msg|-|255|-1|-1|-1|-1|Recieved FINISH_REPORT msg from all child/clients