Absolute Time Stamp|Relative Time Stamp|File|Line|Function|Group|Parent/Child|User Index|Session Instance|Page|Instance|Logs
03/14/16 12:17:30|00:00:00|ns_event_log.c|675|ns_el|-|255|-1|-1|-1|-1| global_settings->enable_event_logger = 1, g_el_subproc_msg_com_con.fd = 0, g_el_subproc_msg_com_con.state = 0 , g_el_subproc_msg_com_con.state = 0
03/14/16 12:17:30|00:00:00|ns_event_log.c|432|init_event_logger|-|255|-1|-1|-1|-1|Main thread Recovery data initialized withMAX_RECOVERY_COUNT = 10000, RESTART_TIME_THRESHOLD_IN_SEC = 900
03/14/16 12:17:30|00:00:00|ns_event_log.c|474|init_event_logger|-|255|-1|-1|-1|-1|Main thread, nsa log manager is not running. Recovering nsa_log_mgr.
03/14/16 12:17:30|00:00:00|logging.c|497|open_dlog_file_in_append_mode|-|255|-1|-1|-1|-1|Opening dlog file by parent at init or at partition switch time.
03/14/16 12:17:31|00:00:01|ns_session.c|93|init_sess_inst_start_num|-|255|-1|-1|-1|-1|Initializing sess_inst_num to 0, sess_inst_num = 69403649.
03/14/16 12:17:33|00:00:02|ns_summary_rpt.c|397|close_srfp_html|-|255|-1|-1|-1|-1|Closing srfp_html
03/14/16 12:17:33|00:00:02|ns_summary_rpt.c|397|close_srfp_html|-|255|-1|-1|-1|-1|Closing srfp_html
03/14/16 12:17:33|00:00:02|ns_summary_rpt.c|397|close_srfp_html|-|255|-1|-1|-1|-1|Closing srfp_html
03/14/16 12:17:33|00:00:02|ns_summary_rpt.c|397|close_srfp_html|-|255|-1|-1|-1|-1|Closing srfp_html
03/14/16 12:17:33|00:00:02|ns_child.c|319|calculate_child_epoll_timeout|-|1|-1|-1|-1|-1|No timeout pending for NVM (1). Using infinite time in epoll_wait().
03/14/16 12:17:33|00:00:02|ns_child.c|319|calculate_child_epoll_timeout|-|2|-1|-1|-1|-1|No timeout pending for NVM (2). Using infinite time in epoll_wait().
03/14/16 12:17:33|00:00:02|wait_forever.c|926|process_start_msg_by_client|-|255|-1|-1|-1|-1|Received START_MSG_BY_CLIENT from client id = 1, testrun number = 23436, fd = 32, IP = IPV4:127.0.0.1.20358, State = 0x0
03/14/16 12:17:33|00:00:02|wait_forever.c|926|process_start_msg_by_client|-|255|-1|-1|-1|-1|Received START_MSG_BY_CLIENT from client id = 2, testrun number = 23436, fd = 33, IP = IPV4:127.0.0.1.20360, State = 0x0
03/14/16 12:17:33|00:00:02|wait_forever.c|926|process_start_msg_by_client|-|255|-1|-1|-1|-1|Received START_MSG_BY_CLIENT from client id = 0, testrun number = 23436, fd = 31, IP = IPV4:127.0.0.1.20356, State = 0x0
03/14/16 12:17:33|00:00:02|ns_child.c|319|calculate_child_epoll_timeout|-|0|-1|-1|-1|-1|No timeout pending for NVM (0). Using infinite time in epoll_wait().
03/14/16 12:17:33|00:00:02|wait_forever.c|926|process_start_msg_by_client|-|255|-1|-1|-1|-1|Received START_MSG_BY_CLIENT from client id = 3, testrun number = 23436, fd = 34, IP = IPV4:127.0.0.1.20362, State = 0x0
03/14/16 12:17:33|00:00:02|ns_child.c|319|calculate_child_epoll_timeout|-|3|-1|-1|-1|-1|No timeout pending for NVM (3). Using infinite time in epoll_wait().
03/14/16 12:17:33|00:00:02|ns_child.c|319|calculate_child_epoll_timeout|-|1|-1|-1|-1|-1|No timeout pending for NVM (1). Using infinite time in epoll_wait().
03/14/16 12:17:33|00:00:02|ns_child.c|319|calculate_child_epoll_timeout|-|2|-1|-1|-1|-1|No timeout pending for NVM (2). Using infinite time in epoll_wait().
03/14/16 12:17:33|00:00:02|wait_forever.c|839|process_phase_complete_msg|-|255|-1|-1|-1|-1|Received phase complete message for grp idx = -1 phase completed phase idx = 0, child/generator id = 2
03/14/16 12:17:33|00:00:02|wait_forever.c|839|process_phase_complete_msg|-|255|-1|-1|-1|-1|Received phase complete message for grp idx = -1 phase completed phase idx = 0, child/generator id = 1
03/14/16 12:17:33|00:00:02|ns_child.c|319|calculate_child_epoll_timeout|-|0|-1|-1|-1|-1|No timeout pending for NVM (0). Using infinite time in epoll_wait().
03/14/16 12:17:33|00:00:02|wait_forever.c|839|process_phase_complete_msg|-|255|-1|-1|-1|-1|Received phase complete message for grp idx = -1 phase completed phase idx = 0, child/generator id = 0
03/14/16 12:17:33|00:00:02|wait_forever.c|839|process_phase_complete_msg|-|255|-1|-1|-1|-1|Received phase complete message for grp idx = -1 phase completed phase idx = 0, child/generator id = 3
03/14/16 12:17:33|00:00:02|wait_forever.c|839|process_phase_complete_msg|-|255|-1|-1|-1|-1|Received phase complete message for grp idx = -1 phase completed phase idx = 1, child/generator id = 2
03/14/16 12:17:33|00:00:02|wait_forever.c|839|process_phase_complete_msg|-|255|-1|-1|-1|-1|Received phase complete message for grp idx = -1 phase completed phase idx = 1, child/generator id = 3
03/14/16 12:17:33|00:00:02|wait_forever.c|839|process_phase_complete_msg|-|255|-1|-1|-1|-1|Received phase complete message for grp idx = -1 phase completed phase idx = 1, child/generator id = 1
03/14/16 12:17:33|00:00:02|wait_forever.c|839|process_phase_complete_msg|-|255|-1|-1|-1|-1|Received phase complete message for grp idx = -1 phase completed phase idx = 1, child/generator id = 0
03/14/16 12:17:33|00:00:02|wait_forever.c|839|process_phase_complete_msg|-|255|-1|-1|-1|-1|Received phase complete message for grp idx = -1 phase completed phase idx = 2, child/generator id = 0
03/14/16 12:17:33|00:00:02|wait_forever.c|839|process_phase_complete_msg|-|255|-1|-1|-1|-1|Received phase complete message for grp idx = -1 phase completed phase idx = 2, child/generator id = 3
03/14/16 12:17:33|00:00:02|wait_forever.c|839|process_phase_complete_msg|-|255|-1|-1|-1|-1|Received phase complete message for grp idx = -1 phase completed phase idx = 2, child/generator id = 2
03/14/16 12:17:33|00:00:02|wait_forever.c|839|process_phase_complete_msg|-|255|-1|-1|-1|-1|Received phase complete message for grp idx = -1 phase completed phase idx = 2, child/generator id = 1
03/14/16 12:17:43|00:00:12|wait_forever.c|1917|process_progress_report_msg|-|255|-1|-1|-1|-1|Recieved PROGRESS_REPORT from child '3', loader_opcode = 0, report# 1 at 13853 cur_sample=1, num_rcd=0, num_pge=4, from ip = IPV4:127.0.0.1.20362, testrun number = 0
03/14/16 12:17:43|00:00:12|wait_forever.c|1917|process_progress_report_msg|-|255|-1|-1|-1|-1|Recieved PROGRESS_REPORT from child '0', loader_opcode = 0, report# 1 at 13853 cur_sample=1, num_rcd=1, num_pge=4, from ip = IPV4:127.0.0.1.20356, testrun number = 0
03/14/16 12:17:43|00:00:12|wait_forever.c|1917|process_progress_report_msg|-|255|-1|-1|-1|-1|Recieved PROGRESS_REPORT from child '2', loader_opcode = 0, report# 1 at 13853 cur_sample=1, num_rcd=2, num_pge=4, from ip = IPV4:127.0.0.1.20360, testrun number = 0
03/14/16 12:17:43|00:00:12|wait_forever.c|1917|process_progress_report_msg|-|255|-1|-1|-1|-1|Recieved PROGRESS_REPORT from child '1', loader_opcode = 0, report# 1 at 13853 cur_sample=1, num_rcd=3, num_pge=4, from ip = IPV4:127.0.0.1.20358, testrun number = 0
03/14/16 12:17:53|00:00:22|wait_forever.c|1917|process_progress_report_msg|-|255|-1|-1|-1|-1|Recieved PROGRESS_REPORT from child '1', loader_opcode = 0, report# 2 at 23853 cur_sample=2, num_rcd=0, num_pge=4, from ip = IPV4:127.0.0.1.20358, testrun number = 0
03/14/16 12:17:53|00:00:22|wait_forever.c|1917|process_progress_report_msg|-|255|-1|-1|-1|-1|Recieved PROGRESS_REPORT from child '0', loader_opcode = 0, report# 2 at 23853 cur_sample=2, num_rcd=1, num_pge=4, from ip = IPV4:127.0.0.1.20356, testrun number = 0
03/14/16 12:17:53|00:00:22|wait_forever.c|1917|process_progress_report_msg|-|255|-1|-1|-1|-1|Recieved PROGRESS_REPORT from child '2', loader_opcode = 0, report# 2 at 23853 cur_sample=2, num_rcd=2, num_pge=4, from ip = IPV4:127.0.0.1.20360, testrun number = 0
03/14/16 12:17:53|00:00:22|wait_forever.c|1917|process_progress_report_msg|-|255|-1|-1|-1|-1|Recieved PROGRESS_REPORT from child '3', loader_opcode = 0, report# 2 at 23854 cur_sample=2, num_rcd=3, num_pge=4, from ip = IPV4:127.0.0.1.20362, testrun number = 0
03/14/16 12:18:03|00:00:32|wait_forever.c|1917|process_progress_report_msg|-|255|-1|-1|-1|-1|Recieved PROGRESS_REPORT from child '3', loader_opcode = 0, report# 3 at 33853 cur_sample=3, num_rcd=0, num_pge=4, from ip = IPV4:127.0.0.1.20362, testrun number = 0
03/14/16 12:18:03|00:00:32|wait_forever.c|1917|process_progress_report_msg|-|255|-1|-1|-1|-1|Recieved PROGRESS_REPORT from child '1', loader_opcode = 0, report# 3 at 33853 cur_sample=3, num_rcd=1, num_pge=4, from ip = IPV4:127.0.0.1.20358, testrun number = 0
03/14/16 12:18:03|00:00:32|wait_forever.c|1917|process_progress_report_msg|-|255|-1|-1|-1|-1|Recieved PROGRESS_REPORT from child '2', loader_opcode = 0, report# 3 at 33853 cur_sample=3, num_rcd=2, num_pge=4, from ip = IPV4:127.0.0.1.20360, testrun number = 0
03/14/16 12:18:03|00:00:32|wait_forever.c|1917|process_progress_report_msg|-|255|-1|-1|-1|-1|Recieved PROGRESS_REPORT from child '0', loader_opcode = 0, report# 3 at 33853 cur_sample=3, num_rcd=3, num_pge=4, from ip = IPV4:127.0.0.1.20356, testrun number = 0
03/14/16 12:18:13|00:00:42|wait_forever.c|1917|process_progress_report_msg|-|255|-1|-1|-1|-1|Recieved PROGRESS_REPORT from child '0', loader_opcode = 0, report# 4 at 43853 cur_sample=4, num_rcd=0, num_pge=4, from ip = IPV4:127.0.0.1.20356, testrun number = 0
03/14/16 12:18:13|00:00:42|wait_forever.c|1917|process_progress_report_msg|-|255|-1|-1|-1|-1|Recieved PROGRESS_REPORT from child '1', loader_opcode = 0, report# 4 at 43853 cur_sample=4, num_rcd=1, num_pge=4, from ip = IPV4:127.0.0.1.20358, testrun number = 0
03/14/16 12:18:13|00:00:42|wait_forever.c|1917|process_progress_report_msg|-|255|-1|-1|-1|-1|Recieved PROGRESS_REPORT from child '3', loader_opcode = 0, report# 4 at 43854 cur_sample=4, num_rcd=2, num_pge=4, from ip = IPV4:127.0.0.1.20362, testrun number = 0
03/14/16 12:18:13|00:00:42|wait_forever.c|1917|process_progress_report_msg|-|255|-1|-1|-1|-1|Recieved PROGRESS_REPORT from child '2', loader_opcode = 0, report# 4 at 43854 cur_sample=4, num_rcd=3, num_pge=4, from ip = IPV4:127.0.0.1.20360, testrun number = 0
03/14/16 12:18:23|00:00:52|wait_forever.c|1917|process_progress_report_msg|-|255|-1|-1|-1|-1|Recieved PROGRESS_REPORT from child '1', loader_opcode = 0, report# 5 at 53853 cur_sample=5, num_rcd=0, num_pge=4, from ip = IPV4:127.0.0.1.20358, testrun number = 0
03/14/16 12:18:23|00:00:52|wait_forever.c|1917|process_progress_report_msg|-|255|-1|-1|-1|-1|Recieved PROGRESS_REPORT from child '2', loader_opcode = 0, report# 5 at 53853 cur_sample=5, num_rcd=1, num_pge=4, from ip = IPV4:127.0.0.1.20360, testrun number = 0
03/14/16 12:18:23|00:00:52|wait_forever.c|1917|process_progress_report_msg|-|255|-1|-1|-1|-1|Recieved PROGRESS_REPORT from child '3', loader_opcode = 0, report# 5 at 53853 cur_sample=5, num_rcd=2, num_pge=4, from ip = IPV4:127.0.0.1.20362, testrun number = 0
03/14/16 12:18:23|00:00:52|wait_forever.c|1917|process_progress_report_msg|-|255|-1|-1|-1|-1|Recieved PROGRESS_REPORT from child '0', loader_opcode = 0, report# 5 at 53853 cur_sample=5, num_rcd=3, num_pge=4, from ip = IPV4:127.0.0.1.20356, testrun number = 0
03/14/16 12:18:33|00:01:02|wait_forever.c|1917|process_progress_report_msg|-|255|-1|-1|-1|-1|Recieved PROGRESS_REPORT from child '0', loader_opcode = 0, report# 6 at 63853 cur_sample=6, num_rcd=0, num_pge=4, from ip = IPV4:127.0.0.1.20356, testrun number = 0
03/14/16 12:18:33|00:01:02|wait_forever.c|1917|process_progress_report_msg|-|255|-1|-1|-1|-1|Recieved PROGRESS_REPORT from child '2', loader_opcode = 0, report# 6 at 63853 cur_sample=6, num_rcd=1, num_pge=4, from ip = IPV4:127.0.0.1.20360, testrun number = 0
03/14/16 12:18:33|00:01:02|wait_forever.c|1917|process_progress_report_msg|-|255|-1|-1|-1|-1|Recieved PROGRESS_REPORT from child '3', loader_opcode = 0, report# 6 at 63853 cur_sample=6, num_rcd=2, num_pge=4, from ip = IPV4:127.0.0.1.20362, testrun number = 0
03/14/16 12:18:33|00:01:02|wait_forever.c|1917|process_progress_report_msg|-|255|-1|-1|-1|-1|Recieved PROGRESS_REPORT from child '1', loader_opcode = 0, report# 6 at 63853 cur_sample=6, num_rcd=3, num_pge=4, from ip = IPV4:127.0.0.1.20358, testrun number = 0
03/14/16 12:18:43|00:01:12|wait_forever.c|1917|process_progress_report_msg|-|255|-1|-1|-1|-1|Recieved PROGRESS_REPORT from child '0', loader_opcode = 0, report# 7 at 73853 cur_sample=7, num_rcd=0, num_pge=4, from ip = IPV4:127.0.0.1.20356, testrun number = 0
03/14/16 12:18:43|00:01:12|wait_forever.c|1917|process_progress_report_msg|-|255|-1|-1|-1|-1|Recieved PROGRESS_REPORT from child '2', loader_opcode = 0, report# 7 at 73853 cur_sample=7, num_rcd=1, num_pge=4, from ip = IPV4:127.0.0.1.20360, testrun number = 0
03/14/16 12:18:43|00:01:12|wait_forever.c|1917|process_progress_report_msg|-|255|-1|-1|-1|-1|Recieved PROGRESS_REPORT from child '1', loader_opcode = 0, report# 7 at 73853 cur_sample=7, num_rcd=2, num_pge=4, from ip = IPV4:127.0.0.1.20358, testrun number = 0
03/14/16 12:18:43|00:01:12|wait_forever.c|1917|process_progress_report_msg|-|255|-1|-1|-1|-1|Recieved PROGRESS_REPORT from child '3', loader_opcode = 0, report# 7 at 73854 cur_sample=7, num_rcd=3, num_pge=4, from ip = IPV4:127.0.0.1.20362, testrun number = 0
03/14/16 12:18:53|00:01:22|wait_forever.c|1917|process_progress_report_msg|-|255|-1|-1|-1|-1|Recieved PROGRESS_REPORT from child '1', loader_opcode = 0, report# 8 at 83853 cur_sample=8, num_rcd=0, num_pge=4, from ip = IPV4:127.0.0.1.20358, testrun number = 0
03/14/16 12:18:53|00:01:22|wait_forever.c|1917|process_progress_report_msg|-|255|-1|-1|-1|-1|Recieved PROGRESS_REPORT from child '2', loader_opcode = 0, report# 8 at 83853 cur_sample=8, num_rcd=1, num_pge=4, from ip = IPV4:127.0.0.1.20360, testrun number = 0
03/14/16 12:18:53|00:01:22|wait_forever.c|1917|process_progress_report_msg|-|255|-1|-1|-1|-1|Recieved PROGRESS_REPORT from child '0', loader_opcode = 0, report# 8 at 83853 cur_sample=8, num_rcd=2, num_pge=4, from ip = IPV4:127.0.0.1.20356, testrun number = 0
03/14/16 12:18:53|00:01:22|wait_forever.c|1917|process_progress_report_msg|-|255|-1|-1|-1|-1|Recieved PROGRESS_REPORT from child '3', loader_opcode = 0, report# 8 at 83853 cur_sample=8, num_rcd=3, num_pge=4, from ip = IPV4:127.0.0.1.20362, testrun number = 0
03/14/16 12:19:03|00:01:32|wait_forever.c|1917|process_progress_report_msg|-|255|-1|-1|-1|-1|Recieved PROGRESS_REPORT from child '0', loader_opcode = 0, report# 9 at 93853 cur_sample=9, num_rcd=0, num_pge=4, from ip = IPV4:127.0.0.1.20356, testrun number = 0
03/14/16 12:19:03|00:01:32|wait_forever.c|1917|process_progress_report_msg|-|255|-1|-1|-1|-1|Recieved PROGRESS_REPORT from child '2', loader_opcode = 0, report# 9 at 93853 cur_sample=9, num_rcd=1, num_pge=4, from ip = IPV4:127.0.0.1.20360, testrun number = 0
03/14/16 12:19:03|00:01:32|wait_forever.c|1917|process_progress_report_msg|-|255|-1|-1|-1|-1|Recieved PROGRESS_REPORT from child '1', loader_opcode = 0, report# 9 at 93853 cur_sample=9, num_rcd=2, num_pge=4, from ip = IPV4:127.0.0.1.20358, testrun number = 0
03/14/16 12:19:03|00:01:32|wait_forever.c|1917|process_progress_report_msg|-|255|-1|-1|-1|-1|Recieved PROGRESS_REPORT from child '3', loader_opcode = 0, report# 9 at 93853 cur_sample=9, num_rcd=3, num_pge=4, from ip = IPV4:127.0.0.1.20362, testrun number = 0
03/14/16 12:19:13|00:01:42|wait_forever.c|1917|process_progress_report_msg|-|255|-1|-1|-1|-1|Recieved PROGRESS_REPORT from child '2', loader_opcode = 0, report# 10 at 103853 cur_sample=10, num_rcd=0, num_pge=4, from ip = IPV4:127.0.0.1.20360, testrun number = 0
03/14/16 12:19:13|00:01:42|wait_forever.c|1917|process_progress_report_msg|-|255|-1|-1|-1|-1|Recieved PROGRESS_REPORT from child '0', loader_opcode = 0, report# 10 at 103853 cur_sample=10, num_rcd=1, num_pge=4, from ip = IPV4:127.0.0.1.20356, testrun number = 0
03/14/16 12:19:13|00:01:42|wait_forever.c|1917|process_progress_report_msg|-|255|-1|-1|-1|-1|Recieved PROGRESS_REPORT from child '1', loader_opcode = 0, report# 10 at 103853 cur_sample=10, num_rcd=2, num_pge=4, from ip = IPV4:127.0.0.1.20358, testrun number = 0
03/14/16 12:19:13|00:01:42|wait_forever.c|1917|process_progress_report_msg|-|255|-1|-1|-1|-1|Recieved PROGRESS_REPORT from child '3', loader_opcode = 0, report# 10 at 103853 cur_sample=10, num_rcd=3, num_pge=4, from ip = IPV4:127.0.0.1.20362, testrun number = 0
03/14/16 12:19:23|00:01:52|wait_forever.c|1917|process_progress_report_msg|-|255|-1|-1|-1|-1|Recieved PROGRESS_REPORT from child '1', loader_opcode = 0, report# 11 at 113853 cur_sample=11, num_rcd=0, num_pge=4, from ip = IPV4:127.0.0.1.20358, testrun number = 0
03/14/16 12:19:23|00:01:52|wait_forever.c|1917|process_progress_report_msg|-|255|-1|-1|-1|-1|Recieved PROGRESS_REPORT from child '3', loader_opcode = 0, report# 11 at 113853 cur_sample=11, num_rcd=1, num_pge=4, from ip = IPV4:127.0.0.1.20362, testrun number = 0
03/14/16 12:19:23|00:01:52|wait_forever.c|1917|process_progress_report_msg|-|255|-1|-1|-1|-1|Recieved PROGRESS_REPORT from child '2', loader_opcode = 0, report# 11 at 113853 cur_sample=11, num_rcd=2, num_pge=4, from ip = IPV4:127.0.0.1.20360, testrun number = 0
03/14/16 12:19:23|00:01:52|wait_forever.c|1917|process_progress_report_msg|-|255|-1|-1|-1|-1|Recieved PROGRESS_REPORT from child '0', loader_opcode = 0, report# 11 at 113854 cur_sample=11, num_rcd=3, num_pge=4, from ip = IPV4:127.0.0.1.20356, testrun number = 0
03/14/16 12:19:33|00:02:02|wait_forever.c|1917|process_progress_report_msg|-|255|-1|-1|-1|-1|Recieved PROGRESS_REPORT from child '0', loader_opcode = 0, report# 12 at 123853 cur_sample=12, num_rcd=0, num_pge=4, from ip = IPV4:127.0.0.1.20356, testrun number = 0
03/14/16 12:19:33|00:02:02|wait_forever.c|1917|process_progress_report_msg|-|255|-1|-1|-1|-1|Recieved PROGRESS_REPORT from child '2', loader_opcode = 0, report# 12 at 123853 cur_sample=12, num_rcd=1, num_pge=4, from ip = IPV4:127.0.0.1.20360, testrun number = 0
03/14/16 12:19:33|00:02:02|wait_forever.c|1917|process_progress_report_msg|-|255|-1|-1|-1|-1|Recieved PROGRESS_REPORT from child '1', loader_opcode = 0, report# 12 at 123854 cur_sample=12, num_rcd=2, num_pge=4, from ip = IPV4:127.0.0.1.20358, testrun number = 0
03/14/16 12:19:33|00:02:02|wait_forever.c|1917|process_progress_report_msg|-|255|-1|-1|-1|-1|Recieved PROGRESS_REPORT from child '3', loader_opcode = 0, report# 12 at 123854 cur_sample=12, num_rcd=3, num_pge=4, from ip = IPV4:127.0.0.1.20362, testrun number = 0
03/14/16 12:19:43|00:02:12|wait_forever.c|1917|process_progress_report_msg|-|255|-1|-1|-1|-1|Recieved PROGRESS_REPORT from child '1', loader_opcode = 0, report# 13 at 133853 cur_sample=13, num_rcd=0, num_pge=4, from ip = IPV4:127.0.0.1.20358, testrun number = 0
03/14/16 12:19:43|00:02:12|wait_forever.c|1917|process_progress_report_msg|-|255|-1|-1|-1|-1|Recieved PROGRESS_REPORT from child '2', loader_opcode = 0, report# 13 at 133853 cur_sample=13, num_rcd=1, num_pge=4, from ip = IPV4:127.0.0.1.20360, testrun number = 0
03/14/16 12:19:43|00:02:12|wait_forever.c|1917|process_progress_report_msg|-|255|-1|-1|-1|-1|Recieved PROGRESS_REPORT from child '0', loader_opcode = 0, report# 13 at 133853 cur_sample=13, num_rcd=2, num_pge=4, from ip = IPV4:127.0.0.1.20356, testrun number = 0
03/14/16 12:19:43|00:02:12|wait_forever.c|1917|process_progress_report_msg|-|255|-1|-1|-1|-1|Recieved PROGRESS_REPORT from child '3', loader_opcode = 0, report# 13 at 133853 cur_sample=13, num_rcd=3, num_pge=4, from ip = IPV4:127.0.0.1.20362, testrun number = 0
03/14/16 12:19:53|00:02:22|wait_forever.c|1917|process_progress_report_msg|-|255|-1|-1|-1|-1|Recieved PROGRESS_REPORT from child '1', loader_opcode = 0, report# 14 at 143853 cur_sample=14, num_rcd=0, num_pge=4, from ip = IPV4:127.0.0.1.20358, testrun number = 0
03/14/16 12:19:53|00:02:22|wait_forever.c|1917|process_progress_report_msg|-|255|-1|-1|-1|-1|Recieved PROGRESS_REPORT from child '2', loader_opcode = 0, report# 14 at 143853 cur_sample=14, num_rcd=1, num_pge=4, from ip = IPV4:127.0.0.1.20360, testrun number = 0
03/14/16 12:19:53|00:02:22|wait_forever.c|1917|process_progress_report_msg|-|255|-1|-1|-1|-1|Recieved PROGRESS_REPORT from child '0', loader_opcode = 0, report# 14 at 143853 cur_sample=14, num_rcd=2, num_pge=4, from ip = IPV4:127.0.0.1.20356, testrun number = 0
03/14/16 12:19:53|00:02:22|wait_forever.c|1917|process_progress_report_msg|-|255|-1|-1|-1|-1|Recieved PROGRESS_REPORT from child '3', loader_opcode = 0, report# 14 at 143853 cur_sample=14, num_rcd=3, num_pge=4, from ip = IPV4:127.0.0.1.20362, testrun number = 0
03/14/16 12:20:03|00:02:32|wait_forever.c|1917|process_progress_report_msg|-|255|-1|-1|-1|-1|Recieved PROGRESS_REPORT from child '0', loader_opcode = 0, report# 15 at 153853 cur_sample=15, num_rcd=0, num_pge=4, from ip = IPV4:127.0.0.1.20356, testrun number = 0
03/14/16 12:20:03|00:02:32|wait_forever.c|1917|process_progress_report_msg|-|255|-1|-1|-1|-1|Recieved PROGRESS_REPORT from child '2', loader_opcode = 0, report# 15 at 153853 cur_sample=15, num_rcd=1, num_pge=4, from ip = IPV4:127.0.0.1.20360, testrun number = 0
03/14/16 12:20:03|00:02:32|wait_forever.c|1917|process_progress_report_msg|-|255|-1|-1|-1|-1|Recieved PROGRESS_REPORT from child '1', loader_opcode = 0, report# 15 at 153853 cur_sample=15, num_rcd=2, num_pge=4, from ip = IPV4:127.0.0.1.20358, testrun number = 0
03/14/16 12:20:03|00:02:32|wait_forever.c|1917|process_progress_report_msg|-|255|-1|-1|-1|-1|Recieved PROGRESS_REPORT from child '3', loader_opcode = 0, report# 15 at 153853 cur_sample=15, num_rcd=3, num_pge=4, from ip = IPV4:127.0.0.1.20362, testrun number = 0
03/14/16 12:20:13|00:02:42|wait_forever.c|1917|process_progress_report_msg|-|255|-1|-1|-1|-1|Recieved PROGRESS_REPORT from child '0', loader_opcode = 0, report# 16 at 163853 cur_sample=16, num_rcd=0, num_pge=4, from ip = IPV4:127.0.0.1.20356, testrun number = 0
03/14/16 12:20:13|00:02:42|wait_forever.c|1917|process_progress_report_msg|-|255|-1|-1|-1|-1|Recieved PROGRESS_REPORT from child '1', loader_opcode = 0, report# 16 at 163853 cur_sample=16, num_rcd=1, num_pge=4, from ip = IPV4:127.0.0.1.20358, testrun number = 0
03/14/16 12:20:13|00:02:42|wait_forever.c|1917|process_progress_report_msg|-|255|-1|-1|-1|-1|Recieved PROGRESS_REPORT from child '3', loader_opcode = 0, report# 16 at 163853 cur_sample=16, num_rcd=2, num_pge=4, from ip = IPV4:127.0.0.1.20362, testrun number = 0
03/14/16 12:20:13|00:02:42|wait_forever.c|1917|process_progress_report_msg|-|255|-1|-1|-1|-1|Recieved PROGRESS_REPORT from child '2', loader_opcode = 0, report# 16 at 163854 cur_sample=16, num_rcd=3, num_pge=4, from ip = IPV4:127.0.0.1.20360, testrun number = 0
03/14/16 12:20:23|00:02:52|wait_forever.c|1917|process_progress_report_msg|-|255|-1|-1|-1|-1|Recieved PROGRESS_REPORT from child '3', loader_opcode = 0, report# 17 at 173853 cur_sample=17, num_rcd=0, num_pge=4, from ip = IPV4:127.0.0.1.20362, testrun number = 0
03/14/16 12:20:23|00:02:52|wait_forever.c|1917|process_progress_report_msg|-|255|-1|-1|-1|-1|Recieved PROGRESS_REPORT from child '2', loader_opcode = 0, report# 17 at 173853 cur_sample=17, num_rcd=1, num_pge=4, from ip = IPV4:127.0.0.1.20360, testrun number = 0
03/14/16 12:20:23|00:02:52|wait_forever.c|1917|process_progress_report_msg|-|255|-1|-1|-1|-1|Recieved PROGRESS_REPORT from child '1', loader_opcode = 0, report# 17 at 173853 cur_sample=17, num_rcd=2, num_pge=4, from ip = IPV4:127.0.0.1.20358, testrun number = 0
03/14/16 12:20:23|00:02:52|wait_forever.c|1917|process_progress_report_msg|-|255|-1|-1|-1|-1|Recieved PROGRESS_REPORT from child '0', loader_opcode = 0, report# 17 at 173854 cur_sample=17, num_rcd=3, num_pge=4, from ip = IPV4:127.0.0.1.20356, testrun number = 0
03/14/16 12:20:33|00:03:02|wait_forever.c|1917|process_progress_report_msg|-|255|-1|-1|-1|-1|Recieved PROGRESS_REPORT from child '0', loader_opcode = 0, report# 18 at 183853 cur_sample=18, num_rcd=0, num_pge=4, from ip = IPV4:127.0.0.1.20356, testrun number = 0
03/14/16 12:20:33|00:03:02|wait_forever.c|1917|process_progress_report_msg|-|255|-1|-1|-1|-1|Recieved PROGRESS_REPORT from child '2', loader_opcode = 0, report# 18 at 183853 cur_sample=18, num_rcd=1, num_pge=4, from ip = IPV4:127.0.0.1.20360, testrun number = 0
03/14/16 12:20:33|00:03:02|wait_forever.c|1917|process_progress_report_msg|-|255|-1|-1|-1|-1|Recieved PROGRESS_REPORT from child '3', loader_opcode = 0, report# 18 at 183853 cur_sample=18, num_rcd=2, num_pge=4, from ip = IPV4:127.0.0.1.20362, testrun number = 0
03/14/16 12:20:33|00:03:02|wait_forever.c|1917|process_progress_report_msg|-|255|-1|-1|-1|-1|Recieved PROGRESS_REPORT from child '1', loader_opcode = 0, report# 18 at 183853 cur_sample=18, num_rcd=3, num_pge=4, from ip = IPV4:127.0.0.1.20358, testrun number = 0
03/14/16 12:20:33|00:03:02|wait_forever.c|839|process_phase_complete_msg|-|255|-1|-1|-1|-1|Received phase complete message for grp idx = -1 phase completed phase idx = 3, child/generator id = 0
03/14/16 12:20:33|00:03:02|wait_forever.c|839|process_phase_complete_msg|-|255|-1|-1|-1|-1|Received phase complete message for grp idx = -1 phase completed phase idx = 3, child/generator id = 1
03/14/16 12:20:33|00:03:02|wait_forever.c|839|process_phase_complete_msg|-|255|-1|-1|-1|-1|Received phase complete message for grp idx = -1 phase completed phase idx = 3, child/generator id = 3
03/14/16 12:20:33|00:03:02|wait_forever.c|839|process_phase_complete_msg|-|255|-1|-1|-1|-1|Received phase complete message for grp idx = -1 phase completed phase idx = 3, child/generator id = 2
03/14/16 12:20:33|00:03:02|wait_forever.c|839|process_phase_complete_msg|-|255|-1|-1|-1|-1|Received phase complete message for grp idx = -1 phase completed phase idx = 4, child/generator id = 0
03/14/16 12:20:33|00:03:02|wait_forever.c|839|process_phase_complete_msg|-|255|-1|-1|-1|-1|Received phase complete message for grp idx = -1 phase completed phase idx = 4, child/generator id = 2
03/14/16 12:20:33|00:03:02|wait_forever.c|839|process_phase_complete_msg|-|255|-1|-1|-1|-1|Received phase complete message for grp idx = -1 phase completed phase idx = 4, child/generator id = 3
03/14/16 12:20:33|00:03:02|wait_forever.c|839|process_phase_complete_msg|-|255|-1|-1|-1|-1|Received phase complete message for grp idx = -1 phase completed phase idx = 4, child/generator id = 1
03/14/16 12:20:33|00:03:02|wait_forever.c|1917|process_progress_report_msg|-|255|-1|-1|-1|-1|Recieved PROGRESS_REPORT from child '3', loader_opcode = 0, report# 19 at 183939 cur_sample=19, num_rcd=0, num_pge=4, from ip = IPV4:127.0.0.1.20362, testrun number = 0
03/14/16 12:20:33|00:03:02|wait_forever.c|1917|process_progress_report_msg|-|255|-1|-1|-1|-1|Recieved PROGRESS_REPORT from child '2', loader_opcode = 0, report# 19 at 183940 cur_sample=19, num_rcd=1, num_pge=4, from ip = IPV4:127.0.0.1.20360, testrun number = 0
03/14/16 12:20:33|00:03:02|wait_forever.c|1917|process_progress_report_msg|-|255|-1|-1|-1|-1|Recieved PROGRESS_REPORT from child '1', loader_opcode = 0, report# 19 at 183942 cur_sample=19, num_rcd=2, num_pge=4, from ip = IPV4:127.0.0.1.20358, testrun number = 0
03/14/16 12:20:33|00:03:02|wait_forever.c|1917|process_progress_report_msg|-|255|-1|-1|-1|-1|Recieved PROGRESS_REPORT from child '0', loader_opcode = 0, report# 19 at 183943 cur_sample=19, num_rcd=3, num_pge=4, from ip = IPV4:127.0.0.1.20356, testrun number = 0
03/14/16 12:20:34|00:03:03|wait_forever.c|1744|process_finish_report_msg|-|255|-1|-1|-1|-1|Recieved FINISH_REPORT msg from the child_id = 1, num_active = 3, loader_opcode = 0, from ip = IPV4:127.0.0.1.20358
03/14/16 12:20:34|00:03:03|ns_msg_com_util.c|975|close_msg_com_con|-|255|-1|-1|-1|-1|Closing connection for sock 'fd = 32, IP = IPV4:127.0.0.1.20358, State = 0x0'
03/14/16 12:20:34|00:03:03|wait_forever.c|1744|process_finish_report_msg|-|255|-1|-1|-1|-1|Recieved FINISH_REPORT msg from the child_id = 0, num_active = 2, loader_opcode = 0, from ip = IPV4:127.0.0.1.20356
03/14/16 12:20:34|00:03:03|ns_msg_com_util.c|975|close_msg_com_con|-|255|-1|-1|-1|-1|Closing connection for sock 'fd = 31, IP = IPV4:127.0.0.1.20356, State = 0x0'
03/14/16 12:20:35|00:03:04|wait_forever.c|1744|process_finish_report_msg|-|255|-1|-1|-1|-1|Recieved FINISH_REPORT msg from the child_id = 3, num_active = 1, loader_opcode = 0, from ip = IPV4:127.0.0.1.20362
03/14/16 12:20:35|00:03:04|ns_msg_com_util.c|975|close_msg_com_con|-|255|-1|-1|-1|-1|Closing connection for sock 'fd = 34, IP = IPV4:127.0.0.1.20362, State = 0x0'
03/14/16 12:20:35|00:03:04|wait_forever.c|1744|process_finish_report_msg|-|255|-1|-1|-1|-1|Recieved FINISH_REPORT msg from the child_id = 2, num_active = 0, loader_opcode = 0, from ip = IPV4:127.0.0.1.20360
03/14/16 12:20:35|00:03:04|ns_msg_com_util.c|975|close_msg_com_con|-|255|-1|-1|-1|-1|Closing connection for sock 'fd = 33, IP = IPV4:127.0.0.1.20360, State = 0x0'
03/14/16 12:20:35|00:03:04|wait_forever.c|1837|process_finish_report_msg|-|255|-1|-1|-1|-1|Recieved FINISH_REPORT msg from all child/clients