Absolute Time Stamp|Relative Time Stamp|File|Line|Function|Group|Parent/Child|User Index|Session Instance|Page|Instance|Logs
07/28/15 18:42:30|00:00:02|ns_gdf.c|2878|create_testrun_gdf|-|255|-1|-1|-1|-1|Going to fill gdf '/home/netstorm/work/logs/TR6547/testrun.gdf' from '/tmp/6547_tmp.gdf' test_run_gdf_count = 0.
07/28/15 18:42:30|00:00:02|ns_event_log.c|432|init_event_logger|-|255|-1|-1|-1|-1|Main thread Recovery data initialized withMAX_RECOVERY_COUNT = 10000, RESTART_TIME_THRESHOLD_IN_SEC = 900
07/28/15 18:42:30|00:00:02|ns_event_log.c|474|init_event_logger|-|255|-1|-1|-1|-1|Main thread, nsa log manager is not running. Recovering nsa_log_mgr.
07/28/15 18:42:31|00:00:02|logging.c|497|open_dlog_file_in_append_mode|-|255|-1|-1|-1|-1|Opening dlog file by parent at init or at partition switch time.
07/28/15 18:42:32|00:00:03|ns_session.c|93|init_sess_inst_start_num|-|255|-1|-1|-1|-1|Initializing sess_inst_num to 0, sess_inst_num = 49554748.
07/28/15 18:42:34|00:00:02|ns_summary_rpt.c|397|close_srfp_html|-|255|-1|-1|-1|-1|Closing srfp_html
07/28/15 18:42:34|00:00:02|ns_summary_rpt.c|397|close_srfp_html|-|255|-1|-1|-1|-1|Closing srfp_html
07/28/15 18:42:34|00:00:02|ns_summary_rpt.c|397|close_srfp_html|-|255|-1|-1|-1|-1|Closing srfp_html
07/28/15 18:42:34|00:00:02|ns_child.c|323|calculate_child_epoll_timeout|-|0|-1|-1|-1|-1|No timeout pending for NVM (0). Using infinite time in epoll_wait().
07/28/15 18:42:34|00:00:02|wait_forever.c|1208|process_start_msg_by_client|-|255|-1|-1|-1|-1|Received START_MSG_BY_CLIENT from client id = 0, testrun number = 6547, fd = 36, IP = IPV4:127.0.0.1.27093, State = 0x0, Connection = PARENT_TO_NVM
07/28/15 18:42:34|00:00:02|wait_forever.c|1208|process_start_msg_by_client|-|255|-1|-1|-1|-1|Received START_MSG_BY_CLIENT from client id = 1, testrun number = 6547, fd = 37, IP = IPV4:127.0.0.1.27095, State = 0x0, Connection = PARENT_TO_NVM
07/28/15 18:42:34|00:00:02|ns_child.c|323|calculate_child_epoll_timeout|-|1|-1|-1|-1|-1|No timeout pending for NVM (1). Using infinite time in epoll_wait().
07/28/15 18:42:34|00:00:02|wait_forever.c|1208|process_start_msg_by_client|-|255|-1|-1|-1|-1|Received START_MSG_BY_CLIENT from client id = 2, testrun number = 6547, fd = 38, IP = IPV4:127.0.0.1.27097, State = 0x0, Connection = PARENT_TO_NVM
07/28/15 18:42:34|00:00:02|ns_child.c|323|calculate_child_epoll_timeout|-|2|-1|-1|-1|-1|No timeout pending for NVM (2). Using infinite time in epoll_wait().
07/28/15 18:42:44|00:00:12|wait_forever.c|1121|process_phase_complete_msg|-|255|-1|-1|-1|-1|Received phase complete message for grp idx = -1 phase completed phase idx = 0, child/generator id = 0, num children/generator = 3
07/28/15 18:42:44|00:00:12|wait_forever.c|2229|process_progress_report_msg|-|255|-1|-1|-1|-1|Recieved PROGRESS_REPORT from child '0', loader_opcode = 0, report# 1 at 15909 cur_sample=1, num_rcd=0, num_pge=3, from ip = IPV4:127.0.0.1.27093, testrun number = 0
07/28/15 18:42:44|00:00:12|wait_forever.c|1121|process_phase_complete_msg|-|255|-1|-1|-1|-1|Received phase complete message for grp idx = -1 phase completed phase idx = 0, child/generator id = 1, num children/generator = 3
07/28/15 18:42:44|00:00:12|wait_forever.c|2229|process_progress_report_msg|-|255|-1|-1|-1|-1|Recieved PROGRESS_REPORT from child '1', loader_opcode = 0, report# 1 at 15919 cur_sample=1, num_rcd=1, num_pge=3, from ip = IPV4:127.0.0.1.27095, testrun number = 0
07/28/15 18:42:44|00:00:12|wait_forever.c|1121|process_phase_complete_msg|-|255|-1|-1|-1|-1|Received phase complete message for grp idx = -1 phase completed phase idx = 0, child/generator id = 2, num children/generator = 3
07/28/15 18:42:44|00:00:12|wait_forever.c|2229|process_progress_report_msg|-|255|-1|-1|-1|-1|Recieved PROGRESS_REPORT from child '2', loader_opcode = 0, report# 1 at 15919 cur_sample=1, num_rcd=2, num_pge=3, from ip = IPV4:127.0.0.1.27097, testrun number = 0
07/28/15 18:42:54|00:00:22|wait_forever.c|2229|process_progress_report_msg|-|255|-1|-1|-1|-1|Recieved PROGRESS_REPORT from child '1', loader_opcode = 0, report# 2 at 25908 cur_sample=2, num_rcd=0, num_pge=3, from ip = IPV4:127.0.0.1.27095, testrun number = 0
07/28/15 18:42:54|00:00:22|wait_forever.c|2229|process_progress_report_msg|-|255|-1|-1|-1|-1|Recieved PROGRESS_REPORT from child '2', loader_opcode = 0, report# 2 at 25908 cur_sample=2, num_rcd=1, num_pge=3, from ip = IPV4:127.0.0.1.27097, testrun number = 0
07/28/15 18:42:54|00:00:22|wait_forever.c|2229|process_progress_report_msg|-|255|-1|-1|-1|-1|Recieved PROGRESS_REPORT from child '0', loader_opcode = 0, report# 2 at 25909 cur_sample=2, num_rcd=2, num_pge=3, from ip = IPV4:127.0.0.1.27093, testrun number = 0
07/28/15 18:43:04|00:00:32|wait_forever.c|2229|process_progress_report_msg|-|255|-1|-1|-1|-1|Recieved PROGRESS_REPORT from child '1', loader_opcode = 0, report# 3 at 35908 cur_sample=3, num_rcd=0, num_pge=3, from ip = IPV4:127.0.0.1.27095, testrun number = 0
07/28/15 18:43:04|00:00:32|wait_forever.c|2229|process_progress_report_msg|-|255|-1|-1|-1|-1|Recieved PROGRESS_REPORT from child '2', loader_opcode = 0, report# 3 at 35909 cur_sample=3, num_rcd=1, num_pge=3, from ip = IPV4:127.0.0.1.27097, testrun number = 0
07/28/15 18:43:04|00:00:32|wait_forever.c|2229|process_progress_report_msg|-|255|-1|-1|-1|-1|Recieved PROGRESS_REPORT from child '0', loader_opcode = 0, report# 3 at 35909 cur_sample=3, num_rcd=2, num_pge=3, from ip = IPV4:127.0.0.1.27093, testrun number = 0
07/28/15 18:43:14|00:00:42|wait_forever.c|2229|process_progress_report_msg|-|255|-1|-1|-1|-1|Recieved PROGRESS_REPORT from child '2', loader_opcode = 0, report# 4 at 45908 cur_sample=4, num_rcd=0, num_pge=3, from ip = IPV4:127.0.0.1.27097, testrun number = 0
07/28/15 18:43:14|00:00:42|wait_forever.c|2229|process_progress_report_msg|-|255|-1|-1|-1|-1|Recieved PROGRESS_REPORT from child '0', loader_opcode = 0, report# 4 at 45908 cur_sample=4, num_rcd=1, num_pge=3, from ip = IPV4:127.0.0.1.27093, testrun number = 0
07/28/15 18:43:14|00:00:42|wait_forever.c|2229|process_progress_report_msg|-|255|-1|-1|-1|-1|Recieved PROGRESS_REPORT from child '1', loader_opcode = 0, report# 4 at 45908 cur_sample=4, num_rcd=2, num_pge=3, from ip = IPV4:127.0.0.1.27095, testrun number = 0
07/28/15 18:43:24|00:00:52|wait_forever.c|2229|process_progress_report_msg|-|255|-1|-1|-1|-1|Recieved PROGRESS_REPORT from child '2', loader_opcode = 0, report# 5 at 55908 cur_sample=5, num_rcd=0, num_pge=3, from ip = IPV4:127.0.0.1.27097, testrun number = 0
07/28/15 18:43:24|00:00:52|wait_forever.c|2229|process_progress_report_msg|-|255|-1|-1|-1|-1|Recieved PROGRESS_REPORT from child '0', loader_opcode = 0, report# 5 at 55908 cur_sample=5, num_rcd=1, num_pge=3, from ip = IPV4:127.0.0.1.27093, testrun number = 0
07/28/15 18:43:24|00:00:52|wait_forever.c|2229|process_progress_report_msg|-|255|-1|-1|-1|-1|Recieved PROGRESS_REPORT from child '1', loader_opcode = 0, report# 5 at 55908 cur_sample=5, num_rcd=2, num_pge=3, from ip = IPV4:127.0.0.1.27095, testrun number = 0
07/28/15 18:43:34|00:01:02|wait_forever.c|2229|process_progress_report_msg|-|255|-1|-1|-1|-1|Recieved PROGRESS_REPORT from child '2', loader_opcode = 0, report# 6 at 65908 cur_sample=6, num_rcd=0, num_pge=3, from ip = IPV4:127.0.0.1.27097, testrun number = 0
07/28/15 18:43:34|00:01:02|wait_forever.c|2229|process_progress_report_msg|-|255|-1|-1|-1|-1|Recieved PROGRESS_REPORT from child '1', loader_opcode = 0, report# 6 at 65908 cur_sample=6, num_rcd=1, num_pge=3, from ip = IPV4:127.0.0.1.27095, testrun number = 0
07/28/15 18:43:34|00:01:02|wait_forever.c|2229|process_progress_report_msg|-|255|-1|-1|-1|-1|Recieved PROGRESS_REPORT from child '0', loader_opcode = 0, report# 6 at 65909 cur_sample=6, num_rcd=2, num_pge=3, from ip = IPV4:127.0.0.1.27093, testrun number = 0
07/28/15 18:43:44|00:01:12|wait_forever.c|2229|process_progress_report_msg|-|255|-1|-1|-1|-1|Recieved PROGRESS_REPORT from child '2', loader_opcode = 0, report# 7 at 75908 cur_sample=7, num_rcd=0, num_pge=3, from ip = IPV4:127.0.0.1.27097, testrun number = 0
07/28/15 18:43:44|00:01:12|wait_forever.c|2229|process_progress_report_msg|-|255|-1|-1|-1|-1|Recieved PROGRESS_REPORT from child '1', loader_opcode = 0, report# 7 at 75908 cur_sample=7, num_rcd=1, num_pge=3, from ip = IPV4:127.0.0.1.27095, testrun number = 0
07/28/15 18:43:44|00:01:12|wait_forever.c|2229|process_progress_report_msg|-|255|-1|-1|-1|-1|Recieved PROGRESS_REPORT from child '0', loader_opcode = 0, report# 7 at 75909 cur_sample=7, num_rcd=2, num_pge=3, from ip = IPV4:127.0.0.1.27093, testrun number = 0
07/28/15 18:43:54|00:01:22|wait_forever.c|2229|process_progress_report_msg|-|255|-1|-1|-1|-1|Recieved PROGRESS_REPORT from child '2', loader_opcode = 0, report# 8 at 85908 cur_sample=8, num_rcd=0, num_pge=3, from ip = IPV4:127.0.0.1.27097, testrun number = 0
07/28/15 18:43:54|00:01:22|wait_forever.c|2229|process_progress_report_msg|-|255|-1|-1|-1|-1|Recieved PROGRESS_REPORT from child '1', loader_opcode = 0, report# 8 at 85908 cur_sample=8, num_rcd=1, num_pge=3, from ip = IPV4:127.0.0.1.27095, testrun number = 0
07/28/15 18:43:54|00:01:22|wait_forever.c|2229|process_progress_report_msg|-|255|-1|-1|-1|-1|Recieved PROGRESS_REPORT from child '0', loader_opcode = 0, report# 8 at 85908 cur_sample=8, num_rcd=2, num_pge=3, from ip = IPV4:127.0.0.1.27093, testrun number = 0
07/28/15 18:44:04|00:01:32|wait_forever.c|2229|process_progress_report_msg|-|255|-1|-1|-1|-1|Recieved PROGRESS_REPORT from child '2', loader_opcode = 0, report# 9 at 95908 cur_sample=9, num_rcd=0, num_pge=3, from ip = IPV4:127.0.0.1.27097, testrun number = 0
07/28/15 18:44:04|00:01:32|wait_forever.c|2229|process_progress_report_msg|-|255|-1|-1|-1|-1|Recieved PROGRESS_REPORT from child '1', loader_opcode = 0, report# 9 at 95908 cur_sample=9, num_rcd=1, num_pge=3, from ip = IPV4:127.0.0.1.27095, testrun number = 0
07/28/15 18:44:04|00:01:32|wait_forever.c|2229|process_progress_report_msg|-|255|-1|-1|-1|-1|Recieved PROGRESS_REPORT from child '0', loader_opcode = 0, report# 9 at 95909 cur_sample=9, num_rcd=2, num_pge=3, from ip = IPV4:127.0.0.1.27093, testrun number = 0
07/28/15 18:44:14|00:01:42|wait_forever.c|2229|process_progress_report_msg|-|255|-1|-1|-1|-1|Recieved PROGRESS_REPORT from child '2', loader_opcode = 0, report# 10 at 105908 cur_sample=10, num_rcd=0, num_pge=3, from ip = IPV4:127.0.0.1.27097, testrun number = 0
07/28/15 18:44:14|00:01:42|wait_forever.c|2229|process_progress_report_msg|-|255|-1|-1|-1|-1|Recieved PROGRESS_REPORT from child '0', loader_opcode = 0, report# 10 at 105908 cur_sample=10, num_rcd=1, num_pge=3, from ip = IPV4:127.0.0.1.27093, testrun number = 0
07/28/15 18:44:14|00:01:42|wait_forever.c|2229|process_progress_report_msg|-|255|-1|-1|-1|-1|Recieved PROGRESS_REPORT from child '1', loader_opcode = 0, report# 10 at 105908 cur_sample=10, num_rcd=2, num_pge=3, from ip = IPV4:127.0.0.1.27095, testrun number = 0
07/28/15 18:44:24|00:01:52|wait_forever.c|2229|process_progress_report_msg|-|255|-1|-1|-1|-1|Recieved PROGRESS_REPORT from child '2', loader_opcode = 0, report# 11 at 115908 cur_sample=11, num_rcd=0, num_pge=3, from ip = IPV4:127.0.0.1.27097, testrun number = 0
07/28/15 18:44:24|00:01:52|wait_forever.c|2229|process_progress_report_msg|-|255|-1|-1|-1|-1|Recieved PROGRESS_REPORT from child '1', loader_opcode = 0, report# 11 at 115908 cur_sample=11, num_rcd=1, num_pge=3, from ip = IPV4:127.0.0.1.27095, testrun number = 0
07/28/15 18:44:24|00:01:52|wait_forever.c|2229|process_progress_report_msg|-|255|-1|-1|-1|-1|Recieved PROGRESS_REPORT from child '0', loader_opcode = 0, report# 11 at 115909 cur_sample=11, num_rcd=2, num_pge=3, from ip = IPV4:127.0.0.1.27093, testrun number = 0
07/28/15 18:44:34|00:02:02|wait_forever.c|2229|process_progress_report_msg|-|255|-1|-1|-1|-1|Recieved PROGRESS_REPORT from child '1', loader_opcode = 0, report# 12 at 125908 cur_sample=12, num_rcd=0, num_pge=3, from ip = IPV4:127.0.0.1.27095, testrun number = 0
07/28/15 18:44:34|00:02:02|wait_forever.c|2229|process_progress_report_msg|-|255|-1|-1|-1|-1|Recieved PROGRESS_REPORT from child '2', loader_opcode = 0, report# 12 at 125908 cur_sample=12, num_rcd=1, num_pge=3, from ip = IPV4:127.0.0.1.27097, testrun number = 0
07/28/15 18:44:34|00:02:02|wait_forever.c|2229|process_progress_report_msg|-|255|-1|-1|-1|-1|Recieved PROGRESS_REPORT from child '0', loader_opcode = 0, report# 12 at 125909 cur_sample=12, num_rcd=2, num_pge=3, from ip = IPV4:127.0.0.1.27093, testrun number = 0
07/28/15 18:44:44|00:02:12|wait_forever.c|2229|process_progress_report_msg|-|255|-1|-1|-1|-1|Recieved PROGRESS_REPORT from child '0', loader_opcode = 0, report# 13 at 135908 cur_sample=13, num_rcd=0, num_pge=3, from ip = IPV4:127.0.0.1.27093, testrun number = 0
07/28/15 18:44:44|00:02:12|wait_forever.c|2229|process_progress_report_msg|-|255|-1|-1|-1|-1|Recieved PROGRESS_REPORT from child '2', loader_opcode = 0, report# 13 at 135908 cur_sample=13, num_rcd=1, num_pge=3, from ip = IPV4:127.0.0.1.27097, testrun number = 0
07/28/15 18:44:44|00:02:12|wait_forever.c|2229|process_progress_report_msg|-|255|-1|-1|-1|-1|Recieved PROGRESS_REPORT from child '1', loader_opcode = 0, report# 13 at 135908 cur_sample=13, num_rcd=2, num_pge=3, from ip = IPV4:127.0.0.1.27095, testrun number = 0
07/28/15 18:44:54|00:02:22|wait_forever.c|2229|process_progress_report_msg|-|255|-1|-1|-1|-1|Recieved PROGRESS_REPORT from child '2', loader_opcode = 0, report# 14 at 145908 cur_sample=14, num_rcd=0, num_pge=3, from ip = IPV4:127.0.0.1.27097, testrun number = 0
07/28/15 18:44:54|00:02:22|wait_forever.c|2229|process_progress_report_msg|-|255|-1|-1|-1|-1|Recieved PROGRESS_REPORT from child '1', loader_opcode = 0, report# 14 at 145908 cur_sample=14, num_rcd=1, num_pge=3, from ip = IPV4:127.0.0.1.27095, testrun number = 0
07/28/15 18:44:54|00:02:22|wait_forever.c|2229|process_progress_report_msg|-|255|-1|-1|-1|-1|Recieved PROGRESS_REPORT from child '0', loader_opcode = 0, report# 14 at 145908 cur_sample=14, num_rcd=2, num_pge=3, from ip = IPV4:127.0.0.1.27093, testrun number = 0
07/28/15 18:45:04|00:02:32|wait_forever.c|2229|process_progress_report_msg|-|255|-1|-1|-1|-1|Recieved PROGRESS_REPORT from child '0', loader_opcode = 0, report# 15 at 155908 cur_sample=15, num_rcd=0, num_pge=3, from ip = IPV4:127.0.0.1.27093, testrun number = 0
07/28/15 18:45:04|00:02:32|wait_forever.c|2229|process_progress_report_msg|-|255|-1|-1|-1|-1|Recieved PROGRESS_REPORT from child '1', loader_opcode = 0, report# 15 at 155908 cur_sample=15, num_rcd=1, num_pge=3, from ip = IPV4:127.0.0.1.27095, testrun number = 0
07/28/15 18:45:04|00:02:32|wait_forever.c|2229|process_progress_report_msg|-|255|-1|-1|-1|-1|Recieved PROGRESS_REPORT from child '2', loader_opcode = 0, report# 15 at 155909 cur_sample=15, num_rcd=2, num_pge=3, from ip = IPV4:127.0.0.1.27097, testrun number = 0
07/28/15 18:45:14|00:02:42|wait_forever.c|2229|process_progress_report_msg|-|255|-1|-1|-1|-1|Recieved PROGRESS_REPORT from child '1', loader_opcode = 0, report# 16 at 165908 cur_sample=16, num_rcd=0, num_pge=3, from ip = IPV4:127.0.0.1.27095, testrun number = 0
07/28/15 18:45:14|00:02:42|wait_forever.c|2229|process_progress_report_msg|-|255|-1|-1|-1|-1|Recieved PROGRESS_REPORT from child '2', loader_opcode = 0, report# 16 at 165908 cur_sample=16, num_rcd=1, num_pge=3, from ip = IPV4:127.0.0.1.27097, testrun number = 0
07/28/15 18:45:14|00:02:42|wait_forever.c|2229|process_progress_report_msg|-|255|-1|-1|-1|-1|Recieved PROGRESS_REPORT from child '0', loader_opcode = 0, report# 16 at 165908 cur_sample=16, num_rcd=2, num_pge=3, from ip = IPV4:127.0.0.1.27093, testrun number = 0
07/28/15 18:45:24|00:02:52|wait_forever.c|2229|process_progress_report_msg|-|255|-1|-1|-1|-1|Recieved PROGRESS_REPORT from child '2', loader_opcode = 0, report# 17 at 175908 cur_sample=17, num_rcd=0, num_pge=3, from ip = IPV4:127.0.0.1.27097, testrun number = 0
07/28/15 18:45:24|00:02:52|wait_forever.c|2229|process_progress_report_msg|-|255|-1|-1|-1|-1|Recieved PROGRESS_REPORT from child '0', loader_opcode = 0, report# 17 at 175908 cur_sample=17, num_rcd=1, num_pge=3, from ip = IPV4:127.0.0.1.27093, testrun number = 0
07/28/15 18:45:24|00:02:52|wait_forever.c|2229|process_progress_report_msg|-|255|-1|-1|-1|-1|Recieved PROGRESS_REPORT from child '1', loader_opcode = 0, report# 17 at 175908 cur_sample=17, num_rcd=2, num_pge=3, from ip = IPV4:127.0.0.1.27095, testrun number = 0
07/28/15 18:45:34|00:03:02|wait_forever.c|2229|process_progress_report_msg|-|255|-1|-1|-1|-1|Recieved PROGRESS_REPORT from child '2', loader_opcode = 0, report# 18 at 185908 cur_sample=18, num_rcd=0, num_pge=3, from ip = IPV4:127.0.0.1.27097, testrun number = 0
07/28/15 18:45:34|00:03:02|wait_forever.c|2229|process_progress_report_msg|-|255|-1|-1|-1|-1|Recieved PROGRESS_REPORT from child '1', loader_opcode = 0, report# 18 at 185908 cur_sample=18, num_rcd=1, num_pge=3, from ip = IPV4:127.0.0.1.27095, testrun number = 0
07/28/15 18:45:34|00:03:02|wait_forever.c|2229|process_progress_report_msg|-|255|-1|-1|-1|-1|Recieved PROGRESS_REPORT from child '0', loader_opcode = 0, report# 18 at 185909 cur_sample=18, num_rcd=2, num_pge=3, from ip = IPV4:127.0.0.1.27093, testrun number = 0
07/28/15 18:45:43|00:03:11|wait_forever.c|1121|process_phase_complete_msg|-|255|-1|-1|-1|-1|Received phase complete message for grp idx = -1 phase completed phase idx = 1, child/generator id = 0, num children/generator = 3
07/28/15 18:45:43|00:03:11|wait_forever.c|1121|process_phase_complete_msg|-|255|-1|-1|-1|-1|Received phase complete message for grp idx = -1 phase completed phase idx = 1, child/generator id = 1, num children/generator = 3
07/28/15 18:45:43|00:03:11|wait_forever.c|1121|process_phase_complete_msg|-|255|-1|-1|-1|-1|Received phase complete message for grp idx = -1 phase completed phase idx = 1, child/generator id = 2, num children/generator = 3
07/28/15 18:45:44|00:03:12|wait_forever.c|2229|process_progress_report_msg|-|255|-1|-1|-1|-1|Recieved PROGRESS_REPORT from child '0', loader_opcode = 0, report# 19 at 195908 cur_sample=19, num_rcd=0, num_pge=3, from ip = IPV4:127.0.0.1.27093, testrun number = 0
07/28/15 18:45:44|00:03:12|wait_forever.c|2229|process_progress_report_msg|-|255|-1|-1|-1|-1|Recieved PROGRESS_REPORT from child '1', loader_opcode = 0, report# 19 at 195908 cur_sample=19, num_rcd=1, num_pge=3, from ip = IPV4:127.0.0.1.27095, testrun number = 0
07/28/15 18:45:44|00:03:12|wait_forever.c|2229|process_progress_report_msg|-|255|-1|-1|-1|-1|Recieved PROGRESS_REPORT from child '2', loader_opcode = 0, report# 19 at 195908 cur_sample=19, num_rcd=2, num_pge=3, from ip = IPV4:127.0.0.1.27097, testrun number = 0
07/28/15 18:45:53|00:03:21|wait_forever.c|1121|process_phase_complete_msg|-|255|-1|-1|-1|-1|Received phase complete message for grp idx = -1 phase completed phase idx = 2, child/generator id = 1, num children/generator = 3
07/28/15 18:45:53|00:03:21|wait_forever.c|1121|process_phase_complete_msg|-|255|-1|-1|-1|-1|Received phase complete message for grp idx = -1 phase completed phase idx = 2, child/generator id = 0, num children/generator = 3
07/28/15 18:45:53|00:03:21|wait_forever.c|1121|process_phase_complete_msg|-|255|-1|-1|-1|-1|Received phase complete message for grp idx = -1 phase completed phase idx = 2, child/generator id = 2, num children/generator = 3
07/28/15 18:45:54|00:03:22|wait_forever.c|2229|process_progress_report_msg|-|255|-1|-1|-1|-1|Recieved PROGRESS_REPORT from child '0', loader_opcode = 0, report# 20 at 205908 cur_sample=20, num_rcd=0, num_pge=3, from ip = IPV4:127.0.0.1.27093, testrun number = 0
07/28/15 18:45:54|00:03:22|wait_forever.c|2229|process_progress_report_msg|-|255|-1|-1|-1|-1|Recieved PROGRESS_REPORT from child '1', loader_opcode = 0, report# 20 at 205908 cur_sample=20, num_rcd=1, num_pge=3, from ip = IPV4:127.0.0.1.27095, testrun number = 0
07/28/15 18:45:54|00:03:22|wait_forever.c|2229|process_progress_report_msg|-|255|-1|-1|-1|-1|Recieved PROGRESS_REPORT from child '2', loader_opcode = 0, report# 20 at 205909 cur_sample=20, num_rcd=2, num_pge=3, from ip = IPV4:127.0.0.1.27097, testrun number = 0
07/28/15 18:46:04|00:03:32|wait_forever.c|2229|process_progress_report_msg|-|255|-1|-1|-1|-1|Recieved PROGRESS_REPORT from child '1', loader_opcode = 0, report# 21 at 215908 cur_sample=21, num_rcd=0, num_pge=3, from ip = IPV4:127.0.0.1.27095, testrun number = 0
07/28/15 18:46:04|00:03:32|wait_forever.c|2229|process_progress_report_msg|-|255|-1|-1|-1|-1|Recieved PROGRESS_REPORT from child '2', loader_opcode = 0, report# 21 at 215908 cur_sample=21, num_rcd=1, num_pge=3, from ip = IPV4:127.0.0.1.27097, testrun number = 0
07/28/15 18:46:04|00:03:32|wait_forever.c|2229|process_progress_report_msg|-|255|-1|-1|-1|-1|Recieved PROGRESS_REPORT from child '0', loader_opcode = 0, report# 21 at 215908 cur_sample=21, num_rcd=2, num_pge=3, from ip = IPV4:127.0.0.1.27093, testrun number = 0
07/28/15 18:46:14|00:03:42|wait_forever.c|2229|process_progress_report_msg|-|255|-1|-1|-1|-1|Recieved PROGRESS_REPORT from child '0', loader_opcode = 0, report# 22 at 225908 cur_sample=22, num_rcd=0, num_pge=3, from ip = IPV4:127.0.0.1.27093, testrun number = 0
07/28/15 18:46:14|00:03:42|wait_forever.c|2229|process_progress_report_msg|-|255|-1|-1|-1|-1|Recieved PROGRESS_REPORT from child '2', loader_opcode = 0, report# 22 at 225908 cur_sample=22, num_rcd=1, num_pge=3, from ip = IPV4:127.0.0.1.27097, testrun number = 0
07/28/15 18:46:14|00:03:42|wait_forever.c|2229|process_progress_report_msg|-|255|-1|-1|-1|-1|Recieved PROGRESS_REPORT from child '1', loader_opcode = 0, report# 22 at 225908 cur_sample=22, num_rcd=2, num_pge=3, from ip = IPV4:127.0.0.1.27095, testrun number = 0
07/28/15 18:46:24|00:03:52|wait_forever.c|2229|process_progress_report_msg|-|255|-1|-1|-1|-1|Recieved PROGRESS_REPORT from child '1', loader_opcode = 0, report# 23 at 235908 cur_sample=23, num_rcd=0, num_pge=3, from ip = IPV4:127.0.0.1.27095, testrun number = 0
07/28/15 18:46:24|00:03:52|wait_forever.c|2229|process_progress_report_msg|-|255|-1|-1|-1|-1|Recieved PROGRESS_REPORT from child '0', loader_opcode = 0, report# 23 at 235908 cur_sample=23, num_rcd=1, num_pge=3, from ip = IPV4:127.0.0.1.27093, testrun number = 0
07/28/15 18:46:24|00:03:52|wait_forever.c|2229|process_progress_report_msg|-|255|-1|-1|-1|-1|Recieved PROGRESS_REPORT from child '2', loader_opcode = 0, report# 23 at 235908 cur_sample=23, num_rcd=2, num_pge=3, from ip = IPV4:127.0.0.1.27097, testrun number = 0
07/28/15 18:46:34|00:04:02|wait_forever.c|2229|process_progress_report_msg|-|255|-1|-1|-1|-1|Recieved PROGRESS_REPORT from child '1', loader_opcode = 0, report# 24 at 245908 cur_sample=24, num_rcd=0, num_pge=3, from ip = IPV4:127.0.0.1.27095, testrun number = 0
07/28/15 18:46:34|00:04:02|wait_forever.c|2229|process_progress_report_msg|-|255|-1|-1|-1|-1|Recieved PROGRESS_REPORT from child '2', loader_opcode = 0, report# 24 at 245908 cur_sample=24, num_rcd=1, num_pge=3, from ip = IPV4:127.0.0.1.27097, testrun number = 0
07/28/15 18:46:34|00:04:02|wait_forever.c|2229|process_progress_report_msg|-|255|-1|-1|-1|-1|Recieved PROGRESS_REPORT from child '0', loader_opcode = 0, report# 24 at 245909 cur_sample=24, num_rcd=2, num_pge=3, from ip = IPV4:127.0.0.1.27093, testrun number = 0
07/28/15 18:46:44|00:04:12|wait_forever.c|2229|process_progress_report_msg|-|255|-1|-1|-1|-1|Recieved PROGRESS_REPORT from child '2', loader_opcode = 0, report# 25 at 255908 cur_sample=25, num_rcd=0, num_pge=3, from ip = IPV4:127.0.0.1.27097, testrun number = 0
07/28/15 18:46:44|00:04:12|wait_forever.c|2229|process_progress_report_msg|-|255|-1|-1|-1|-1|Recieved PROGRESS_REPORT from child '0', loader_opcode = 0, report# 25 at 255908 cur_sample=25, num_rcd=1, num_pge=3, from ip = IPV4:127.0.0.1.27093, testrun number = 0
07/28/15 18:46:44|00:04:12|wait_forever.c|2229|process_progress_report_msg|-|255|-1|-1|-1|-1|Recieved PROGRESS_REPORT from child '1', loader_opcode = 0, report# 25 at 255908 cur_sample=25, num_rcd=2, num_pge=3, from ip = IPV4:127.0.0.1.27095, testrun number = 0
07/28/15 18:46:54|00:04:22|wait_forever.c|2229|process_progress_report_msg|-|255|-1|-1|-1|-1|Recieved PROGRESS_REPORT from child '1', loader_opcode = 0, report# 26 at 265908 cur_sample=26, num_rcd=0, num_pge=3, from ip = IPV4:127.0.0.1.27095, testrun number = 0
07/28/15 18:46:54|00:04:22|wait_forever.c|2229|process_progress_report_msg|-|255|-1|-1|-1|-1|Recieved PROGRESS_REPORT from child '0', loader_opcode = 0, report# 26 at 265908 cur_sample=26, num_rcd=1, num_pge=3, from ip = IPV4:127.0.0.1.27093, testrun number = 0
07/28/15 18:46:54|00:04:22|wait_forever.c|2229|process_progress_report_msg|-|255|-1|-1|-1|-1|Recieved PROGRESS_REPORT from child '2', loader_opcode = 0, report# 26 at 265908 cur_sample=26, num_rcd=2, num_pge=3, from ip = IPV4:127.0.0.1.27097, testrun number = 0
07/28/15 18:47:04|00:04:32|wait_forever.c|2229|process_progress_report_msg|-|255|-1|-1|-1|-1|Recieved PROGRESS_REPORT from child '0', loader_opcode = 0, report# 27 at 275908 cur_sample=27, num_rcd=0, num_pge=3, from ip = IPV4:127.0.0.1.27093, testrun number = 0
07/28/15 18:47:04|00:04:32|wait_forever.c|2229|process_progress_report_msg|-|255|-1|-1|-1|-1|Recieved PROGRESS_REPORT from child '1', loader_opcode = 0, report# 27 at 275908 cur_sample=27, num_rcd=1, num_pge=3, from ip = IPV4:127.0.0.1.27095, testrun number = 0
07/28/15 18:47:04|00:04:32|wait_forever.c|2229|process_progress_report_msg|-|255|-1|-1|-1|-1|Recieved PROGRESS_REPORT from child '2', loader_opcode = 0, report# 27 at 275909 cur_sample=27, num_rcd=2, num_pge=3, from ip = IPV4:127.0.0.1.27097, testrun number = 0
07/28/15 18:47:14|00:04:42|wait_forever.c|2229|process_progress_report_msg|-|255|-1|-1|-1|-1|Recieved PROGRESS_REPORT from child '2', loader_opcode = 0, report# 28 at 285908 cur_sample=28, num_rcd=0, num_pge=3, from ip = IPV4:127.0.0.1.27097, testrun number = 0
07/28/15 18:47:14|00:04:42|wait_forever.c|2229|process_progress_report_msg|-|255|-1|-1|-1|-1|Recieved PROGRESS_REPORT from child '1', loader_opcode = 0, report# 28 at 285908 cur_sample=28, num_rcd=1, num_pge=3, from ip = IPV4:127.0.0.1.27095, testrun number = 0
07/28/15 18:47:14|00:04:42|wait_forever.c|2229|process_progress_report_msg|-|255|-1|-1|-1|-1|Recieved PROGRESS_REPORT from child '0', loader_opcode = 0, report# 28 at 285908 cur_sample=28, num_rcd=2, num_pge=3, from ip = IPV4:127.0.0.1.27093, testrun number = 0
07/28/15 18:47:24|00:04:52|wait_forever.c|2229|process_progress_report_msg|-|255|-1|-1|-1|-1|Recieved PROGRESS_REPORT from child '0', loader_opcode = 0, report# 29 at 295908 cur_sample=29, num_rcd=0, num_pge=3, from ip = IPV4:127.0.0.1.27093, testrun number = 0
07/28/15 18:47:24|00:04:52|wait_forever.c|2229|process_progress_report_msg|-|255|-1|-1|-1|-1|Recieved PROGRESS_REPORT from child '1', loader_opcode = 0, report# 29 at 295908 cur_sample=29, num_rcd=1, num_pge=3, from ip = IPV4:127.0.0.1.27095, testrun number = 0
07/28/15 18:47:24|00:04:52|wait_forever.c|2229|process_progress_report_msg|-|255|-1|-1|-1|-1|Recieved PROGRESS_REPORT from child '2', loader_opcode = 0, report# 29 at 295908 cur_sample=29, num_rcd=2, num_pge=3, from ip = IPV4:127.0.0.1.27097, testrun number = 0
07/28/15 18:47:34|00:05:02|wait_forever.c|2229|process_progress_report_msg|-|255|-1|-1|-1|-1|Recieved PROGRESS_REPORT from child '1', loader_opcode = 0, report# 30 at 305908 cur_sample=30, num_rcd=0, num_pge=3, from ip = IPV4:127.0.0.1.27095, testrun number = 0
07/28/15 18:47:34|00:05:02|wait_forever.c|2229|process_progress_report_msg|-|255|-1|-1|-1|-1|Recieved PROGRESS_REPORT from child '0', loader_opcode = 0, report# 30 at 305908 cur_sample=30, num_rcd=1, num_pge=3, from ip = IPV4:127.0.0.1.27093, testrun number = 0
07/28/15 18:47:34|00:05:02|wait_forever.c|2229|process_progress_report_msg|-|255|-1|-1|-1|-1|Recieved PROGRESS_REPORT from child '2', loader_opcode = 0, report# 30 at 305909 cur_sample=30, num_rcd=2, num_pge=3, from ip = IPV4:127.0.0.1.27097, testrun number = 0
07/28/15 18:47:44|00:05:12|wait_forever.c|2229|process_progress_report_msg|-|255|-1|-1|-1|-1|Recieved PROGRESS_REPORT from child '1', loader_opcode = 0, report# 31 at 315908 cur_sample=31, num_rcd=0, num_pge=3, from ip = IPV4:127.0.0.1.27095, testrun number = 0
07/28/15 18:47:44|00:05:12|wait_forever.c|2229|process_progress_report_msg|-|255|-1|-1|-1|-1|Recieved PROGRESS_REPORT from child '0', loader_opcode = 0, report# 31 at 315908 cur_sample=31, num_rcd=1, num_pge=3, from ip = IPV4:127.0.0.1.27093, testrun number = 0
07/28/15 18:47:44|00:05:12|wait_forever.c|2229|process_progress_report_msg|-|255|-1|-1|-1|-1|Recieved PROGRESS_REPORT from child '2', loader_opcode = 0, report# 31 at 315908 cur_sample=31, num_rcd=2, num_pge=3, from ip = IPV4:127.0.0.1.27097, testrun number = 0
07/28/15 18:47:54|00:05:22|wait_forever.c|2229|process_progress_report_msg|-|255|-1|-1|-1|-1|Recieved PROGRESS_REPORT from child '1', loader_opcode = 0, report# 32 at 325908 cur_sample=32, num_rcd=0, num_pge=3, from ip = IPV4:127.0.0.1.27095, testrun number = 0
07/28/15 18:47:54|00:05:22|wait_forever.c|2229|process_progress_report_msg|-|255|-1|-1|-1|-1|Recieved PROGRESS_REPORT from child '2', loader_opcode = 0, report# 32 at 325909 cur_sample=32, num_rcd=1, num_pge=3, from ip = IPV4:127.0.0.1.27097, testrun number = 0
07/28/15 18:47:54|00:05:22|wait_forever.c|2229|process_progress_report_msg|-|255|-1|-1|-1|-1|Recieved PROGRESS_REPORT from child '0', loader_opcode = 0, report# 32 at 325909 cur_sample=32, num_rcd=2, num_pge=3, from ip = IPV4:127.0.0.1.27093, testrun number = 0
07/28/15 18:48:04|00:05:32|wait_forever.c|2229|process_progress_report_msg|-|255|-1|-1|-1|-1|Recieved PROGRESS_REPORT from child '2', loader_opcode = 0, report# 33 at 335908 cur_sample=33, num_rcd=0, num_pge=3, from ip = IPV4:127.0.0.1.27097, testrun number = 0
07/28/15 18:48:04|00:05:32|wait_forever.c|2229|process_progress_report_msg|-|255|-1|-1|-1|-1|Recieved PROGRESS_REPORT from child '0', loader_opcode = 0, report# 33 at 335908 cur_sample=33, num_rcd=1, num_pge=3, from ip = IPV4:127.0.0.1.27093, testrun number = 0
07/28/15 18:48:04|00:05:32|wait_forever.c|2229|process_progress_report_msg|-|255|-1|-1|-1|-1|Recieved PROGRESS_REPORT from child '1', loader_opcode = 0, report# 33 at 335909 cur_sample=33, num_rcd=2, num_pge=3, from ip = IPV4:127.0.0.1.27095, testrun number = 0
07/28/15 18:48:14|00:05:42|wait_forever.c|2229|process_progress_report_msg|-|255|-1|-1|-1|-1|Recieved PROGRESS_REPORT from child '0', loader_opcode = 0, report# 34 at 345908 cur_sample=34, num_rcd=0, num_pge=3, from ip = IPV4:127.0.0.1.27093, testrun number = 0
07/28/15 18:48:14|00:05:42|wait_forever.c|2229|process_progress_report_msg|-|255|-1|-1|-1|-1|Recieved PROGRESS_REPORT from child '1', loader_opcode = 0, report# 34 at 345908 cur_sample=34, num_rcd=1, num_pge=3, from ip = IPV4:127.0.0.1.27095, testrun number = 0
07/28/15 18:48:14|00:05:42|wait_forever.c|2229|process_progress_report_msg|-|255|-1|-1|-1|-1|Recieved PROGRESS_REPORT from child '2', loader_opcode = 0, report# 34 at 345908 cur_sample=34, num_rcd=2, num_pge=3, from ip = IPV4:127.0.0.1.27097, testrun number = 0
07/28/15 18:48:24|00:05:52|wait_forever.c|2229|process_progress_report_msg|-|255|-1|-1|-1|-1|Recieved PROGRESS_REPORT from child '1', loader_opcode = 0, report# 35 at 355908 cur_sample=35, num_rcd=0, num_pge=3, from ip = IPV4:127.0.0.1.27095, testrun number = 0
07/28/15 18:48:24|00:05:52|wait_forever.c|2229|process_progress_report_msg|-|255|-1|-1|-1|-1|Recieved PROGRESS_REPORT from child '2', loader_opcode = 0, report# 35 at 355908 cur_sample=35, num_rcd=1, num_pge=3, from ip = IPV4:127.0.0.1.27097, testrun number = 0
07/28/15 18:48:24|00:05:52|wait_forever.c|2229|process_progress_report_msg|-|255|-1|-1|-1|-1|Recieved PROGRESS_REPORT from child '0', loader_opcode = 0, report# 35 at 355908 cur_sample=35, num_rcd=2, num_pge=3, from ip = IPV4:127.0.0.1.27093, testrun number = 0
07/28/15 18:48:34|00:06:02|wait_forever.c|2229|process_progress_report_msg|-|255|-1|-1|-1|-1|Recieved PROGRESS_REPORT from child '2', loader_opcode = 0, report# 36 at 365908 cur_sample=36, num_rcd=0, num_pge=3, from ip = IPV4:127.0.0.1.27097, testrun number = 0
07/28/15 18:48:34|00:06:02|wait_forever.c|2229|process_progress_report_msg|-|255|-1|-1|-1|-1|Recieved PROGRESS_REPORT from child '1', loader_opcode = 0, report# 36 at 365908 cur_sample=36, num_rcd=1, num_pge=3, from ip = IPV4:127.0.0.1.27095, testrun number = 0
07/28/15 18:48:34|00:06:02|wait_forever.c|2229|process_progress_report_msg|-|255|-1|-1|-1|-1|Recieved PROGRESS_REPORT from child '0', loader_opcode = 0, report# 36 at 365908 cur_sample=36, num_rcd=2, num_pge=3, from ip = IPV4:127.0.0.1.27093, testrun number = 0
07/28/15 18:48:44|00:06:12|wait_forever.c|2229|process_progress_report_msg|-|255|-1|-1|-1|-1|Recieved PROGRESS_REPORT from child '0', loader_opcode = 0, report# 37 at 375908 cur_sample=37, num_rcd=0, num_pge=3, from ip = IPV4:127.0.0.1.27093, testrun number = 0
07/28/15 18:48:44|00:06:12|wait_forever.c|2229|process_progress_report_msg|-|255|-1|-1|-1|-1|Recieved PROGRESS_REPORT from child '2', loader_opcode = 0, report# 37 at 375909 cur_sample=37, num_rcd=1, num_pge=3, from ip = IPV4:127.0.0.1.27097, testrun number = 0
07/28/15 18:48:44|00:06:12|wait_forever.c|2229|process_progress_report_msg|-|255|-1|-1|-1|-1|Recieved PROGRESS_REPORT from child '1', loader_opcode = 0, report# 37 at 375909 cur_sample=37, num_rcd=2, num_pge=3, from ip = IPV4:127.0.0.1.27095, testrun number = 0
07/28/15 18:48:54|00:06:22|wait_forever.c|2229|process_progress_report_msg|-|255|-1|-1|-1|-1|Recieved PROGRESS_REPORT from child '2', loader_opcode = 0, report# 38 at 385908 cur_sample=38, num_rcd=0, num_pge=3, from ip = IPV4:127.0.0.1.27097, testrun number = 0
07/28/15 18:48:54|00:06:22|wait_forever.c|2229|process_progress_report_msg|-|255|-1|-1|-1|-1|Recieved PROGRESS_REPORT from child '0', loader_opcode = 0, report# 38 at 385908 cur_sample=38, num_rcd=1, num_pge=3, from ip = IPV4:127.0.0.1.27093, testrun number = 0
07/28/15 18:48:54|00:06:22|wait_forever.c|2229|process_progress_report_msg|-|255|-1|-1|-1|-1|Recieved PROGRESS_REPORT from child '1', loader_opcode = 0, report# 38 at 385908 cur_sample=38, num_rcd=2, num_pge=3, from ip = IPV4:127.0.0.1.27095, testrun number = 0
07/28/15 18:49:04|00:06:32|wait_forever.c|2229|process_progress_report_msg|-|255|-1|-1|-1|-1|Recieved PROGRESS_REPORT from child '1', loader_opcode = 0, report# 39 at 395908 cur_sample=39, num_rcd=0, num_pge=3, from ip = IPV4:127.0.0.1.27095, testrun number = 0
07/28/15 18:49:04|00:06:32|wait_forever.c|2229|process_progress_report_msg|-|255|-1|-1|-1|-1|Recieved PROGRESS_REPORT from child '0', loader_opcode = 0, report# 39 at 395908 cur_sample=39, num_rcd=1, num_pge=3, from ip = IPV4:127.0.0.1.27093, testrun number = 0
07/28/15 18:49:04|00:06:32|wait_forever.c|2229|process_progress_report_msg|-|255|-1|-1|-1|-1|Recieved PROGRESS_REPORT from child '2', loader_opcode = 0, report# 39 at 395909 cur_sample=39, num_rcd=2, num_pge=3, from ip = IPV4:127.0.0.1.27097, testrun number = 0
07/28/15 18:49:14|00:06:42|wait_forever.c|2229|process_progress_report_msg|-|255|-1|-1|-1|-1|Recieved PROGRESS_REPORT from child '2', loader_opcode = 0, report# 40 at 405908 cur_sample=40, num_rcd=0, num_pge=3, from ip = IPV4:127.0.0.1.27097, testrun number = 0
07/28/15 18:49:14|00:06:42|wait_forever.c|2229|process_progress_report_msg|-|255|-1|-1|-1|-1|Recieved PROGRESS_REPORT from child '0', loader_opcode = 0, report# 40 at 405909 cur_sample=40, num_rcd=1, num_pge=3, from ip = IPV4:127.0.0.1.27093, testrun number = 0
07/28/15 18:49:14|00:06:42|wait_forever.c|2229|process_progress_report_msg|-|255|-1|-1|-1|-1|Recieved PROGRESS_REPORT from child '1', loader_opcode = 0, report# 40 at 405909 cur_sample=40, num_rcd=2, num_pge=3, from ip = IPV4:127.0.0.1.27095, testrun number = 0
07/28/15 18:49:24|00:06:52|wait_forever.c|2229|process_progress_report_msg|-|255|-1|-1|-1|-1|Recieved PROGRESS_REPORT from child '1', loader_opcode = 0, report# 41 at 415908 cur_sample=41, num_rcd=0, num_pge=3, from ip = IPV4:127.0.0.1.27095, testrun number = 0
07/28/15 18:49:24|00:06:52|wait_forever.c|2229|process_progress_report_msg|-|255|-1|-1|-1|-1|Recieved PROGRESS_REPORT from child '0', loader_opcode = 0, report# 41 at 415908 cur_sample=41, num_rcd=1, num_pge=3, from ip = IPV4:127.0.0.1.27093, testrun number = 0
07/28/15 18:49:24|00:06:52|wait_forever.c|2229|process_progress_report_msg|-|255|-1|-1|-1|-1|Recieved PROGRESS_REPORT from child '2', loader_opcode = 0, report# 41 at 415909 cur_sample=41, num_rcd=2, num_pge=3, from ip = IPV4:127.0.0.1.27097, testrun number = 0
07/28/15 18:49:34|00:07:02|wait_forever.c|2229|process_progress_report_msg|-|255|-1|-1|-1|-1|Recieved PROGRESS_REPORT from child '1', loader_opcode = 0, report# 42 at 425908 cur_sample=42, num_rcd=0, num_pge=3, from ip = IPV4:127.0.0.1.27095, testrun number = 0
07/28/15 18:49:34|00:07:02|wait_forever.c|2229|process_progress_report_msg|-|255|-1|-1|-1|-1|Recieved PROGRESS_REPORT from child '0', loader_opcode = 0, report# 42 at 425908 cur_sample=42, num_rcd=1, num_pge=3, from ip = IPV4:127.0.0.1.27093, testrun number = 0
07/28/15 18:49:34|00:07:02|wait_forever.c|2229|process_progress_report_msg|-|255|-1|-1|-1|-1|Recieved PROGRESS_REPORT from child '2', loader_opcode = 0, report# 42 at 425908 cur_sample=42, num_rcd=2, num_pge=3, from ip = IPV4:127.0.0.1.27097, testrun number = 0
07/28/15 18:49:44|00:07:12|wait_forever.c|2229|process_progress_report_msg|-|255|-1|-1|-1|-1|Recieved PROGRESS_REPORT from child '0', loader_opcode = 0, report# 43 at 435908 cur_sample=43, num_rcd=0, num_pge=3, from ip = IPV4:127.0.0.1.27093, testrun number = 0
07/28/15 18:49:44|00:07:12|wait_forever.c|2229|process_progress_report_msg|-|255|-1|-1|-1|-1|Recieved PROGRESS_REPORT from child '1', loader_opcode = 0, report# 43 at 435908 cur_sample=43, num_rcd=1, num_pge=3, from ip = IPV4:127.0.0.1.27095, testrun number = 0
07/28/15 18:49:44|00:07:12|wait_forever.c|2229|process_progress_report_msg|-|255|-1|-1|-1|-1|Recieved PROGRESS_REPORT from child '2', loader_opcode = 0, report# 43 at 435908 cur_sample=43, num_rcd=2, num_pge=3, from ip = IPV4:127.0.0.1.27097, testrun number = 0
07/28/15 18:49:54|00:07:22|wait_forever.c|2229|process_progress_report_msg|-|255|-1|-1|-1|-1|Recieved PROGRESS_REPORT from child '0', loader_opcode = 0, report# 44 at 445908 cur_sample=44, num_rcd=0, num_pge=3, from ip = IPV4:127.0.0.1.27093, testrun number = 0
07/28/15 18:49:54|00:07:22|wait_forever.c|2229|process_progress_report_msg|-|255|-1|-1|-1|-1|Recieved PROGRESS_REPORT from child '2', loader_opcode = 0, report# 44 at 445908 cur_sample=44, num_rcd=1, num_pge=3, from ip = IPV4:127.0.0.1.27097, testrun number = 0
07/28/15 18:49:54|00:07:22|wait_forever.c|2229|process_progress_report_msg|-|255|-1|-1|-1|-1|Recieved PROGRESS_REPORT from child '1', loader_opcode = 0, report# 44 at 445909 cur_sample=44, num_rcd=2, num_pge=3, from ip = IPV4:127.0.0.1.27095, testrun number = 0
07/28/15 18:50:04|00:07:32|wait_forever.c|2229|process_progress_report_msg|-|255|-1|-1|-1|-1|Recieved PROGRESS_REPORT from child '0', loader_opcode = 0, report# 45 at 455908 cur_sample=45, num_rcd=0, num_pge=3, from ip = IPV4:127.0.0.1.27093, testrun number = 0
07/28/15 18:50:04|00:07:32|wait_forever.c|2229|process_progress_report_msg|-|255|-1|-1|-1|-1|Recieved PROGRESS_REPORT from child '1', loader_opcode = 0, report# 45 at 455909 cur_sample=45, num_rcd=1, num_pge=3, from ip = IPV4:127.0.0.1.27095, testrun number = 0
07/28/15 18:50:04|00:07:32|wait_forever.c|2229|process_progress_report_msg|-|255|-1|-1|-1|-1|Recieved PROGRESS_REPORT from child '2', loader_opcode = 0, report# 45 at 455909 cur_sample=45, num_rcd=2, num_pge=3, from ip = IPV4:127.0.0.1.27097, testrun number = 0
07/28/15 18:50:14|00:07:42|wait_forever.c|2229|process_progress_report_msg|-|255|-1|-1|-1|-1|Recieved PROGRESS_REPORT from child '0', loader_opcode = 0, report# 46 at 465908 cur_sample=46, num_rcd=0, num_pge=3, from ip = IPV4:127.0.0.1.27093, testrun number = 0
07/28/15 18:50:14|00:07:42|wait_forever.c|2229|process_progress_report_msg|-|255|-1|-1|-1|-1|Recieved PROGRESS_REPORT from child '2', loader_opcode = 0, report# 46 at 465908 cur_sample=46, num_rcd=1, num_pge=3, from ip = IPV4:127.0.0.1.27097, testrun number = 0
07/28/15 18:50:14|00:07:42|wait_forever.c|2229|process_progress_report_msg|-|255|-1|-1|-1|-1|Recieved PROGRESS_REPORT from child '1', loader_opcode = 0, report# 46 at 465908 cur_sample=46, num_rcd=2, num_pge=3, from ip = IPV4:127.0.0.1.27095, testrun number = 0
07/28/15 18:50:24|00:07:52|wait_forever.c|2229|process_progress_report_msg|-|255|-1|-1|-1|-1|Recieved PROGRESS_REPORT from child '0', loader_opcode = 0, report# 47 at 475908 cur_sample=47, num_rcd=0, num_pge=3, from ip = IPV4:127.0.0.1.27093, testrun number = 0
07/28/15 18:50:24|00:07:52|wait_forever.c|2229|process_progress_report_msg|-|255|-1|-1|-1|-1|Recieved PROGRESS_REPORT from child '2', loader_opcode = 0, report# 47 at 475908 cur_sample=47, num_rcd=1, num_pge=3, from ip = IPV4:127.0.0.1.27097, testrun number = 0
07/28/15 18:50:24|00:07:52|wait_forever.c|2229|process_progress_report_msg|-|255|-1|-1|-1|-1|Recieved PROGRESS_REPORT from child '1', loader_opcode = 0, report# 47 at 475909 cur_sample=47, num_rcd=2, num_pge=3, from ip = IPV4:127.0.0.1.27095, testrun number = 0
07/28/15 18:50:34|00:08:02|wait_forever.c|2229|process_progress_report_msg|-|255|-1|-1|-1|-1|Recieved PROGRESS_REPORT from child '0', loader_opcode = 0, report# 48 at 485908 cur_sample=48, num_rcd=0, num_pge=3, from ip = IPV4:127.0.0.1.27093, testrun number = 0
07/28/15 18:50:34|00:08:02|wait_forever.c|2229|process_progress_report_msg|-|255|-1|-1|-1|-1|Recieved PROGRESS_REPORT from child '1', loader_opcode = 0, report# 48 at 485908 cur_sample=48, num_rcd=1, num_pge=3, from ip = IPV4:127.0.0.1.27095, testrun number = 0
07/28/15 18:50:34|00:08:02|wait_forever.c|2229|process_progress_report_msg|-|255|-1|-1|-1|-1|Recieved PROGRESS_REPORT from child '2', loader_opcode = 0, report# 48 at 485909 cur_sample=48, num_rcd=2, num_pge=3, from ip = IPV4:127.0.0.1.27097, testrun number = 0
07/28/15 18:50:44|00:08:12|wait_forever.c|2229|process_progress_report_msg|-|255|-1|-1|-1|-1|Recieved PROGRESS_REPORT from child '2', loader_opcode = 0, report# 49 at 495908 cur_sample=49, num_rcd=0, num_pge=3, from ip = IPV4:127.0.0.1.27097, testrun number = 0
07/28/15 18:50:44|00:08:12|wait_forever.c|2229|process_progress_report_msg|-|255|-1|-1|-1|-1|Recieved PROGRESS_REPORT from child '1', loader_opcode = 0, report# 49 at 495908 cur_sample=49, num_rcd=1, num_pge=3, from ip = IPV4:127.0.0.1.27095, testrun number = 0
07/28/15 18:50:44|00:08:12|wait_forever.c|2229|process_progress_report_msg|-|255|-1|-1|-1|-1|Recieved PROGRESS_REPORT from child '0', loader_opcode = 0, report# 49 at 495909 cur_sample=49, num_rcd=2, num_pge=3, from ip = IPV4:127.0.0.1.27093, testrun number = 0
07/28/15 18:50:54|00:08:22|wait_forever.c|2229|process_progress_report_msg|-|255|-1|-1|-1|-1|Recieved PROGRESS_REPORT from child '0', loader_opcode = 0, report# 50 at 505908 cur_sample=50, num_rcd=0, num_pge=3, from ip = IPV4:127.0.0.1.27093, testrun number = 0
07/28/15 18:50:54|00:08:22|wait_forever.c|2229|process_progress_report_msg|-|255|-1|-1|-1|-1|Recieved PROGRESS_REPORT from child '2', loader_opcode = 0, report# 50 at 505908 cur_sample=50, num_rcd=1, num_pge=3, from ip = IPV4:127.0.0.1.27097, testrun number = 0
07/28/15 18:50:54|00:08:22|wait_forever.c|2229|process_progress_report_msg|-|255|-1|-1|-1|-1|Recieved PROGRESS_REPORT from child '1', loader_opcode = 0, report# 50 at 505908 cur_sample=50, num_rcd=2, num_pge=3, from ip = IPV4:127.0.0.1.27095, testrun number = 0
07/28/15 18:51:04|00:08:32|wait_forever.c|2229|process_progress_report_msg|-|255|-1|-1|-1|-1|Recieved PROGRESS_REPORT from child '0', loader_opcode = 0, report# 51 at 515908 cur_sample=51, num_rcd=0, num_pge=3, from ip = IPV4:127.0.0.1.27093, testrun number = 0
07/28/15 18:51:04|00:08:32|wait_forever.c|2229|process_progress_report_msg|-|255|-1|-1|-1|-1|Recieved PROGRESS_REPORT from child '1', loader_opcode = 0, report# 51 at 515908 cur_sample=51, num_rcd=1, num_pge=3, from ip = IPV4:127.0.0.1.27095, testrun number = 0
07/28/15 18:51:04|00:08:32|wait_forever.c|2229|process_progress_report_msg|-|255|-1|-1|-1|-1|Recieved PROGRESS_REPORT from child '2', loader_opcode = 0, report# 51 at 515908 cur_sample=51, num_rcd=2, num_pge=3, from ip = IPV4:127.0.0.1.27097, testrun number = 0
07/28/15 18:51:14|00:08:42|wait_forever.c|2229|process_progress_report_msg|-|255|-1|-1|-1|-1|Recieved PROGRESS_REPORT from child '0', loader_opcode = 0, report# 52 at 525908 cur_sample=52, num_rcd=0, num_pge=3, from ip = IPV4:127.0.0.1.27093, testrun number = 0
07/28/15 18:51:14|00:08:42|wait_forever.c|2229|process_progress_report_msg|-|255|-1|-1|-1|-1|Recieved PROGRESS_REPORT from child '2', loader_opcode = 0, report# 52 at 525908 cur_sample=52, num_rcd=1, num_pge=3, from ip = IPV4:127.0.0.1.27097, testrun number = 0
07/28/15 18:51:14|00:08:42|wait_forever.c|2229|process_progress_report_msg|-|255|-1|-1|-1|-1|Recieved PROGRESS_REPORT from child '1', loader_opcode = 0, report# 52 at 525908 cur_sample=52, num_rcd=2, num_pge=3, from ip = IPV4:127.0.0.1.27095, testrun number = 0
07/28/15 18:51:24|00:08:52|wait_forever.c|2229|process_progress_report_msg|-|255|-1|-1|-1|-1|Recieved PROGRESS_REPORT from child '1', loader_opcode = 0, report# 53 at 535908 cur_sample=53, num_rcd=0, num_pge=3, from ip = IPV4:127.0.0.1.27095, testrun number = 0
07/28/15 18:51:24|00:08:52|wait_forever.c|2229|process_progress_report_msg|-|255|-1|-1|-1|-1|Recieved PROGRESS_REPORT from child '0', loader_opcode = 0, report# 53 at 535908 cur_sample=53, num_rcd=1, num_pge=3, from ip = IPV4:127.0.0.1.27093, testrun number = 0
07/28/15 18:51:24|00:08:52|wait_forever.c|2229|process_progress_report_msg|-|255|-1|-1|-1|-1|Recieved PROGRESS_REPORT from child '2', loader_opcode = 0, report# 53 at 535908 cur_sample=53, num_rcd=2, num_pge=3, from ip = IPV4:127.0.0.1.27097, testrun number = 0
07/28/15 18:51:34|00:09:02|wait_forever.c|2229|process_progress_report_msg|-|255|-1|-1|-1|-1|Recieved PROGRESS_REPORT from child '2', loader_opcode = 0, report# 54 at 545908 cur_sample=54, num_rcd=0, num_pge=3, from ip = IPV4:127.0.0.1.27097, testrun number = 0
07/28/15 18:51:34|00:09:02|wait_forever.c|2229|process_progress_report_msg|-|255|-1|-1|-1|-1|Recieved PROGRESS_REPORT from child '0', loader_opcode = 0, report# 54 at 545908 cur_sample=54, num_rcd=1, num_pge=3, from ip = IPV4:127.0.0.1.27093, testrun number = 0
07/28/15 18:51:34|00:09:02|wait_forever.c|2229|process_progress_report_msg|-|255|-1|-1|-1|-1|Recieved PROGRESS_REPORT from child '1', loader_opcode = 0, report# 54 at 545909 cur_sample=54, num_rcd=2, num_pge=3, from ip = IPV4:127.0.0.1.27095, testrun number = 0
07/28/15 18:51:44|00:09:12|wait_forever.c|2229|process_progress_report_msg|-|255|-1|-1|-1|-1|Recieved PROGRESS_REPORT from child '0', loader_opcode = 0, report# 55 at 555908 cur_sample=55, num_rcd=0, num_pge=3, from ip = IPV4:127.0.0.1.27093, testrun number = 0
07/28/15 18:51:44|00:09:12|wait_forever.c|2229|process_progress_report_msg|-|255|-1|-1|-1|-1|Recieved PROGRESS_REPORT from child '2', loader_opcode = 0, report# 55 at 555908 cur_sample=55, num_rcd=1, num_pge=3, from ip = IPV4:127.0.0.1.27097, testrun number = 0
07/28/15 18:51:44|00:09:12|wait_forever.c|2229|process_progress_report_msg|-|255|-1|-1|-1|-1|Recieved PROGRESS_REPORT from child '1', loader_opcode = 0, report# 55 at 555909 cur_sample=55, num_rcd=2, num_pge=3, from ip = IPV4:127.0.0.1.27095, testrun number = 0
07/28/15 18:51:54|00:09:22|wait_forever.c|2229|process_progress_report_msg|-|255|-1|-1|-1|-1|Recieved PROGRESS_REPORT from child '2', loader_opcode = 0, report# 56 at 565908 cur_sample=56, num_rcd=0, num_pge=3, from ip = IPV4:127.0.0.1.27097, testrun number = 0
07/28/15 18:51:54|00:09:22|wait_forever.c|2229|process_progress_report_msg|-|255|-1|-1|-1|-1|Recieved PROGRESS_REPORT from child '0', loader_opcode = 0, report# 56 at 565908 cur_sample=56, num_rcd=1, num_pge=3, from ip = IPV4:127.0.0.1.27093, testrun number = 0
07/28/15 18:51:54|00:09:22|wait_forever.c|2229|process_progress_report_msg|-|255|-1|-1|-1|-1|Recieved PROGRESS_REPORT from child '1', loader_opcode = 0, report# 56 at 565908 cur_sample=56, num_rcd=2, num_pge=3, from ip = IPV4:127.0.0.1.27095, testrun number = 0
07/28/15 18:52:04|00:09:32|wait_forever.c|2229|process_progress_report_msg|-|255|-1|-1|-1|-1|Recieved PROGRESS_REPORT from child '1', loader_opcode = 0, report# 57 at 575908 cur_sample=57, num_rcd=0, num_pge=3, from ip = IPV4:127.0.0.1.27095, testrun number = 0
07/28/15 18:52:04|00:09:32|wait_forever.c|2229|process_progress_report_msg|-|255|-1|-1|-1|-1|Recieved PROGRESS_REPORT from child '2', loader_opcode = 0, report# 57 at 575909 cur_sample=57, num_rcd=1, num_pge=3, from ip = IPV4:127.0.0.1.27097, testrun number = 0
07/28/15 18:52:04|00:09:32|wait_forever.c|2229|process_progress_report_msg|-|255|-1|-1|-1|-1|Recieved PROGRESS_REPORT from child '0', loader_opcode = 0, report# 57 at 575909 cur_sample=57, num_rcd=2, num_pge=3, from ip = IPV4:127.0.0.1.27093, testrun number = 0
07/28/15 18:52:14|00:09:42|wait_forever.c|2229|process_progress_report_msg|-|255|-1|-1|-1|-1|Recieved PROGRESS_REPORT from child '2', loader_opcode = 0, report# 58 at 585908 cur_sample=58, num_rcd=0, num_pge=3, from ip = IPV4:127.0.0.1.27097, testrun number = 0
07/28/15 18:52:14|00:09:42|wait_forever.c|2229|process_progress_report_msg|-|255|-1|-1|-1|-1|Recieved PROGRESS_REPORT from child '1', loader_opcode = 0, report# 58 at 585908 cur_sample=58, num_rcd=1, num_pge=3, from ip = IPV4:127.0.0.1.27095, testrun number = 0
07/28/15 18:52:14|00:09:42|wait_forever.c|2229|process_progress_report_msg|-|255|-1|-1|-1|-1|Recieved PROGRESS_REPORT from child '0', loader_opcode = 0, report# 58 at 585909 cur_sample=58, num_rcd=2, num_pge=3, from ip = IPV4:127.0.0.1.27093, testrun number = 0
07/28/15 18:52:24|00:09:52|wait_forever.c|2229|process_progress_report_msg|-|255|-1|-1|-1|-1|Recieved PROGRESS_REPORT from child '1', loader_opcode = 0, report# 59 at 595908 cur_sample=59, num_rcd=0, num_pge=3, from ip = IPV4:127.0.0.1.27095, testrun number = 0
07/28/15 18:52:24|00:09:52|wait_forever.c|2229|process_progress_report_msg|-|255|-1|-1|-1|-1|Recieved PROGRESS_REPORT from child '2', loader_opcode = 0, report# 59 at 595908 cur_sample=59, num_rcd=1, num_pge=3, from ip = IPV4:127.0.0.1.27097, testrun number = 0
07/28/15 18:52:24|00:09:52|wait_forever.c|2229|process_progress_report_msg|-|255|-1|-1|-1|-1|Recieved PROGRESS_REPORT from child '0', loader_opcode = 0, report# 59 at 595908 cur_sample=59, num_rcd=2, num_pge=3, from ip = IPV4:127.0.0.1.27093, testrun number = 0
07/28/15 18:52:34|00:10:02|wait_forever.c|2229|process_progress_report_msg|-|255|-1|-1|-1|-1|Recieved PROGRESS_REPORT from child '2', loader_opcode = 0, report# 60 at 605908 cur_sample=60, num_rcd=0, num_pge=3, from ip = IPV4:127.0.0.1.27097, testrun number = 0
07/28/15 18:52:34|00:10:02|wait_forever.c|2229|process_progress_report_msg|-|255|-1|-1|-1|-1|Recieved PROGRESS_REPORT from child '0', loader_opcode = 0, report# 60 at 605908 cur_sample=60, num_rcd=1, num_pge=3, from ip = IPV4:127.0.0.1.27093, testrun number = 0
07/28/15 18:52:34|00:10:02|wait_forever.c|2229|process_progress_report_msg|-|255|-1|-1|-1|-1|Recieved PROGRESS_REPORT from child '1', loader_opcode = 0, report# 60 at 605909 cur_sample=60, num_rcd=2, num_pge=3, from ip = IPV4:127.0.0.1.27095, testrun number = 0
07/28/15 18:52:44|00:10:12|wait_forever.c|2229|process_progress_report_msg|-|255|-1|-1|-1|-1|Recieved PROGRESS_REPORT from child '2', loader_opcode = 0, report# 61 at 615908 cur_sample=61, num_rcd=0, num_pge=3, from ip = IPV4:127.0.0.1.27097, testrun number = 0
07/28/15 18:52:44|00:10:12|wait_forever.c|2229|process_progress_report_msg|-|255|-1|-1|-1|-1|Recieved PROGRESS_REPORT from child '0', loader_opcode = 0, report# 61 at 615908 cur_sample=61, num_rcd=1, num_pge=3, from ip = IPV4:127.0.0.1.27093, testrun number = 0
07/28/15 18:52:44|00:10:12|wait_forever.c|2229|process_progress_report_msg|-|255|-1|-1|-1|-1|Recieved PROGRESS_REPORT from child '1', loader_opcode = 0, report# 61 at 615908 cur_sample=61, num_rcd=2, num_pge=3, from ip = IPV4:127.0.0.1.27095, testrun number = 0
07/28/15 18:52:54|00:10:22|wait_forever.c|2229|process_progress_report_msg|-|255|-1|-1|-1|-1|Recieved PROGRESS_REPORT from child '0', loader_opcode = 0, report# 62 at 625908 cur_sample=62, num_rcd=0, num_pge=3, from ip = IPV4:127.0.0.1.27093, testrun number = 0
07/28/15 18:52:54|00:10:22|wait_forever.c|2229|process_progress_report_msg|-|255|-1|-1|-1|-1|Recieved PROGRESS_REPORT from child '1', loader_opcode = 0, report# 62 at 625908 cur_sample=62, num_rcd=1, num_pge=3, from ip = IPV4:127.0.0.1.27095, testrun number = 0
07/28/15 18:52:54|00:10:22|wait_forever.c|2229|process_progress_report_msg|-|255|-1|-1|-1|-1|Recieved PROGRESS_REPORT from child '2', loader_opcode = 0, report# 62 at 625909 cur_sample=62, num_rcd=2, num_pge=3, from ip = IPV4:127.0.0.1.27097, testrun number = 0
07/28/15 18:53:04|00:10:32|wait_forever.c|2229|process_progress_report_msg|-|255|-1|-1|-1|-1|Recieved PROGRESS_REPORT from child '0', loader_opcode = 0, report# 63 at 635908 cur_sample=63, num_rcd=0, num_pge=3, from ip = IPV4:127.0.0.1.27093, testrun number = 0
07/28/15 18:53:04|00:10:32|wait_forever.c|2229|process_progress_report_msg|-|255|-1|-1|-1|-1|Recieved PROGRESS_REPORT from child '1', loader_opcode = 0, report# 63 at 635908 cur_sample=63, num_rcd=1, num_pge=3, from ip = IPV4:127.0.0.1.27095, testrun number = 0
07/28/15 18:53:04|00:10:32|wait_forever.c|2229|process_progress_report_msg|-|255|-1|-1|-1|-1|Recieved PROGRESS_REPORT from child '2', loader_opcode = 0, report# 63 at 635909 cur_sample=63, num_rcd=2, num_pge=3, from ip = IPV4:127.0.0.1.27097, testrun number = 0
07/28/15 18:53:14|00:10:42|wait_forever.c|2229|process_progress_report_msg|-|255|-1|-1|-1|-1|Recieved PROGRESS_REPORT from child '1', loader_opcode = 0, report# 64 at 645908 cur_sample=64, num_rcd=0, num_pge=3, from ip = IPV4:127.0.0.1.27095, testrun number = 0
07/28/15 18:53:14|00:10:42|wait_forever.c|2229|process_progress_report_msg|-|255|-1|-1|-1|-1|Recieved PROGRESS_REPORT from child '0', loader_opcode = 0, report# 64 at 645908 cur_sample=64, num_rcd=1, num_pge=3, from ip = IPV4:127.0.0.1.27093, testrun number = 0
07/28/15 18:53:14|00:10:42|wait_forever.c|2229|process_progress_report_msg|-|255|-1|-1|-1|-1|Recieved PROGRESS_REPORT from child '2', loader_opcode = 0, report# 64 at 645908 cur_sample=64, num_rcd=2, num_pge=3, from ip = IPV4:127.0.0.1.27097, testrun number = 0
07/28/15 18:53:24|00:10:52|wait_forever.c|2229|process_progress_report_msg|-|255|-1|-1|-1|-1|Recieved PROGRESS_REPORT from child '0', loader_opcode = 0, report# 65 at 655908 cur_sample=65, num_rcd=0, num_pge=3, from ip = IPV4:127.0.0.1.27093, testrun number = 0
07/28/15 18:53:24|00:10:52|wait_forever.c|2229|process_progress_report_msg|-|255|-1|-1|-1|-1|Recieved PROGRESS_REPORT from child '1', loader_opcode = 0, report# 65 at 655908 cur_sample=65, num_rcd=1, num_pge=3, from ip = IPV4:127.0.0.1.27095, testrun number = 0
07/28/15 18:53:24|00:10:52|wait_forever.c|2229|process_progress_report_msg|-|255|-1|-1|-1|-1|Recieved PROGRESS_REPORT from child '2', loader_opcode = 0, report# 65 at 655908 cur_sample=65, num_rcd=2, num_pge=3, from ip = IPV4:127.0.0.1.27097, testrun number = 0
07/28/15 18:53:34|00:11:02|wait_forever.c|2229|process_progress_report_msg|-|255|-1|-1|-1|-1|Recieved PROGRESS_REPORT from child '0', loader_opcode = 0, report# 66 at 665908 cur_sample=66, num_rcd=0, num_pge=3, from ip = IPV4:127.0.0.1.27093, testrun number = 0
07/28/15 18:53:34|00:11:02|wait_forever.c|2229|process_progress_report_msg|-|255|-1|-1|-1|-1|Recieved PROGRESS_REPORT from child '2', loader_opcode = 0, report# 66 at 665908 cur_sample=66, num_rcd=1, num_pge=3, from ip = IPV4:127.0.0.1.27097, testrun number = 0
07/28/15 18:53:34|00:11:02|wait_forever.c|2229|process_progress_report_msg|-|255|-1|-1|-1|-1|Recieved PROGRESS_REPORT from child '1', loader_opcode = 0, report# 66 at 665908 cur_sample=66, num_rcd=2, num_pge=3, from ip = IPV4:127.0.0.1.27095, testrun number = 0
07/28/15 18:53:44|00:11:12|wait_forever.c|2229|process_progress_report_msg|-|255|-1|-1|-1|-1|Recieved PROGRESS_REPORT from child '0', loader_opcode = 0, report# 67 at 675908 cur_sample=67, num_rcd=0, num_pge=3, from ip = IPV4:127.0.0.1.27093, testrun number = 0
07/28/15 18:53:44|00:11:12|wait_forever.c|2229|process_progress_report_msg|-|255|-1|-1|-1|-1|Recieved PROGRESS_REPORT from child '1', loader_opcode = 0, report# 67 at 675908 cur_sample=67, num_rcd=1, num_pge=3, from ip = IPV4:127.0.0.1.27095, testrun number = 0
07/28/15 18:53:44|00:11:12|wait_forever.c|2229|process_progress_report_msg|-|255|-1|-1|-1|-1|Recieved PROGRESS_REPORT from child '2', loader_opcode = 0, report# 67 at 675908 cur_sample=67, num_rcd=2, num_pge=3, from ip = IPV4:127.0.0.1.27097, testrun number = 0
07/28/15 18:53:54|00:11:22|wait_forever.c|2229|process_progress_report_msg|-|255|-1|-1|-1|-1|Recieved PROGRESS_REPORT from child '2', loader_opcode = 0, report# 68 at 685908 cur_sample=68, num_rcd=0, num_pge=3, from ip = IPV4:127.0.0.1.27097, testrun number = 0
07/28/15 18:53:54|00:11:22|wait_forever.c|2229|process_progress_report_msg|-|255|-1|-1|-1|-1|Recieved PROGRESS_REPORT from child '1', loader_opcode = 0, report# 68 at 685908 cur_sample=68, num_rcd=1, num_pge=3, from ip = IPV4:127.0.0.1.27095, testrun number = 0
07/28/15 18:53:54|00:11:22|wait_forever.c|2229|process_progress_report_msg|-|255|-1|-1|-1|-1|Recieved PROGRESS_REPORT from child '0', loader_opcode = 0, report# 68 at 685908 cur_sample=68, num_rcd=2, num_pge=3, from ip = IPV4:127.0.0.1.27093, testrun number = 0
07/28/15 18:54:04|00:11:32|wait_forever.c|2229|process_progress_report_msg|-|255|-1|-1|-1|-1|Recieved PROGRESS_REPORT from child '0', loader_opcode = 0, report# 69 at 695908 cur_sample=69, num_rcd=0, num_pge=3, from ip = IPV4:127.0.0.1.27093, testrun number = 0
07/28/15 18:54:04|00:11:32|wait_forever.c|2229|process_progress_report_msg|-|255|-1|-1|-1|-1|Recieved PROGRESS_REPORT from child '1', loader_opcode = 0, report# 69 at 695908 cur_sample=69, num_rcd=1, num_pge=3, from ip = IPV4:127.0.0.1.27095, testrun number = 0
07/28/15 18:54:04|00:11:32|wait_forever.c|2229|process_progress_report_msg|-|255|-1|-1|-1|-1|Recieved PROGRESS_REPORT from child '2', loader_opcode = 0, report# 69 at 695909 cur_sample=69, num_rcd=2, num_pge=3, from ip = IPV4:127.0.0.1.27097, testrun number = 0
07/28/15 18:54:13|00:11:41|wait_forever.c|1121|process_phase_complete_msg|-|255|-1|-1|-1|-1|Received phase complete message for grp idx = -1 phase completed phase idx = 3, child/generator id = 1, num children/generator = 3
07/28/15 18:54:13|00:11:41|wait_forever.c|1121|process_phase_complete_msg|-|255|-1|-1|-1|-1|Received phase complete message for grp idx = -1 phase completed phase idx = 3, child/generator id = 0, num children/generator = 3
07/28/15 18:54:13|00:11:41|wait_forever.c|1121|process_phase_complete_msg|-|255|-1|-1|-1|-1|Received phase complete message for grp idx = -1 phase completed phase idx = 3, child/generator id = 2, num children/generator = 3
07/28/15 18:54:14|00:11:42|wait_forever.c|2229|process_progress_report_msg|-|255|-1|-1|-1|-1|Recieved PROGRESS_REPORT from child '0', loader_opcode = 0, report# 70 at 705908 cur_sample=70, num_rcd=0, num_pge=3, from ip = IPV4:127.0.0.1.27093, testrun number = 0
07/28/15 18:54:14|00:11:42|wait_forever.c|2229|process_progress_report_msg|-|255|-1|-1|-1|-1|Recieved PROGRESS_REPORT from child '1', loader_opcode = 0, report# 70 at 705909 cur_sample=70, num_rcd=1, num_pge=3, from ip = IPV4:127.0.0.1.27095, testrun number = 0
07/28/15 18:54:14|00:11:42|wait_forever.c|2229|process_progress_report_msg|-|255|-1|-1|-1|-1|Recieved PROGRESS_REPORT from child '2', loader_opcode = 0, report# 70 at 705909 cur_sample=70, num_rcd=2, num_pge=3, from ip = IPV4:127.0.0.1.27097, testrun number = 0
07/28/15 18:54:24|00:11:52|wait_forever.c|2229|process_progress_report_msg|-|255|-1|-1|-1|-1|Recieved PROGRESS_REPORT from child '0', loader_opcode = 0, report# 71 at 715908 cur_sample=71, num_rcd=0, num_pge=3, from ip = IPV4:127.0.0.1.27093, testrun number = 0
07/28/15 18:54:24|00:11:52|wait_forever.c|2229|process_progress_report_msg|-|255|-1|-1|-1|-1|Recieved PROGRESS_REPORT from child '2', loader_opcode = 0, report# 71 at 715908 cur_sample=71, num_rcd=1, num_pge=3, from ip = IPV4:127.0.0.1.27097, testrun number = 0
07/28/15 18:54:24|00:11:52|wait_forever.c|2229|process_progress_report_msg|-|255|-1|-1|-1|-1|Recieved PROGRESS_REPORT from child '1', loader_opcode = 0, report# 71 at 715908 cur_sample=71, num_rcd=2, num_pge=3, from ip = IPV4:127.0.0.1.27095, testrun number = 0
07/28/15 18:54:34|00:12:02|wait_forever.c|2229|process_progress_report_msg|-|255|-1|-1|-1|-1|Recieved PROGRESS_REPORT from child '2', loader_opcode = 0, report# 72 at 725908 cur_sample=72, num_rcd=0, num_pge=3, from ip = IPV4:127.0.0.1.27097, testrun number = 0
07/28/15 18:54:34|00:12:02|wait_forever.c|2229|process_progress_report_msg|-|255|-1|-1|-1|-1|Recieved PROGRESS_REPORT from child '0', loader_opcode = 0, report# 72 at 725908 cur_sample=72, num_rcd=1, num_pge=3, from ip = IPV4:127.0.0.1.27093, testrun number = 0
07/28/15 18:54:34|00:12:02|wait_forever.c|2229|process_progress_report_msg|-|255|-1|-1|-1|-1|Recieved PROGRESS_REPORT from child '1', loader_opcode = 0, report# 72 at 725909 cur_sample=72, num_rcd=2, num_pge=3, from ip = IPV4:127.0.0.1.27095, testrun number = 0
07/28/15 18:54:44|00:12:12|wait_forever.c|2229|process_progress_report_msg|-|255|-1|-1|-1|-1|Recieved PROGRESS_REPORT from child '2', loader_opcode = 0, report# 73 at 735908 cur_sample=73, num_rcd=0, num_pge=3, from ip = IPV4:127.0.0.1.27097, testrun number = 0
07/28/15 18:54:44|00:12:12|wait_forever.c|2229|process_progress_report_msg|-|255|-1|-1|-1|-1|Recieved PROGRESS_REPORT from child '0', loader_opcode = 0, report# 73 at 735908 cur_sample=73, num_rcd=1, num_pge=3, from ip = IPV4:127.0.0.1.27093, testrun number = 0
07/28/15 18:54:44|00:12:12|wait_forever.c|2229|process_progress_report_msg|-|255|-1|-1|-1|-1|Recieved PROGRESS_REPORT from child '1', loader_opcode = 0, report# 73 at 735909 cur_sample=73, num_rcd=2, num_pge=3, from ip = IPV4:127.0.0.1.27095, testrun number = 0
07/28/15 18:54:54|00:12:22|wait_forever.c|2229|process_progress_report_msg|-|255|-1|-1|-1|-1|Recieved PROGRESS_REPORT from child '1', loader_opcode = 0, report# 74 at 745908 cur_sample=74, num_rcd=0, num_pge=3, from ip = IPV4:127.0.0.1.27095, testrun number = 0
07/28/15 18:54:54|00:12:22|wait_forever.c|2229|process_progress_report_msg|-|255|-1|-1|-1|-1|Recieved PROGRESS_REPORT from child '2', loader_opcode = 0, report# 74 at 745908 cur_sample=74, num_rcd=1, num_pge=3, from ip = IPV4:127.0.0.1.27097, testrun number = 0
07/28/15 18:54:54|00:12:22|wait_forever.c|2229|process_progress_report_msg|-|255|-1|-1|-1|-1|Recieved PROGRESS_REPORT from child '0', loader_opcode = 0, report# 74 at 745909 cur_sample=74, num_rcd=2, num_pge=3, from ip = IPV4:127.0.0.1.27093, testrun number = 0
07/28/15 18:55:04|00:12:32|wait_forever.c|2229|process_progress_report_msg|-|255|-1|-1|-1|-1|Recieved PROGRESS_REPORT from child '1', loader_opcode = 0, report# 75 at 755908 cur_sample=75, num_rcd=0, num_pge=3, from ip = IPV4:127.0.0.1.27095, testrun number = 0
07/28/15 18:55:04|00:12:32|wait_forever.c|2229|process_progress_report_msg|-|255|-1|-1|-1|-1|Recieved PROGRESS_REPORT from child '2', loader_opcode = 0, report# 75 at 755908 cur_sample=75, num_rcd=1, num_pge=3, from ip = IPV4:127.0.0.1.27097, testrun number = 0
07/28/15 18:55:04|00:12:32|wait_forever.c|2229|process_progress_report_msg|-|255|-1|-1|-1|-1|Recieved PROGRESS_REPORT from child '0', loader_opcode = 0, report# 75 at 755908 cur_sample=75, num_rcd=2, num_pge=3, from ip = IPV4:127.0.0.1.27093, testrun number = 0
07/28/15 18:55:14|00:12:42|wait_forever.c|2229|process_progress_report_msg|-|255|-1|-1|-1|-1|Recieved PROGRESS_REPORT from child '1', loader_opcode = 0, report# 76 at 765908 cur_sample=76, num_rcd=0, num_pge=3, from ip = IPV4:127.0.0.1.27095, testrun number = 0
07/28/15 18:55:14|00:12:42|wait_forever.c|2229|process_progress_report_msg|-|255|-1|-1|-1|-1|Recieved PROGRESS_REPORT from child '2', loader_opcode = 0, report# 76 at 765908 cur_sample=76, num_rcd=1, num_pge=3, from ip = IPV4:127.0.0.1.27097, testrun number = 0
07/28/15 18:55:14|00:12:42|wait_forever.c|2229|process_progress_report_msg|-|255|-1|-1|-1|-1|Recieved PROGRESS_REPORT from child '0', loader_opcode = 0, report# 76 at 765908 cur_sample=76, num_rcd=2, num_pge=3, from ip = IPV4:127.0.0.1.27093, testrun number = 0
07/28/15 18:55:24|00:12:52|wait_forever.c|2229|process_progress_report_msg|-|255|-1|-1|-1|-1|Recieved PROGRESS_REPORT from child '1', loader_opcode = 0, report# 77 at 775908 cur_sample=77, num_rcd=0, num_pge=3, from ip = IPV4:127.0.0.1.27095, testrun number = 0
07/28/15 18:55:24|00:12:52|wait_forever.c|2229|process_progress_report_msg|-|255|-1|-1|-1|-1|Recieved PROGRESS_REPORT from child '0', loader_opcode = 0, report# 77 at 775908 cur_sample=77, num_rcd=1, num_pge=3, from ip = IPV4:127.0.0.1.27093, testrun number = 0
07/28/15 18:55:24|00:12:52|wait_forever.c|2229|process_progress_report_msg|-|255|-1|-1|-1|-1|Recieved PROGRESS_REPORT from child '2', loader_opcode = 0, report# 77 at 775909 cur_sample=77, num_rcd=2, num_pge=3, from ip = IPV4:127.0.0.1.27097, testrun number = 0
07/28/15 18:55:34|00:13:02|wait_forever.c|2229|process_progress_report_msg|-|255|-1|-1|-1|-1|Recieved PROGRESS_REPORT from child '1', loader_opcode = 0, report# 78 at 785908 cur_sample=78, num_rcd=0, num_pge=3, from ip = IPV4:127.0.0.1.27095, testrun number = 0
07/28/15 18:55:34|00:13:02|wait_forever.c|2229|process_progress_report_msg|-|255|-1|-1|-1|-1|Recieved PROGRESS_REPORT from child '0', loader_opcode = 0, report# 78 at 785908 cur_sample=78, num_rcd=1, num_pge=3, from ip = IPV4:127.0.0.1.27093, testrun number = 0
07/28/15 18:55:34|00:13:02|wait_forever.c|2229|process_progress_report_msg|-|255|-1|-1|-1|-1|Recieved PROGRESS_REPORT from child '2', loader_opcode = 0, report# 78 at 785909 cur_sample=78, num_rcd=2, num_pge=3, from ip = IPV4:127.0.0.1.27097, testrun number = 0
07/28/15 18:55:44|00:13:12|wait_forever.c|2229|process_progress_report_msg|-|255|-1|-1|-1|-1|Recieved PROGRESS_REPORT from child '1', loader_opcode = 0, report# 79 at 795908 cur_sample=79, num_rcd=0, num_pge=3, from ip = IPV4:127.0.0.1.27095, testrun number = 0
07/28/15 18:55:44|00:13:12|wait_forever.c|2229|process_progress_report_msg|-|255|-1|-1|-1|-1|Recieved PROGRESS_REPORT from child '0', loader_opcode = 0, report# 79 at 795908 cur_sample=79, num_rcd=1, num_pge=3, from ip = IPV4:127.0.0.1.27093, testrun number = 0
07/28/15 18:55:44|00:13:12|wait_forever.c|2229|process_progress_report_msg|-|255|-1|-1|-1|-1|Recieved PROGRESS_REPORT from child '2', loader_opcode = 0, report# 79 at 795908 cur_sample=79, num_rcd=2, num_pge=3, from ip = IPV4:127.0.0.1.27097, testrun number = 0
07/28/15 18:55:54|00:13:22|wait_forever.c|2229|process_progress_report_msg|-|255|-1|-1|-1|-1|Recieved PROGRESS_REPORT from child '2', loader_opcode = 0, report# 80 at 805908 cur_sample=80, num_rcd=0, num_pge=3, from ip = IPV4:127.0.0.1.27097, testrun number = 0
07/28/15 18:55:54|00:13:22|wait_forever.c|2229|process_progress_report_msg|-|255|-1|-1|-1|-1|Recieved PROGRESS_REPORT from child '0', loader_opcode = 0, report# 80 at 805908 cur_sample=80, num_rcd=1, num_pge=3, from ip = IPV4:127.0.0.1.27093, testrun number = 0
07/28/15 18:55:54|00:13:22|wait_forever.c|2229|process_progress_report_msg|-|255|-1|-1|-1|-1|Recieved PROGRESS_REPORT from child '1', loader_opcode = 0, report# 80 at 805909 cur_sample=80, num_rcd=2, num_pge=3, from ip = IPV4:127.0.0.1.27095, testrun number = 0
07/28/15 18:56:04|00:13:32|wait_forever.c|2229|process_progress_report_msg|-|255|-1|-1|-1|-1|Recieved PROGRESS_REPORT from child '2', loader_opcode = 0, report# 81 at 815908 cur_sample=81, num_rcd=0, num_pge=3, from ip = IPV4:127.0.0.1.27097, testrun number = 0
07/28/15 18:56:04|00:13:32|wait_forever.c|2229|process_progress_report_msg|-|255|-1|-1|-1|-1|Recieved PROGRESS_REPORT from child '0', loader_opcode = 0, report# 81 at 815909 cur_sample=81, num_rcd=1, num_pge=3, from ip = IPV4:127.0.0.1.27093, testrun number = 0
07/28/15 18:56:04|00:13:32|wait_forever.c|2229|process_progress_report_msg|-|255|-1|-1|-1|-1|Recieved PROGRESS_REPORT from child '1', loader_opcode = 0, report# 81 at 815909 cur_sample=81, num_rcd=2, num_pge=3, from ip = IPV4:127.0.0.1.27095, testrun number = 0
07/28/15 18:56:14|00:13:42|wait_forever.c|2229|process_progress_report_msg|-|255|-1|-1|-1|-1|Recieved PROGRESS_REPORT from child '1', loader_opcode = 0, report# 82 at 825908 cur_sample=82, num_rcd=0, num_pge=3, from ip = IPV4:127.0.0.1.27095, testrun number = 0
07/28/15 18:56:14|00:13:42|wait_forever.c|2229|process_progress_report_msg|-|255|-1|-1|-1|-1|Recieved PROGRESS_REPORT from child '0', loader_opcode = 0, report# 82 at 825908 cur_sample=82, num_rcd=1, num_pge=3, from ip = IPV4:127.0.0.1.27093, testrun number = 0
07/28/15 18:56:14|00:13:42|wait_forever.c|2229|process_progress_report_msg|-|255|-1|-1|-1|-1|Recieved PROGRESS_REPORT from child '2', loader_opcode = 0, report# 82 at 825909 cur_sample=82, num_rcd=2, num_pge=3, from ip = IPV4:127.0.0.1.27097, testrun number = 0
07/28/15 18:56:24|00:13:52|wait_forever.c|2229|process_progress_report_msg|-|255|-1|-1|-1|-1|Recieved PROGRESS_REPORT from child '1', loader_opcode = 0, report# 83 at 835908 cur_sample=83, num_rcd=0, num_pge=3, from ip = IPV4:127.0.0.1.27095, testrun number = 0
07/28/15 18:56:24|00:13:52|wait_forever.c|2229|process_progress_report_msg|-|255|-1|-1|-1|-1|Recieved PROGRESS_REPORT from child '2', loader_opcode = 0, report# 83 at 835908 cur_sample=83, num_rcd=1, num_pge=3, from ip = IPV4:127.0.0.1.27097, testrun number = 0
07/28/15 18:56:24|00:13:52|wait_forever.c|2229|process_progress_report_msg|-|255|-1|-1|-1|-1|Recieved PROGRESS_REPORT from child '0', loader_opcode = 0, report# 83 at 835909 cur_sample=83, num_rcd=2, num_pge=3, from ip = IPV4:127.0.0.1.27093, testrun number = 0
07/28/15 18:56:34|00:14:02|wait_forever.c|2229|process_progress_report_msg|-|255|-1|-1|-1|-1|Recieved PROGRESS_REPORT from child '0', loader_opcode = 0, report# 84 at 845908 cur_sample=84, num_rcd=0, num_pge=3, from ip = IPV4:127.0.0.1.27093, testrun number = 0
07/28/15 18:56:34|00:14:02|wait_forever.c|2229|process_progress_report_msg|-|255|-1|-1|-1|-1|Recieved PROGRESS_REPORT from child '1', loader_opcode = 0, report# 84 at 845908 cur_sample=84, num_rcd=1, num_pge=3, from ip = IPV4:127.0.0.1.27095, testrun number = 0
07/28/15 18:56:34|00:14:02|wait_forever.c|2229|process_progress_report_msg|-|255|-1|-1|-1|-1|Recieved PROGRESS_REPORT from child '2', loader_opcode = 0, report# 84 at 845908 cur_sample=84, num_rcd=2, num_pge=3, from ip = IPV4:127.0.0.1.27097, testrun number = 0
07/28/15 18:56:44|00:14:12|wait_forever.c|2229|process_progress_report_msg|-|255|-1|-1|-1|-1|Recieved PROGRESS_REPORT from child '0', loader_opcode = 0, report# 85 at 855908 cur_sample=85, num_rcd=0, num_pge=3, from ip = IPV4:127.0.0.1.27093, testrun number = 0
07/28/15 18:56:44|00:14:12|wait_forever.c|2229|process_progress_report_msg|-|255|-1|-1|-1|-1|Recieved PROGRESS_REPORT from child '2', loader_opcode = 0, report# 85 at 855908 cur_sample=85, num_rcd=1, num_pge=3, from ip = IPV4:127.0.0.1.27097, testrun number = 0
07/28/15 18:56:44|00:14:12|wait_forever.c|2229|process_progress_report_msg|-|255|-1|-1|-1|-1|Recieved PROGRESS_REPORT from child '1', loader_opcode = 0, report# 85 at 855909 cur_sample=85, num_rcd=2, num_pge=3, from ip = IPV4:127.0.0.1.27095, testrun number = 0
07/28/15 18:56:54|00:14:22|wait_forever.c|2229|process_progress_report_msg|-|255|-1|-1|-1|-1|Recieved PROGRESS_REPORT from child '2', loader_opcode = 0, report# 86 at 865908 cur_sample=86, num_rcd=0, num_pge=3, from ip = IPV4:127.0.0.1.27097, testrun number = 0
07/28/15 18:56:54|00:14:22|wait_forever.c|2229|process_progress_report_msg|-|255|-1|-1|-1|-1|Recieved PROGRESS_REPORT from child '1', loader_opcode = 0, report# 86 at 865908 cur_sample=86, num_rcd=1, num_pge=3, from ip = IPV4:127.0.0.1.27095, testrun number = 0
07/28/15 18:56:54|00:14:22|wait_forever.c|2229|process_progress_report_msg|-|255|-1|-1|-1|-1|Recieved PROGRESS_REPORT from child '0', loader_opcode = 0, report# 86 at 865909 cur_sample=86, num_rcd=2, num_pge=3, from ip = IPV4:127.0.0.1.27093, testrun number = 0
07/28/15 18:57:04|00:14:32|wait_forever.c|2229|process_progress_report_msg|-|255|-1|-1|-1|-1|Recieved PROGRESS_REPORT from child '1', loader_opcode = 0, report# 87 at 875908 cur_sample=87, num_rcd=0, num_pge=3, from ip = IPV4:127.0.0.1.27095, testrun number = 0
07/28/15 18:57:04|00:14:32|wait_forever.c|2229|process_progress_report_msg|-|255|-1|-1|-1|-1|Recieved PROGRESS_REPORT from child '0', loader_opcode = 0, report# 87 at 875908 cur_sample=87, num_rcd=1, num_pge=3, from ip = IPV4:127.0.0.1.27093, testrun number = 0
07/28/15 18:57:04|00:14:32|wait_forever.c|2229|process_progress_report_msg|-|255|-1|-1|-1|-1|Recieved PROGRESS_REPORT from child '2', loader_opcode = 0, report# 87 at 875909 cur_sample=87, num_rcd=2, num_pge=3, from ip = IPV4:127.0.0.1.27097, testrun number = 0
07/28/15 18:57:14|00:14:42|wait_forever.c|2229|process_progress_report_msg|-|255|-1|-1|-1|-1|Recieved PROGRESS_REPORT from child '1', loader_opcode = 0, report# 88 at 885908 cur_sample=88, num_rcd=0, num_pge=3, from ip = IPV4:127.0.0.1.27095, testrun number = 0
07/28/15 18:57:14|00:14:42|wait_forever.c|2229|process_progress_report_msg|-|255|-1|-1|-1|-1|Recieved PROGRESS_REPORT from child '0', loader_opcode = 0, report# 88 at 885908 cur_sample=88, num_rcd=1, num_pge=3, from ip = IPV4:127.0.0.1.27093, testrun number = 0
07/28/15 18:57:14|00:14:42|wait_forever.c|2229|process_progress_report_msg|-|255|-1|-1|-1|-1|Recieved PROGRESS_REPORT from child '2', loader_opcode = 0, report# 88 at 885909 cur_sample=88, num_rcd=2, num_pge=3, from ip = IPV4:127.0.0.1.27097, testrun number = 0
07/28/15 18:57:24|00:14:52|wait_forever.c|2229|process_progress_report_msg|-|255|-1|-1|-1|-1|Recieved PROGRESS_REPORT from child '1', loader_opcode = 0, report# 89 at 895908 cur_sample=89, num_rcd=0, num_pge=3, from ip = IPV4:127.0.0.1.27095, testrun number = 0
07/28/15 18:57:24|00:14:52|wait_forever.c|2229|process_progress_report_msg|-|255|-1|-1|-1|-1|Recieved PROGRESS_REPORT from child '0', loader_opcode = 0, report# 89 at 895908 cur_sample=89, num_rcd=1, num_pge=3, from ip = IPV4:127.0.0.1.27093, testrun number = 0
07/28/15 18:57:24|00:14:52|wait_forever.c|2229|process_progress_report_msg|-|255|-1|-1|-1|-1|Recieved PROGRESS_REPORT from child '2', loader_opcode = 0, report# 89 at 895909 cur_sample=89, num_rcd=2, num_pge=3, from ip = IPV4:127.0.0.1.27097, testrun number = 0
07/28/15 18:57:34|00:15:02|wait_forever.c|2229|process_progress_report_msg|-|255|-1|-1|-1|-1|Recieved PROGRESS_REPORT from child '2', loader_opcode = 0, report# 90 at 906149 cur_sample=90, num_rcd=0, num_pge=3, from ip = IPV4:127.0.0.1.27097, testrun number = 0
07/28/15 18:57:34|00:15:02|wait_forever.c|2229|process_progress_report_msg|-|255|-1|-1|-1|-1|Recieved PROGRESS_REPORT from child '0', loader_opcode = 0, report# 90 at 906149 cur_sample=90, num_rcd=1, num_pge=3, from ip = IPV4:127.0.0.1.27093, testrun number = 0
07/28/15 18:57:34|00:15:02|wait_forever.c|2229|process_progress_report_msg|-|255|-1|-1|-1|-1|Recieved PROGRESS_REPORT from child '1', loader_opcode = 0, report# 90 at 906149 cur_sample=90, num_rcd=2, num_pge=3, from ip = IPV4:127.0.0.1.27095, testrun number = 0
07/28/15 18:57:44|00:15:12|wait_forever.c|2229|process_progress_report_msg|-|255|-1|-1|-1|-1|Recieved PROGRESS_REPORT from child '2', loader_opcode = 0, report# 91 at 915908 cur_sample=91, num_rcd=0, num_pge=3, from ip = IPV4:127.0.0.1.27097, testrun number = 0
07/28/15 18:57:44|00:15:12|wait_forever.c|2229|process_progress_report_msg|-|255|-1|-1|-1|-1|Recieved PROGRESS_REPORT from child '1', loader_opcode = 0, report# 91 at 915908 cur_sample=91, num_rcd=1, num_pge=3, from ip = IPV4:127.0.0.1.27095, testrun number = 0
07/28/15 18:57:44|00:15:12|wait_forever.c|2229|process_progress_report_msg|-|255|-1|-1|-1|-1|Recieved PROGRESS_REPORT from child '0', loader_opcode = 0, report# 91 at 915908 cur_sample=91, num_rcd=2, num_pge=3, from ip = IPV4:127.0.0.1.27093, testrun number = 0
07/28/15 18:57:44|00:15:12|wait_forever.c|1121|process_phase_complete_msg|-|255|-1|-1|-1|-1|Received phase complete message for grp idx = -1 phase completed phase idx = 4, child/generator id = 0, num children/generator = 3
07/28/15 18:57:44|00:15:12|wait_forever.c|2229|process_progress_report_msg|-|255|-1|-1|-1|-1|Recieved PROGRESS_REPORT from child '0', loader_opcode = 0, report# 92 at 916347 cur_sample=92, num_rcd=0, num_pge=3, from ip = IPV4:127.0.0.1.27093, testrun number = 0
07/28/15 18:57:44|00:15:12|wait_forever.c|2042|process_finish_report_msg|-|255|-1|-1|-1|-1|Recieved FINISH_REPORT msg from the child_id = 0, num_active = 2, loader_opcode = 0, from ip = IPV4:127.0.0.1.27093
07/28/15 18:57:44|00:15:12|ns_msg_com_util.c|1050|close_msg_com_con|-|255|-1|-1|-1|-1|Closing connection for sock 'fd = 36, IP = IPV4:127.0.0.1.27093, State = 0x0, Connection = PARENT_TO_NVM'
07/28/15 18:57:44|00:15:12|wait_forever.c|1121|process_phase_complete_msg|-|255|-1|-1|-1|-1|Received phase complete message for grp idx = -1 phase completed phase idx = 4, child/generator id = 1, num children/generator = 3
07/28/15 18:57:44|00:15:12|wait_forever.c|2229|process_progress_report_msg|-|255|-1|-1|-1|-1|Recieved PROGRESS_REPORT from child '1', loader_opcode = 0, report# 92 at 916503 cur_sample=92, num_rcd=1, num_pge=3, from ip = IPV4:127.0.0.1.27095, testrun number = 0
07/28/15 18:57:44|00:15:12|wait_forever.c|1121|process_phase_complete_msg|-|255|-1|-1|-1|-1|Received phase complete message for grp idx = -1 phase completed phase idx = 4, child/generator id = 2, num children/generator = 3
07/28/15 18:57:44|00:15:12|wait_forever.c|2229|process_progress_report_msg|-|255|-1|-1|-1|-1|Recieved PROGRESS_REPORT from child '2', loader_opcode = 0, report# 92 at 916660 cur_sample=92, num_rcd=2, num_pge=3, from ip = IPV4:127.0.0.1.27097, testrun number = 0
07/28/15 18:57:49|00:15:17|wait_forever.c|2042|process_finish_report_msg|-|255|-1|-1|-1|-1|Recieved FINISH_REPORT msg from the child_id = 1, num_active = 1, loader_opcode = 0, from ip = IPV4:127.0.0.1.27095
07/28/15 18:57:49|00:15:17|ns_msg_com_util.c|1050|close_msg_com_con|-|255|-1|-1|-1|-1|Closing connection for sock 'fd = 37, IP = IPV4:127.0.0.1.27095, State = 0x0, Connection = PARENT_TO_NVM'
07/28/15 18:57:49|00:15:17|wait_forever.c|2042|process_finish_report_msg|-|255|-1|-1|-1|-1|Recieved FINISH_REPORT msg from the child_id = 2, num_active = 0, loader_opcode = 0, from ip = IPV4:127.0.0.1.27097
07/28/15 18:57:49|00:15:17|ns_msg_com_util.c|1050|close_msg_com_con|-|255|-1|-1|-1|-1|Closing connection for sock 'fd = 38, IP = IPV4:127.0.0.1.27097, State = 0x0, Connection = PARENT_TO_NVM'
07/28/15 18:57:49|00:15:17|wait_forever.c|2139|process_finish_report_msg|-|255|-1|-1|-1|-1|Recieved FINISH_REPORT msg from all child/clients