10/22 2:49:51|ScriptDefaultExceptionHandler|uncaughtException|Caught an unhandled exception - Non-EDT Exception in Thread-572|Following is the stack trace:
java.lang.Exception: java.lang.IllegalArgumentException: image == null!
	at pacAction.ScriptDefaultExceptionHandler$1.run(ScriptDefaultExceptionHandler.java:28)
	at java.awt.event.InvocationEvent.dispatch(Unknown Source)
	at java.awt.EventQueue.dispatchEventImpl(Unknown Source)
	at java.awt.EventQueue.access$500(Unknown Source)
	at java.awt.EventQueue$3.run(Unknown Source)
	at java.awt.EventQueue$3.run(Unknown Source)
	at java.security.AccessController.doPrivileged(Native Method)
	at java.security.ProtectionDomain$JavaSecurityAccessImpl.doIntersectionPrivilege(Unknown Source)
	at java.awt.EventQueue.dispatchEvent(Unknown Source)
	at java.awt.EventDispatchThread.pumpOneEventForFilters(Unknown Source)
	at java.awt.EventDispatchThread.pumpEventsForFilter(Unknown Source)
	at java.awt.EventDispatchThread.pumpEventsForHierarchy(Unknown Source)
	at java.awt.EventDispatchThread.pumpEvents(Unknown Source)
	at java.awt.EventDispatchThread.pumpEvents(Unknown Source)
	at java.awt.EventDispatchThread.run(Unknown Source)
Caused by: java.lang.IllegalArgumentException: image == null!
	at javax.imageio.ImageTypeSpecifier.createFromRenderedImage(Unknown Source)
	at javax.imageio.ImageIO.getWriter(Unknown Source)
	at javax.imageio.ImageIO.write(Unknown Source)
	at com.netstorm.chromium.util.ChromeSnapShotUtil.run(ChromeSnapShotUtil.java:111)
	at java.lang.Thread.run(Unknown Source)
10/22 2:50:30|ChormeParserForMainURLDump|updateUrlOfEmbeddedUrlsOfWebpageDump|Main url dump file is not existing. Dump file Name = index_html.html
10/22 2:50:30|ChormeParserForMainURLDump|updateUrlOfEmbeddedUrlsOfWebpageDump|Main url dump file is not existing. Dump file Name = login.html
10/22 2:50:30|ChormeParserForMainURLDump|updateUrlOfEmbeddedUrlsOfWebpageDump|Main url dump file is not existing. Dump file Name = reservation.html
10/22 2:50:30|ChormeParserForMainURLDump|updateUrlOfEmbeddedUrlsOfWebpageDump|Main url dump file is not existing. Dump file Name = findflight.html
10/22 2:50:30|ChormeParserForMainURLDump|updateUrlOfEmbeddedUrlsOfWebpageDump|Main url dump file is not existing. Dump file Name = findflight_2.html
10/22 2:50:31|ChormeParserForMainURLDump|updateUrlOfEmbeddedUrlsOfWebpageDump|Main url dump file is not existing. Dump file Name = findflight_3.html
10/22 2:50:31|ChormeParserForMainURLDump|updateUrlOfEmbeddedUrlsOfWebpageDump|Main url dump file is not existing. Dump file Name = welcome.html
10/22 2:50:31|ChromeUtils|generateUrlInfoListDetail|Exception in creating url_info.list file |Following is the stack trace:
java.lang.NullPointerException
	at com.netstorm.chromium.util.ChromeParserForMainURLDump.updateUrlOfResourceImages(ChromeParserForMainURLDump.java:413)
	at com.netstorm.chromium.util.ChromeUtils.generateUrlInfoListDetail(ChromeUtils.java:243)
	at com.netstorm.script.formatters.c.WebCFormattor.generateScripts(WebCFormattor.java:120)
	at com.netstorm.chromium.browser.ChromeMainFrame$7.onDisposed(ChromeMainFrame.java:380)
	at com.teamdev.jxbrowser.chromium.ad.run(SourceFile:1268)
	at com.teamdev.jxbrowser.chromium.internal.q.run(SourceFile:50)
	at java.util.concurrent.Executors$RunnableAdapter.call(Unknown Source)
	at java.util.concurrent.FutureTask.run(Unknown Source)
	at java.util.concurrent.ThreadPoolExecutor.runWorker(Unknown Source)
	at java.util.concurrent.ThreadPoolExecutor$Worker.run(Unknown Source)
	at java.lang.Thread.run(Unknown Source)
