A D/ATG_Performance_New_23rdAug_Inline////
A D/All_urlErr////
A D/Load_GC_RECO_OFF////
A D/PrePostURL////
A D/QATServerRemapping////
A D/QAT_alltypes_Dns////
A D/QAT_mail_1000////
A D/QAT_pop_all////
A D/Regression_Attachment////
A D/Regression_Subject_BuildInfo////
A D/ftp_simple////
A D/hpd_tours_replay_CScript////
A D/script1K////
A D/script1K_err////
A D/script1K_ex////
A D/tours////
A D/tours_Checkpoint////
A D/tours_EventLogAPI////
A D/tours_SizetoBig////
A D/tours_ex////
A D/tours_fail////
A D/tours_ssl////
