Absolute Time Stamp|Relative Time Stamp|File|Line|Function|Group|Parent/Child|User Index|Session Instance|Page|Instance|Logs
07/28/15 19:59:33|00:00:01|ns_gdf.c|2878|create_testrun_gdf|-|255|-1|-1|-1|-1|Going to fill gdf '/home/netstorm/work/logs/TR6551/testrun.gdf' from '/tmp/6551_tmp.gdf' test_run_gdf_count = 0.
07/28/15 19:59:33|00:00:01|ns_event_log.c|432|init_event_logger|-|255|-1|-1|-1|-1|Main thread Recovery data initialized withMAX_RECOVERY_COUNT = 10000, RESTART_TIME_THRESHOLD_IN_SEC = 900
07/28/15 19:59:33|00:00:01|ns_event_log.c|474|init_event_logger|-|255|-1|-1|-1|-1|Main thread, nsa log manager is not running. Recovering nsa_log_mgr.
07/28/15 19:59:33|00:00:01|logging.c|497|open_dlog_file_in_append_mode|-|255|-1|-1|-1|-1|Opening dlog file by parent at init or at partition switch time.
07/28/15 19:59:34|00:00:02|ns_session.c|93|init_sess_inst_start_num|-|255|-1|-1|-1|-1|Initializing sess_inst_num to 0, sess_inst_num = 49559371.
07/28/15 19:59:36|00:00:02|ns_summary_rpt.c|397|close_srfp_html|-|255|-1|-1|-1|-1|Closing srfp_html
07/28/15 19:59:36|00:00:02|ns_summary_rpt.c|397|close_srfp_html|-|255|-1|-1|-1|-1|Closing srfp_html
07/28/15 19:59:36|00:00:02|ns_summary_rpt.c|397|close_srfp_html|-|255|-1|-1|-1|-1|Closing srfp_html
07/28/15 19:59:36|00:00:02|ns_child.c|323|calculate_child_epoll_timeout|-|0|-1|-1|-1|-1|No timeout pending for NVM (0). Using infinite time in epoll_wait().
07/28/15 19:59:36|00:00:02|ns_child.c|323|calculate_child_epoll_timeout|-|1|-1|-1|-1|-1|No timeout pending for NVM (1). Using infinite time in epoll_wait().
07/28/15 19:59:36|00:00:02|ns_child.c|323|calculate_child_epoll_timeout|-|2|-1|-1|-1|-1|No timeout pending for NVM (2). Using infinite time in epoll_wait().
07/28/15 19:59:36|00:00:02|ns_summary_rpt.c|397|close_srfp_html|-|255|-1|-1|-1|-1|Closing srfp_html
07/28/15 19:59:36|00:00:02|wait_forever.c|1208|process_start_msg_by_client|-|255|-1|-1|-1|-1|Received START_MSG_BY_CLIENT from client id = 0, testrun number = 6551, fd = 35, IP = IPV4:127.0.0.1.39734, State = 0x0, Connection = PARENT_TO_NVM
07/28/15 19:59:36|00:00:02|wait_forever.c|1208|process_start_msg_by_client|-|255|-1|-1|-1|-1|Received START_MSG_BY_CLIENT from client id = 1, testrun number = 6551, fd = 36, IP = IPV4:127.0.0.1.39736, State = 0x0, Connection = PARENT_TO_NVM
07/28/15 19:59:36|00:00:02|wait_forever.c|1208|process_start_msg_by_client|-|255|-1|-1|-1|-1|Received START_MSG_BY_CLIENT from client id = 2, testrun number = 6551, fd = 37, IP = IPV4:127.0.0.1.39738, State = 0x0, Connection = PARENT_TO_NVM
07/28/15 19:59:36|00:00:02|ns_child.c|323|calculate_child_epoll_timeout|-|3|-1|-1|-1|-1|No timeout pending for NVM (3). Using infinite time in epoll_wait().
07/28/15 19:59:36|00:00:02|wait_forever.c|1208|process_start_msg_by_client|-|255|-1|-1|-1|-1|Received START_MSG_BY_CLIENT from client id = 3, testrun number = 6551, fd = 38, IP = IPV4:127.0.0.1.39740, State = 0x0, Connection = PARENT_TO_NVM
07/28/15 19:59:36|00:00:02|wait_forever.c|1121|process_phase_complete_msg|-|255|-1|-1|-1|-1|Received phase complete message for grp idx = -1 phase completed phase idx = 0, child/generator id = 3, num children/generator = 4
07/28/15 19:59:36|00:00:02|wait_forever.c|1121|process_phase_complete_msg|-|255|-1|-1|-1|-1|Received phase complete message for grp idx = -1 phase completed phase idx = 0, child/generator id = 0, num children/generator = 4
07/28/15 19:59:36|00:00:02|wait_forever.c|1121|process_phase_complete_msg|-|255|-1|-1|-1|-1|Received phase complete message for grp idx = -1 phase completed phase idx = 0, child/generator id = 1, num children/generator = 4
07/28/15 19:59:36|00:00:02|wait_forever.c|1121|process_phase_complete_msg|-|255|-1|-1|-1|-1|Received phase complete message for grp idx = -1 phase completed phase idx = 0, child/generator id = 2, num children/generator = 4
07/28/15 19:59:46|00:00:12|wait_forever.c|2229|process_progress_report_msg|-|255|-1|-1|-1|-1|Recieved PROGRESS_REPORT from child '1', loader_opcode = 0, report# 1 at 14565 cur_sample=1, num_rcd=0, num_pge=4, from ip = IPV4:127.0.0.1.39736, testrun number = 0
07/28/15 19:59:46|00:00:12|wait_forever.c|2229|process_progress_report_msg|-|255|-1|-1|-1|-1|Recieved PROGRESS_REPORT from child '0', loader_opcode = 0, report# 1 at 14565 cur_sample=1, num_rcd=1, num_pge=4, from ip = IPV4:127.0.0.1.39734, testrun number = 0
07/28/15 19:59:46|00:00:12|wait_forever.c|2229|process_progress_report_msg|-|255|-1|-1|-1|-1|Recieved PROGRESS_REPORT from child '2', loader_opcode = 0, report# 1 at 14566 cur_sample=1, num_rcd=2, num_pge=4, from ip = IPV4:127.0.0.1.39738, testrun number = 0
07/28/15 19:59:46|00:00:12|wait_forever.c|2229|process_progress_report_msg|-|255|-1|-1|-1|-1|Recieved PROGRESS_REPORT from child '3', loader_opcode = 0, report# 1 at 14567 cur_sample=1, num_rcd=3, num_pge=4, from ip = IPV4:127.0.0.1.39740, testrun number = 0
07/28/15 19:59:49|00:00:15|wait_forever.c|1121|process_phase_complete_msg|-|255|-1|-1|-1|-1|Received phase complete message for grp idx = -1 phase completed phase idx = 1, child/generator id = 0, num children/generator = 4
07/28/15 19:59:49|00:00:15|wait_forever.c|1121|process_phase_complete_msg|-|255|-1|-1|-1|-1|Received phase complete message for grp idx = -1 phase completed phase idx = 1, child/generator id = 1, num children/generator = 4
07/28/15 19:59:50|00:00:15|wait_forever.c|1121|process_phase_complete_msg|-|255|-1|-1|-1|-1|Received phase complete message for grp idx = -1 phase completed phase idx = 1, child/generator id = 2, num children/generator = 4
07/28/15 19:59:50|00:00:16|wait_forever.c|1121|process_phase_complete_msg|-|255|-1|-1|-1|-1|Received phase complete message for grp idx = -1 phase completed phase idx = 1, child/generator id = 3, num children/generator = 4
07/28/15 19:59:50|00:00:16|wait_forever.c|1121|process_phase_complete_msg|-|255|-1|-1|-1|-1|Received phase complete message for grp idx = -1 phase completed phase idx = 2, child/generator id = 1, num children/generator = 4
07/28/15 19:59:50|00:00:16|wait_forever.c|1121|process_phase_complete_msg|-|255|-1|-1|-1|-1|Received phase complete message for grp idx = -1 phase completed phase idx = 2, child/generator id = 3, num children/generator = 4
07/28/15 19:59:50|00:00:16|wait_forever.c|1121|process_phase_complete_msg|-|255|-1|-1|-1|-1|Received phase complete message for grp idx = -1 phase completed phase idx = 2, child/generator id = 2, num children/generator = 4
07/28/15 19:59:50|00:00:16|wait_forever.c|1121|process_phase_complete_msg|-|255|-1|-1|-1|-1|Received phase complete message for grp idx = -1 phase completed phase idx = 2, child/generator id = 0, num children/generator = 4
07/28/15 19:59:56|00:00:22|wait_forever.c|2229|process_progress_report_msg|-|255|-1|-1|-1|-1|Recieved PROGRESS_REPORT from child '0', loader_opcode = 0, report# 2 at 24565 cur_sample=2, num_rcd=0, num_pge=4, from ip = IPV4:127.0.0.1.39734, testrun number = 0
07/28/15 19:59:56|00:00:22|wait_forever.c|2229|process_progress_report_msg|-|255|-1|-1|-1|-1|Recieved PROGRESS_REPORT from child '1', loader_opcode = 0, report# 2 at 24565 cur_sample=2, num_rcd=1, num_pge=4, from ip = IPV4:127.0.0.1.39736, testrun number = 0
07/28/15 19:59:56|00:00:22|wait_forever.c|2229|process_progress_report_msg|-|255|-1|-1|-1|-1|Recieved PROGRESS_REPORT from child '2', loader_opcode = 0, report# 2 at 24567 cur_sample=2, num_rcd=2, num_pge=4, from ip = IPV4:127.0.0.1.39738, testrun number = 0
07/28/15 19:59:56|00:00:22|wait_forever.c|2229|process_progress_report_msg|-|255|-1|-1|-1|-1|Recieved PROGRESS_REPORT from child '3', loader_opcode = 0, report# 2 at 24567 cur_sample=2, num_rcd=3, num_pge=4, from ip = IPV4:127.0.0.1.39740, testrun number = 0
07/28/15 20:00:06|00:00:32|wait_forever.c|2229|process_progress_report_msg|-|255|-1|-1|-1|-1|Recieved PROGRESS_REPORT from child '1', loader_opcode = 0, report# 3 at 34565 cur_sample=3, num_rcd=0, num_pge=4, from ip = IPV4:127.0.0.1.39736, testrun number = 0
07/28/15 20:00:06|00:00:32|wait_forever.c|2229|process_progress_report_msg|-|255|-1|-1|-1|-1|Recieved PROGRESS_REPORT from child '3', loader_opcode = 0, report# 3 at 34566 cur_sample=3, num_rcd=1, num_pge=4, from ip = IPV4:127.0.0.1.39740, testrun number = 0
07/28/15 20:00:06|00:00:32|wait_forever.c|2229|process_progress_report_msg|-|255|-1|-1|-1|-1|Recieved PROGRESS_REPORT from child '2', loader_opcode = 0, report# 3 at 34566 cur_sample=3, num_rcd=2, num_pge=4, from ip = IPV4:127.0.0.1.39738, testrun number = 0
07/28/15 20:00:06|00:00:32|wait_forever.c|2229|process_progress_report_msg|-|255|-1|-1|-1|-1|Recieved PROGRESS_REPORT from child '0', loader_opcode = 0, report# 3 at 34566 cur_sample=3, num_rcd=3, num_pge=4, from ip = IPV4:127.0.0.1.39734, testrun number = 0
07/28/15 20:00:16|00:00:42|wait_forever.c|2229|process_progress_report_msg|-|255|-1|-1|-1|-1|Recieved PROGRESS_REPORT from child '3', loader_opcode = 0, report# 4 at 44566 cur_sample=4, num_rcd=0, num_pge=4, from ip = IPV4:127.0.0.1.39740, testrun number = 0
07/28/15 20:00:16|00:00:42|wait_forever.c|2229|process_progress_report_msg|-|255|-1|-1|-1|-1|Recieved PROGRESS_REPORT from child '0', loader_opcode = 0, report# 4 at 44566 cur_sample=4, num_rcd=1, num_pge=4, from ip = IPV4:127.0.0.1.39734, testrun number = 0
07/28/15 20:00:16|00:00:42|wait_forever.c|2229|process_progress_report_msg|-|255|-1|-1|-1|-1|Recieved PROGRESS_REPORT from child '2', loader_opcode = 0, report# 4 at 44566 cur_sample=4, num_rcd=2, num_pge=4, from ip = IPV4:127.0.0.1.39738, testrun number = 0
07/28/15 20:00:16|00:00:42|wait_forever.c|2229|process_progress_report_msg|-|255|-1|-1|-1|-1|Recieved PROGRESS_REPORT from child '1', loader_opcode = 0, report# 4 at 44566 cur_sample=4, num_rcd=3, num_pge=4, from ip = IPV4:127.0.0.1.39736, testrun number = 0
07/28/15 20:00:26|00:00:52|wait_forever.c|2229|process_progress_report_msg|-|255|-1|-1|-1|-1|Recieved PROGRESS_REPORT from child '1', loader_opcode = 0, report# 5 at 54565 cur_sample=5, num_rcd=0, num_pge=4, from ip = IPV4:127.0.0.1.39736, testrun number = 0
07/28/15 20:00:26|00:00:52|wait_forever.c|2229|process_progress_report_msg|-|255|-1|-1|-1|-1|Recieved PROGRESS_REPORT from child '0', loader_opcode = 0, report# 5 at 54565 cur_sample=5, num_rcd=1, num_pge=4, from ip = IPV4:127.0.0.1.39734, testrun number = 0
07/28/15 20:00:26|00:00:52|wait_forever.c|2229|process_progress_report_msg|-|255|-1|-1|-1|-1|Recieved PROGRESS_REPORT from child '3', loader_opcode = 0, report# 5 at 54566 cur_sample=5, num_rcd=2, num_pge=4, from ip = IPV4:127.0.0.1.39740, testrun number = 0
07/28/15 20:00:26|00:00:52|wait_forever.c|2229|process_progress_report_msg|-|255|-1|-1|-1|-1|Recieved PROGRESS_REPORT from child '2', loader_opcode = 0, report# 5 at 54568 cur_sample=5, num_rcd=3, num_pge=4, from ip = IPV4:127.0.0.1.39738, testrun number = 0
07/28/15 20:00:36|00:01:02|wait_forever.c|2229|process_progress_report_msg|-|255|-1|-1|-1|-1|Recieved PROGRESS_REPORT from child '0', loader_opcode = 0, report# 6 at 64566 cur_sample=6, num_rcd=0, num_pge=4, from ip = IPV4:127.0.0.1.39734, testrun number = 0
07/28/15 20:00:36|00:01:02|wait_forever.c|2229|process_progress_report_msg|-|255|-1|-1|-1|-1|Recieved PROGRESS_REPORT from child '3', loader_opcode = 0, report# 6 at 64566 cur_sample=6, num_rcd=1, num_pge=4, from ip = IPV4:127.0.0.1.39740, testrun number = 0
07/28/15 20:00:36|00:01:02|wait_forever.c|2229|process_progress_report_msg|-|255|-1|-1|-1|-1|Recieved PROGRESS_REPORT from child '1', loader_opcode = 0, report# 6 at 64566 cur_sample=6, num_rcd=2, num_pge=4, from ip = IPV4:127.0.0.1.39736, testrun number = 0
07/28/15 20:00:36|00:01:02|wait_forever.c|2229|process_progress_report_msg|-|255|-1|-1|-1|-1|Recieved PROGRESS_REPORT from child '2', loader_opcode = 0, report# 6 at 64567 cur_sample=6, num_rcd=3, num_pge=4, from ip = IPV4:127.0.0.1.39738, testrun number = 0
07/28/15 20:00:46|00:01:12|wait_forever.c|2229|process_progress_report_msg|-|255|-1|-1|-1|-1|Recieved PROGRESS_REPORT from child '1', loader_opcode = 0, report# 7 at 74566 cur_sample=7, num_rcd=0, num_pge=4, from ip = IPV4:127.0.0.1.39736, testrun number = 0
07/28/15 20:00:46|00:01:12|wait_forever.c|2229|process_progress_report_msg|-|255|-1|-1|-1|-1|Recieved PROGRESS_REPORT from child '3', loader_opcode = 0, report# 7 at 74566 cur_sample=7, num_rcd=1, num_pge=4, from ip = IPV4:127.0.0.1.39740, testrun number = 0
07/28/15 20:00:46|00:01:12|wait_forever.c|2229|process_progress_report_msg|-|255|-1|-1|-1|-1|Recieved PROGRESS_REPORT from child '0', loader_opcode = 0, report# 7 at 74566 cur_sample=7, num_rcd=2, num_pge=4, from ip = IPV4:127.0.0.1.39734, testrun number = 0
07/28/15 20:00:46|00:01:12|wait_forever.c|2229|process_progress_report_msg|-|255|-1|-1|-1|-1|Recieved PROGRESS_REPORT from child '2', loader_opcode = 0, report# 7 at 74567 cur_sample=7, num_rcd=3, num_pge=4, from ip = IPV4:127.0.0.1.39738, testrun number = 0
07/28/15 20:00:56|00:01:22|wait_forever.c|2229|process_progress_report_msg|-|255|-1|-1|-1|-1|Recieved PROGRESS_REPORT from child '3', loader_opcode = 0, report# 8 at 84565 cur_sample=8, num_rcd=0, num_pge=4, from ip = IPV4:127.0.0.1.39740, testrun number = 0
07/28/15 20:00:56|00:01:22|wait_forever.c|2229|process_progress_report_msg|-|255|-1|-1|-1|-1|Recieved PROGRESS_REPORT from child '0', loader_opcode = 0, report# 8 at 84565 cur_sample=8, num_rcd=1, num_pge=4, from ip = IPV4:127.0.0.1.39734, testrun number = 0
07/28/15 20:00:56|00:01:22|wait_forever.c|2229|process_progress_report_msg|-|255|-1|-1|-1|-1|Recieved PROGRESS_REPORT from child '1', loader_opcode = 0, report# 8 at 84565 cur_sample=8, num_rcd=2, num_pge=4, from ip = IPV4:127.0.0.1.39736, testrun number = 0
07/28/15 20:00:56|00:01:22|wait_forever.c|2229|process_progress_report_msg|-|255|-1|-1|-1|-1|Recieved PROGRESS_REPORT from child '2', loader_opcode = 0, report# 8 at 84566 cur_sample=8, num_rcd=3, num_pge=4, from ip = IPV4:127.0.0.1.39738, testrun number = 0
07/28/15 20:01:06|00:01:32|wait_forever.c|2229|process_progress_report_msg|-|255|-1|-1|-1|-1|Recieved PROGRESS_REPORT from child '0', loader_opcode = 0, report# 9 at 94566 cur_sample=9, num_rcd=0, num_pge=4, from ip = IPV4:127.0.0.1.39734, testrun number = 0
07/28/15 20:01:06|00:01:32|wait_forever.c|2229|process_progress_report_msg|-|255|-1|-1|-1|-1|Recieved PROGRESS_REPORT from child '1', loader_opcode = 0, report# 9 at 94566 cur_sample=9, num_rcd=1, num_pge=4, from ip = IPV4:127.0.0.1.39736, testrun number = 0
07/28/15 20:01:06|00:01:32|wait_forever.c|2229|process_progress_report_msg|-|255|-1|-1|-1|-1|Recieved PROGRESS_REPORT from child '2', loader_opcode = 0, report# 9 at 94566 cur_sample=9, num_rcd=2, num_pge=4, from ip = IPV4:127.0.0.1.39738, testrun number = 0
07/28/15 20:01:06|00:01:32|wait_forever.c|2229|process_progress_report_msg|-|255|-1|-1|-1|-1|Recieved PROGRESS_REPORT from child '3', loader_opcode = 0, report# 9 at 94566 cur_sample=9, num_rcd=3, num_pge=4, from ip = IPV4:127.0.0.1.39740, testrun number = 0
07/28/15 20:01:16|00:01:42|wait_forever.c|2229|process_progress_report_msg|-|255|-1|-1|-1|-1|Recieved PROGRESS_REPORT from child '1', loader_opcode = 0, report# 10 at 104565 cur_sample=10, num_rcd=0, num_pge=4, from ip = IPV4:127.0.0.1.39736, testrun number = 0
07/28/15 20:01:16|00:01:42|wait_forever.c|2229|process_progress_report_msg|-|255|-1|-1|-1|-1|Recieved PROGRESS_REPORT from child '2', loader_opcode = 0, report# 10 at 104566 cur_sample=10, num_rcd=1, num_pge=4, from ip = IPV4:127.0.0.1.39738, testrun number = 0
07/28/15 20:01:16|00:01:42|wait_forever.c|2229|process_progress_report_msg|-|255|-1|-1|-1|-1|Recieved PROGRESS_REPORT from child '0', loader_opcode = 0, report# 10 at 104566 cur_sample=10, num_rcd=2, num_pge=4, from ip = IPV4:127.0.0.1.39734, testrun number = 0
07/28/15 20:01:16|00:01:42|wait_forever.c|2229|process_progress_report_msg|-|255|-1|-1|-1|-1|Recieved PROGRESS_REPORT from child '3', loader_opcode = 0, report# 10 at 104566 cur_sample=10, num_rcd=3, num_pge=4, from ip = IPV4:127.0.0.1.39740, testrun number = 0
07/28/15 20:01:26|00:01:52|wait_forever.c|2229|process_progress_report_msg|-|255|-1|-1|-1|-1|Recieved PROGRESS_REPORT from child '3', loader_opcode = 0, report# 11 at 114565 cur_sample=11, num_rcd=0, num_pge=4, from ip = IPV4:127.0.0.1.39740, testrun number = 0
07/28/15 20:01:26|00:01:52|wait_forever.c|2229|process_progress_report_msg|-|255|-1|-1|-1|-1|Recieved PROGRESS_REPORT from child '0', loader_opcode = 0, report# 11 at 114565 cur_sample=11, num_rcd=1, num_pge=4, from ip = IPV4:127.0.0.1.39734, testrun number = 0
07/28/15 20:01:26|00:01:52|wait_forever.c|2229|process_progress_report_msg|-|255|-1|-1|-1|-1|Recieved PROGRESS_REPORT from child '1', loader_opcode = 0, report# 11 at 114566 cur_sample=11, num_rcd=2, num_pge=4, from ip = IPV4:127.0.0.1.39736, testrun number = 0
07/28/15 20:01:26|00:01:52|wait_forever.c|2229|process_progress_report_msg|-|255|-1|-1|-1|-1|Recieved PROGRESS_REPORT from child '2', loader_opcode = 0, report# 11 at 114567 cur_sample=11, num_rcd=3, num_pge=4, from ip = IPV4:127.0.0.1.39738, testrun number = 0
07/28/15 20:01:36|00:02:02|wait_forever.c|2229|process_progress_report_msg|-|255|-1|-1|-1|-1|Recieved PROGRESS_REPORT from child '1', loader_opcode = 0, report# 12 at 124565 cur_sample=12, num_rcd=0, num_pge=4, from ip = IPV4:127.0.0.1.39736, testrun number = 0
07/28/15 20:01:36|00:02:02|wait_forever.c|2229|process_progress_report_msg|-|255|-1|-1|-1|-1|Recieved PROGRESS_REPORT from child '3', loader_opcode = 0, report# 12 at 124565 cur_sample=12, num_rcd=1, num_pge=4, from ip = IPV4:127.0.0.1.39740, testrun number = 0
07/28/15 20:01:36|00:02:02|wait_forever.c|2229|process_progress_report_msg|-|255|-1|-1|-1|-1|Recieved PROGRESS_REPORT from child '0', loader_opcode = 0, report# 12 at 124565 cur_sample=12, num_rcd=2, num_pge=4, from ip = IPV4:127.0.0.1.39734, testrun number = 0
07/28/15 20:01:36|00:02:02|wait_forever.c|2229|process_progress_report_msg|-|255|-1|-1|-1|-1|Recieved PROGRESS_REPORT from child '2', loader_opcode = 0, report# 12 at 124567 cur_sample=12, num_rcd=3, num_pge=4, from ip = IPV4:127.0.0.1.39738, testrun number = 0
07/28/15 20:01:46|00:02:12|wait_forever.c|2229|process_progress_report_msg|-|255|-1|-1|-1|-1|Recieved PROGRESS_REPORT from child '1', loader_opcode = 0, report# 13 at 134565 cur_sample=13, num_rcd=0, num_pge=4, from ip = IPV4:127.0.0.1.39736, testrun number = 0
07/28/15 20:01:46|00:02:12|wait_forever.c|2229|process_progress_report_msg|-|255|-1|-1|-1|-1|Recieved PROGRESS_REPORT from child '0', loader_opcode = 0, report# 13 at 134566 cur_sample=13, num_rcd=1, num_pge=4, from ip = IPV4:127.0.0.1.39734, testrun number = 0
07/28/15 20:01:46|00:02:12|wait_forever.c|2229|process_progress_report_msg|-|255|-1|-1|-1|-1|Recieved PROGRESS_REPORT from child '3', loader_opcode = 0, report# 13 at 134566 cur_sample=13, num_rcd=2, num_pge=4, from ip = IPV4:127.0.0.1.39740, testrun number = 0
07/28/15 20:01:46|00:02:12|wait_forever.c|2229|process_progress_report_msg|-|255|-1|-1|-1|-1|Recieved PROGRESS_REPORT from child '2', loader_opcode = 0, report# 13 at 134567 cur_sample=13, num_rcd=3, num_pge=4, from ip = IPV4:127.0.0.1.39738, testrun number = 0
07/28/15 20:01:56|00:02:22|wait_forever.c|2229|process_progress_report_msg|-|255|-1|-1|-1|-1|Recieved PROGRESS_REPORT from child '0', loader_opcode = 0, report# 14 at 144565 cur_sample=14, num_rcd=0, num_pge=4, from ip = IPV4:127.0.0.1.39734, testrun number = 0
07/28/15 20:01:56|00:02:22|wait_forever.c|2229|process_progress_report_msg|-|255|-1|-1|-1|-1|Recieved PROGRESS_REPORT from child '1', loader_opcode = 0, report# 14 at 144566 cur_sample=14, num_rcd=1, num_pge=4, from ip = IPV4:127.0.0.1.39736, testrun number = 0
07/28/15 20:01:56|00:02:22|wait_forever.c|2229|process_progress_report_msg|-|255|-1|-1|-1|-1|Recieved PROGRESS_REPORT from child '2', loader_opcode = 0, report# 14 at 144566 cur_sample=14, num_rcd=2, num_pge=4, from ip = IPV4:127.0.0.1.39738, testrun number = 0
07/28/15 20:01:56|00:02:22|wait_forever.c|2229|process_progress_report_msg|-|255|-1|-1|-1|-1|Recieved PROGRESS_REPORT from child '3', loader_opcode = 0, report# 14 at 144566 cur_sample=14, num_rcd=3, num_pge=4, from ip = IPV4:127.0.0.1.39740, testrun number = 0
07/28/15 20:02:06|00:02:32|wait_forever.c|2229|process_progress_report_msg|-|255|-1|-1|-1|-1|Recieved PROGRESS_REPORT from child '0', loader_opcode = 0, report# 15 at 154565 cur_sample=15, num_rcd=0, num_pge=4, from ip = IPV4:127.0.0.1.39734, testrun number = 0
07/28/15 20:02:06|00:02:32|wait_forever.c|2229|process_progress_report_msg|-|255|-1|-1|-1|-1|Recieved PROGRESS_REPORT from child '1', loader_opcode = 0, report# 15 at 154566 cur_sample=15, num_rcd=1, num_pge=4, from ip = IPV4:127.0.0.1.39736, testrun number = 0
07/28/15 20:02:06|00:02:32|wait_forever.c|2229|process_progress_report_msg|-|255|-1|-1|-1|-1|Recieved PROGRESS_REPORT from child '3', loader_opcode = 0, report# 15 at 154566 cur_sample=15, num_rcd=2, num_pge=4, from ip = IPV4:127.0.0.1.39740, testrun number = 0
07/28/15 20:02:06|00:02:32|wait_forever.c|2229|process_progress_report_msg|-|255|-1|-1|-1|-1|Recieved PROGRESS_REPORT from child '2', loader_opcode = 0, report# 15 at 154566 cur_sample=15, num_rcd=3, num_pge=4, from ip = IPV4:127.0.0.1.39738, testrun number = 0
07/28/15 20:02:16|00:02:42|wait_forever.c|2229|process_progress_report_msg|-|255|-1|-1|-1|-1|Recieved PROGRESS_REPORT from child '3', loader_opcode = 0, report# 16 at 164566 cur_sample=16, num_rcd=0, num_pge=4, from ip = IPV4:127.0.0.1.39740, testrun number = 0
07/28/15 20:02:16|00:02:42|wait_forever.c|2229|process_progress_report_msg|-|255|-1|-1|-1|-1|Recieved PROGRESS_REPORT from child '1', loader_opcode = 0, report# 16 at 164566 cur_sample=16, num_rcd=1, num_pge=4, from ip = IPV4:127.0.0.1.39736, testrun number = 0
07/28/15 20:02:16|00:02:42|wait_forever.c|2229|process_progress_report_msg|-|255|-1|-1|-1|-1|Recieved PROGRESS_REPORT from child '2', loader_opcode = 0, report# 16 at 164567 cur_sample=16, num_rcd=2, num_pge=4, from ip = IPV4:127.0.0.1.39738, testrun number = 0
07/28/15 20:02:16|00:02:42|wait_forever.c|2229|process_progress_report_msg|-|255|-1|-1|-1|-1|Recieved PROGRESS_REPORT from child '0', loader_opcode = 0, report# 16 at 164567 cur_sample=16, num_rcd=3, num_pge=4, from ip = IPV4:127.0.0.1.39734, testrun number = 0
07/28/15 20:02:26|00:02:52|wait_forever.c|2229|process_progress_report_msg|-|255|-1|-1|-1|-1|Recieved PROGRESS_REPORT from child '3', loader_opcode = 0, report# 17 at 174565 cur_sample=17, num_rcd=0, num_pge=4, from ip = IPV4:127.0.0.1.39740, testrun number = 0
07/28/15 20:02:26|00:02:52|wait_forever.c|2229|process_progress_report_msg|-|255|-1|-1|-1|-1|Recieved PROGRESS_REPORT from child '1', loader_opcode = 0, report# 17 at 174565 cur_sample=17, num_rcd=1, num_pge=4, from ip = IPV4:127.0.0.1.39736, testrun number = 0
07/28/15 20:02:26|00:02:52|wait_forever.c|2229|process_progress_report_msg|-|255|-1|-1|-1|-1|Recieved PROGRESS_REPORT from child '0', loader_opcode = 0, report# 17 at 174567 cur_sample=17, num_rcd=2, num_pge=4, from ip = IPV4:127.0.0.1.39734, testrun number = 0
07/28/15 20:02:26|00:02:52|wait_forever.c|2229|process_progress_report_msg|-|255|-1|-1|-1|-1|Recieved PROGRESS_REPORT from child '2', loader_opcode = 0, report# 17 at 174567 cur_sample=17, num_rcd=3, num_pge=4, from ip = IPV4:127.0.0.1.39738, testrun number = 0
07/28/15 20:02:36|00:03:02|wait_forever.c|2229|process_progress_report_msg|-|255|-1|-1|-1|-1|Recieved PROGRESS_REPORT from child '1', loader_opcode = 0, report# 18 at 184565 cur_sample=18, num_rcd=0, num_pge=4, from ip = IPV4:127.0.0.1.39736, testrun number = 0
07/28/15 20:02:36|00:03:02|wait_forever.c|2229|process_progress_report_msg|-|255|-1|-1|-1|-1|Recieved PROGRESS_REPORT from child '3', loader_opcode = 0, report# 18 at 184565 cur_sample=18, num_rcd=1, num_pge=4, from ip = IPV4:127.0.0.1.39740, testrun number = 0
07/28/15 20:02:36|00:03:02|wait_forever.c|2229|process_progress_report_msg|-|255|-1|-1|-1|-1|Recieved PROGRESS_REPORT from child '0', loader_opcode = 0, report# 18 at 184567 cur_sample=18, num_rcd=2, num_pge=4, from ip = IPV4:127.0.0.1.39734, testrun number = 0
07/28/15 20:02:36|00:03:02|wait_forever.c|2229|process_progress_report_msg|-|255|-1|-1|-1|-1|Recieved PROGRESS_REPORT from child '2', loader_opcode = 0, report# 18 at 184567 cur_sample=18, num_rcd=3, num_pge=4, from ip = IPV4:127.0.0.1.39738, testrun number = 0
07/28/15 20:02:46|00:03:12|wait_forever.c|2229|process_progress_report_msg|-|255|-1|-1|-1|-1|Recieved PROGRESS_REPORT from child '0', loader_opcode = 0, report# 19 at 194565 cur_sample=19, num_rcd=0, num_pge=4, from ip = IPV4:127.0.0.1.39734, testrun number = 0
07/28/15 20:02:46|00:03:12|wait_forever.c|2229|process_progress_report_msg|-|255|-1|-1|-1|-1|Recieved PROGRESS_REPORT from child '3', loader_opcode = 0, report# 19 at 194566 cur_sample=19, num_rcd=1, num_pge=4, from ip = IPV4:127.0.0.1.39740, testrun number = 0
07/28/15 20:02:46|00:03:12|wait_forever.c|2229|process_progress_report_msg|-|255|-1|-1|-1|-1|Recieved PROGRESS_REPORT from child '1', loader_opcode = 0, report# 19 at 194566 cur_sample=19, num_rcd=2, num_pge=4, from ip = IPV4:127.0.0.1.39736, testrun number = 0
07/28/15 20:02:46|00:03:12|wait_forever.c|2229|process_progress_report_msg|-|255|-1|-1|-1|-1|Recieved PROGRESS_REPORT from child '2', loader_opcode = 0, report# 19 at 194566 cur_sample=19, num_rcd=3, num_pge=4, from ip = IPV4:127.0.0.1.39738, testrun number = 0
07/28/15 20:02:56|00:03:22|wait_forever.c|2229|process_progress_report_msg|-|255|-1|-1|-1|-1|Recieved PROGRESS_REPORT from child '0', loader_opcode = 0, report# 20 at 204565 cur_sample=20, num_rcd=0, num_pge=4, from ip = IPV4:127.0.0.1.39734, testrun number = 0
07/28/15 20:02:56|00:03:22|wait_forever.c|2229|process_progress_report_msg|-|255|-1|-1|-1|-1|Recieved PROGRESS_REPORT from child '3', loader_opcode = 0, report# 20 at 204565 cur_sample=20, num_rcd=1, num_pge=4, from ip = IPV4:127.0.0.1.39740, testrun number = 0
07/28/15 20:02:56|00:03:22|wait_forever.c|2229|process_progress_report_msg|-|255|-1|-1|-1|-1|Recieved PROGRESS_REPORT from child '2', loader_opcode = 0, report# 20 at 204566 cur_sample=20, num_rcd=2, num_pge=4, from ip = IPV4:127.0.0.1.39738, testrun number = 0
07/28/15 20:02:56|00:03:22|wait_forever.c|2229|process_progress_report_msg|-|255|-1|-1|-1|-1|Recieved PROGRESS_REPORT from child '1', loader_opcode = 0, report# 20 at 204567 cur_sample=20, num_rcd=3, num_pge=4, from ip = IPV4:127.0.0.1.39736, testrun number = 0
07/28/15 20:03:06|00:03:32|wait_forever.c|2229|process_progress_report_msg|-|255|-1|-1|-1|-1|Recieved PROGRESS_REPORT from child '3', loader_opcode = 0, report# 21 at 214565 cur_sample=21, num_rcd=0, num_pge=4, from ip = IPV4:127.0.0.1.39740, testrun number = 0
07/28/15 20:03:06|00:03:32|wait_forever.c|2229|process_progress_report_msg|-|255|-1|-1|-1|-1|Recieved PROGRESS_REPORT from child '0', loader_opcode = 0, report# 21 at 214565 cur_sample=21, num_rcd=1, num_pge=4, from ip = IPV4:127.0.0.1.39734, testrun number = 0
07/28/15 20:03:06|00:03:32|wait_forever.c|2229|process_progress_report_msg|-|255|-1|-1|-1|-1|Recieved PROGRESS_REPORT from child '2', loader_opcode = 0, report# 21 at 214566 cur_sample=21, num_rcd=2, num_pge=4, from ip = IPV4:127.0.0.1.39738, testrun number = 0
07/28/15 20:03:06|00:03:32|wait_forever.c|2229|process_progress_report_msg|-|255|-1|-1|-1|-1|Recieved PROGRESS_REPORT from child '1', loader_opcode = 0, report# 21 at 214566 cur_sample=21, num_rcd=3, num_pge=4, from ip = IPV4:127.0.0.1.39736, testrun number = 0
07/28/15 20:03:16|00:03:42|wait_forever.c|2229|process_progress_report_msg|-|255|-1|-1|-1|-1|Recieved PROGRESS_REPORT from child '0', loader_opcode = 0, report# 22 at 224565 cur_sample=22, num_rcd=0, num_pge=4, from ip = IPV4:127.0.0.1.39734, testrun number = 0
07/28/15 20:03:16|00:03:42|wait_forever.c|2229|process_progress_report_msg|-|255|-1|-1|-1|-1|Recieved PROGRESS_REPORT from child '3', loader_opcode = 0, report# 22 at 224566 cur_sample=22, num_rcd=1, num_pge=4, from ip = IPV4:127.0.0.1.39740, testrun number = 0
07/28/15 20:03:16|00:03:42|wait_forever.c|2229|process_progress_report_msg|-|255|-1|-1|-1|-1|Recieved PROGRESS_REPORT from child '1', loader_opcode = 0, report# 22 at 224566 cur_sample=22, num_rcd=2, num_pge=4, from ip = IPV4:127.0.0.1.39736, testrun number = 0
07/28/15 20:03:16|00:03:42|wait_forever.c|2229|process_progress_report_msg|-|255|-1|-1|-1|-1|Recieved PROGRESS_REPORT from child '2', loader_opcode = 0, report# 22 at 224568 cur_sample=22, num_rcd=3, num_pge=4, from ip = IPV4:127.0.0.1.39738, testrun number = 0
07/28/15 20:03:26|00:03:52|wait_forever.c|2229|process_progress_report_msg|-|255|-1|-1|-1|-1|Recieved PROGRESS_REPORT from child '1', loader_opcode = 0, report# 23 at 234566 cur_sample=23, num_rcd=0, num_pge=4, from ip = IPV4:127.0.0.1.39736, testrun number = 0
07/28/15 20:03:26|00:03:52|wait_forever.c|2229|process_progress_report_msg|-|255|-1|-1|-1|-1|Recieved PROGRESS_REPORT from child '2', loader_opcode = 0, report# 23 at 234566 cur_sample=23, num_rcd=1, num_pge=4, from ip = IPV4:127.0.0.1.39738, testrun number = 0
07/28/15 20:03:26|00:03:52|wait_forever.c|2229|process_progress_report_msg|-|255|-1|-1|-1|-1|Recieved PROGRESS_REPORT from child '3', loader_opcode = 0, report# 23 at 234566 cur_sample=23, num_rcd=2, num_pge=4, from ip = IPV4:127.0.0.1.39740, testrun number = 0
07/28/15 20:03:26|00:03:52|wait_forever.c|2229|process_progress_report_msg|-|255|-1|-1|-1|-1|Recieved PROGRESS_REPORT from child '0', loader_opcode = 0, report# 23 at 234566 cur_sample=23, num_rcd=3, num_pge=4, from ip = IPV4:127.0.0.1.39734, testrun number = 0
07/28/15 20:03:36|00:04:02|wait_forever.c|2229|process_progress_report_msg|-|255|-1|-1|-1|-1|Recieved PROGRESS_REPORT from child '0', loader_opcode = 0, report# 24 at 244565 cur_sample=24, num_rcd=0, num_pge=4, from ip = IPV4:127.0.0.1.39734, testrun number = 0
07/28/15 20:03:36|00:04:02|wait_forever.c|2229|process_progress_report_msg|-|255|-1|-1|-1|-1|Recieved PROGRESS_REPORT from child '1', loader_opcode = 0, report# 24 at 244566 cur_sample=24, num_rcd=1, num_pge=4, from ip = IPV4:127.0.0.1.39736, testrun number = 0
07/28/15 20:03:36|00:04:02|wait_forever.c|2229|process_progress_report_msg|-|255|-1|-1|-1|-1|Recieved PROGRESS_REPORT from child '3', loader_opcode = 0, report# 24 at 244568 cur_sample=24, num_rcd=2, num_pge=4, from ip = IPV4:127.0.0.1.39740, testrun number = 0
07/28/15 20:03:36|00:04:02|wait_forever.c|2229|process_progress_report_msg|-|255|-1|-1|-1|-1|Recieved PROGRESS_REPORT from child '2', loader_opcode = 0, report# 24 at 244568 cur_sample=24, num_rcd=3, num_pge=4, from ip = IPV4:127.0.0.1.39738, testrun number = 0
07/28/15 20:03:46|00:04:12|wait_forever.c|2229|process_progress_report_msg|-|255|-1|-1|-1|-1|Recieved PROGRESS_REPORT from child '1', loader_opcode = 0, report# 25 at 254565 cur_sample=25, num_rcd=0, num_pge=4, from ip = IPV4:127.0.0.1.39736, testrun number = 0
07/28/15 20:03:46|00:04:12|wait_forever.c|2229|process_progress_report_msg|-|255|-1|-1|-1|-1|Recieved PROGRESS_REPORT from child '0', loader_opcode = 0, report# 25 at 254819 cur_sample=25, num_rcd=1, num_pge=4, from ip = IPV4:127.0.0.1.39734, testrun number = 0
07/28/15 20:03:46|00:04:12|wait_forever.c|2229|process_progress_report_msg|-|255|-1|-1|-1|-1|Recieved PROGRESS_REPORT from child '2', loader_opcode = 0, report# 25 at 254819 cur_sample=25, num_rcd=2, num_pge=4, from ip = IPV4:127.0.0.1.39738, testrun number = 0
07/28/15 20:03:46|00:04:12|wait_forever.c|2229|process_progress_report_msg|-|255|-1|-1|-1|-1|Recieved PROGRESS_REPORT from child '3', loader_opcode = 0, report# 25 at 254819 cur_sample=25, num_rcd=3, num_pge=4, from ip = IPV4:127.0.0.1.39740, testrun number = 0
07/28/15 20:03:56|00:04:22|wait_forever.c|2229|process_progress_report_msg|-|255|-1|-1|-1|-1|Recieved PROGRESS_REPORT from child '3', loader_opcode = 0, report# 26 at 264566 cur_sample=26, num_rcd=0, num_pge=4, from ip = IPV4:127.0.0.1.39740, testrun number = 0
07/28/15 20:03:56|00:04:22|wait_forever.c|2229|process_progress_report_msg|-|255|-1|-1|-1|-1|Recieved PROGRESS_REPORT from child '1', loader_opcode = 0, report# 26 at 264566 cur_sample=26, num_rcd=1, num_pge=4, from ip = IPV4:127.0.0.1.39736, testrun number = 0
07/28/15 20:03:56|00:04:22|wait_forever.c|2229|process_progress_report_msg|-|255|-1|-1|-1|-1|Recieved PROGRESS_REPORT from child '0', loader_opcode = 0, report# 26 at 264566 cur_sample=26, num_rcd=2, num_pge=4, from ip = IPV4:127.0.0.1.39734, testrun number = 0
07/28/15 20:03:56|00:04:22|wait_forever.c|2229|process_progress_report_msg|-|255|-1|-1|-1|-1|Recieved PROGRESS_REPORT from child '2', loader_opcode = 0, report# 26 at 264568 cur_sample=26, num_rcd=3, num_pge=4, from ip = IPV4:127.0.0.1.39738, testrun number = 0
07/28/15 20:04:06|00:04:32|wait_forever.c|2229|process_progress_report_msg|-|255|-1|-1|-1|-1|Recieved PROGRESS_REPORT from child '0', loader_opcode = 0, report# 27 at 274565 cur_sample=27, num_rcd=0, num_pge=4, from ip = IPV4:127.0.0.1.39734, testrun number = 0
07/28/15 20:04:06|00:04:32|wait_forever.c|2229|process_progress_report_msg|-|255|-1|-1|-1|-1|Recieved PROGRESS_REPORT from child '1', loader_opcode = 0, report# 27 at 274565 cur_sample=27, num_rcd=1, num_pge=4, from ip = IPV4:127.0.0.1.39736, testrun number = 0
07/28/15 20:04:06|00:04:32|wait_forever.c|2229|process_progress_report_msg|-|255|-1|-1|-1|-1|Recieved PROGRESS_REPORT from child '3', loader_opcode = 0, report# 27 at 274566 cur_sample=27, num_rcd=2, num_pge=4, from ip = IPV4:127.0.0.1.39740, testrun number = 0
07/28/15 20:04:06|00:04:32|wait_forever.c|2229|process_progress_report_msg|-|255|-1|-1|-1|-1|Recieved PROGRESS_REPORT from child '2', loader_opcode = 0, report# 27 at 274567 cur_sample=27, num_rcd=3, num_pge=4, from ip = IPV4:127.0.0.1.39738, testrun number = 0
07/28/15 20:04:16|00:04:42|wait_forever.c|2229|process_progress_report_msg|-|255|-1|-1|-1|-1|Recieved PROGRESS_REPORT from child '0', loader_opcode = 0, report# 28 at 284565 cur_sample=28, num_rcd=0, num_pge=4, from ip = IPV4:127.0.0.1.39734, testrun number = 0
07/28/15 20:04:16|00:04:42|wait_forever.c|2229|process_progress_report_msg|-|255|-1|-1|-1|-1|Recieved PROGRESS_REPORT from child '3', loader_opcode = 0, report# 28 at 284566 cur_sample=28, num_rcd=1, num_pge=4, from ip = IPV4:127.0.0.1.39740, testrun number = 0
07/28/15 20:04:16|00:04:42|wait_forever.c|2229|process_progress_report_msg|-|255|-1|-1|-1|-1|Recieved PROGRESS_REPORT from child '1', loader_opcode = 0, report# 28 at 284566 cur_sample=28, num_rcd=2, num_pge=4, from ip = IPV4:127.0.0.1.39736, testrun number = 0
07/28/15 20:04:16|00:04:42|wait_forever.c|2229|process_progress_report_msg|-|255|-1|-1|-1|-1|Recieved PROGRESS_REPORT from child '2', loader_opcode = 0, report# 28 at 284567 cur_sample=28, num_rcd=3, num_pge=4, from ip = IPV4:127.0.0.1.39738, testrun number = 0
07/28/15 20:04:26|00:04:52|wait_forever.c|2229|process_progress_report_msg|-|255|-1|-1|-1|-1|Recieved PROGRESS_REPORT from child '1', loader_opcode = 0, report# 29 at 294566 cur_sample=29, num_rcd=0, num_pge=4, from ip = IPV4:127.0.0.1.39736, testrun number = 0
07/28/15 20:04:26|00:04:52|wait_forever.c|2229|process_progress_report_msg|-|255|-1|-1|-1|-1|Recieved PROGRESS_REPORT from child '0', loader_opcode = 0, report# 29 at 294566 cur_sample=29, num_rcd=1, num_pge=4, from ip = IPV4:127.0.0.1.39734, testrun number = 0
07/28/15 20:04:26|00:04:52|wait_forever.c|2229|process_progress_report_msg|-|255|-1|-1|-1|-1|Recieved PROGRESS_REPORT from child '2', loader_opcode = 0, report# 29 at 294568 cur_sample=29, num_rcd=2, num_pge=4, from ip = IPV4:127.0.0.1.39738, testrun number = 0
07/28/15 20:04:26|00:04:52|wait_forever.c|2229|process_progress_report_msg|-|255|-1|-1|-1|-1|Recieved PROGRESS_REPORT from child '3', loader_opcode = 0, report# 29 at 294569 cur_sample=29, num_rcd=3, num_pge=4, from ip = IPV4:127.0.0.1.39740, testrun number = 0
07/28/15 20:04:36|00:05:02|wait_forever.c|2229|process_progress_report_msg|-|255|-1|-1|-1|-1|Recieved PROGRESS_REPORT from child '1', loader_opcode = 0, report# 30 at 304566 cur_sample=30, num_rcd=0, num_pge=4, from ip = IPV4:127.0.0.1.39736, testrun number = 0
07/28/15 20:04:36|00:05:02|wait_forever.c|2229|process_progress_report_msg|-|255|-1|-1|-1|-1|Recieved PROGRESS_REPORT from child '0', loader_opcode = 0, report# 30 at 305080 cur_sample=30, num_rcd=1, num_pge=4, from ip = IPV4:127.0.0.1.39734, testrun number = 0
07/28/15 20:04:36|00:05:02|wait_forever.c|2229|process_progress_report_msg|-|255|-1|-1|-1|-1|Recieved PROGRESS_REPORT from child '3', loader_opcode = 0, report# 30 at 305080 cur_sample=30, num_rcd=2, num_pge=4, from ip = IPV4:127.0.0.1.39740, testrun number = 0
07/28/15 20:04:36|00:05:02|wait_forever.c|2229|process_progress_report_msg|-|255|-1|-1|-1|-1|Recieved PROGRESS_REPORT from child '2', loader_opcode = 0, report# 30 at 305081 cur_sample=30, num_rcd=3, num_pge=4, from ip = IPV4:127.0.0.1.39738, testrun number = 0
07/28/15 20:04:46|00:05:12|wait_forever.c|2229|process_progress_report_msg|-|255|-1|-1|-1|-1|Recieved PROGRESS_REPORT from child '3', loader_opcode = 0, report# 31 at 314566 cur_sample=31, num_rcd=0, num_pge=4, from ip = IPV4:127.0.0.1.39740, testrun number = 0
07/28/15 20:04:46|00:05:12|wait_forever.c|2229|process_progress_report_msg|-|255|-1|-1|-1|-1|Recieved PROGRESS_REPORT from child '1', loader_opcode = 0, report# 31 at 314566 cur_sample=31, num_rcd=1, num_pge=4, from ip = IPV4:127.0.0.1.39736, testrun number = 0
07/28/15 20:04:46|00:05:12|wait_forever.c|2229|process_progress_report_msg|-|255|-1|-1|-1|-1|Recieved PROGRESS_REPORT from child '2', loader_opcode = 0, report# 31 at 314567 cur_sample=31, num_rcd=2, num_pge=4, from ip = IPV4:127.0.0.1.39738, testrun number = 0
07/28/15 20:04:46|00:05:12|wait_forever.c|2229|process_progress_report_msg|-|255|-1|-1|-1|-1|Recieved PROGRESS_REPORT from child '0', loader_opcode = 0, report# 31 at 314567 cur_sample=31, num_rcd=3, num_pge=4, from ip = IPV4:127.0.0.1.39734, testrun number = 0
07/28/15 20:04:56|00:05:22|wait_forever.c|2229|process_progress_report_msg|-|255|-1|-1|-1|-1|Recieved PROGRESS_REPORT from child '0', loader_opcode = 0, report# 32 at 324565 cur_sample=32, num_rcd=0, num_pge=4, from ip = IPV4:127.0.0.1.39734, testrun number = 0
07/28/15 20:04:56|00:05:22|wait_forever.c|2229|process_progress_report_msg|-|255|-1|-1|-1|-1|Recieved PROGRESS_REPORT from child '3', loader_opcode = 0, report# 32 at 324565 cur_sample=32, num_rcd=1, num_pge=4, from ip = IPV4:127.0.0.1.39740, testrun number = 0
07/28/15 20:04:56|00:05:22|wait_forever.c|2229|process_progress_report_msg|-|255|-1|-1|-1|-1|Recieved PROGRESS_REPORT from child '1', loader_opcode = 0, report# 32 at 324565 cur_sample=32, num_rcd=2, num_pge=4, from ip = IPV4:127.0.0.1.39736, testrun number = 0
07/28/15 20:04:56|00:05:22|wait_forever.c|2229|process_progress_report_msg|-|255|-1|-1|-1|-1|Recieved PROGRESS_REPORT from child '2', loader_opcode = 0, report# 32 at 324568 cur_sample=32, num_rcd=3, num_pge=4, from ip = IPV4:127.0.0.1.39738, testrun number = 0
07/28/15 20:05:06|00:05:32|wait_forever.c|2229|process_progress_report_msg|-|255|-1|-1|-1|-1|Recieved PROGRESS_REPORT from child '1', loader_opcode = 0, report# 33 at 334565 cur_sample=33, num_rcd=0, num_pge=4, from ip = IPV4:127.0.0.1.39736, testrun number = 0
07/28/15 20:05:06|00:05:32|wait_forever.c|2229|process_progress_report_msg|-|255|-1|-1|-1|-1|Recieved PROGRESS_REPORT from child '0', loader_opcode = 0, report# 33 at 334964 cur_sample=33, num_rcd=1, num_pge=4, from ip = IPV4:127.0.0.1.39734, testrun number = 0
07/28/15 20:05:06|00:05:32|wait_forever.c|2229|process_progress_report_msg|-|255|-1|-1|-1|-1|Recieved PROGRESS_REPORT from child '3', loader_opcode = 0, report# 33 at 334964 cur_sample=33, num_rcd=2, num_pge=4, from ip = IPV4:127.0.0.1.39740, testrun number = 0
07/28/15 20:05:06|00:05:32|wait_forever.c|2229|process_progress_report_msg|-|255|-1|-1|-1|-1|Recieved PROGRESS_REPORT from child '2', loader_opcode = 0, report# 33 at 334964 cur_sample=33, num_rcd=3, num_pge=4, from ip = IPV4:127.0.0.1.39738, testrun number = 0
07/28/15 20:05:16|00:05:42|wait_forever.c|2229|process_progress_report_msg|-|255|-1|-1|-1|-1|Recieved PROGRESS_REPORT from child '0', loader_opcode = 0, report# 34 at 344565 cur_sample=34, num_rcd=0, num_pge=4, from ip = IPV4:127.0.0.1.39734, testrun number = 0
07/28/15 20:05:16|00:05:42|wait_forever.c|2229|process_progress_report_msg|-|255|-1|-1|-1|-1|Recieved PROGRESS_REPORT from child '1', loader_opcode = 0, report# 34 at 344565 cur_sample=34, num_rcd=1, num_pge=4, from ip = IPV4:127.0.0.1.39736, testrun number = 0
07/28/15 20:05:16|00:05:42|wait_forever.c|2229|process_progress_report_msg|-|255|-1|-1|-1|-1|Recieved PROGRESS_REPORT from child '2', loader_opcode = 0, report# 34 at 344566 cur_sample=34, num_rcd=2, num_pge=4, from ip = IPV4:127.0.0.1.39738, testrun number = 0
07/28/15 20:05:16|00:05:42|wait_forever.c|2229|process_progress_report_msg|-|255|-1|-1|-1|-1|Recieved PROGRESS_REPORT from child '3', loader_opcode = 0, report# 34 at 344566 cur_sample=34, num_rcd=3, num_pge=4, from ip = IPV4:127.0.0.1.39740, testrun number = 0
07/28/15 20:05:26|00:05:52|wait_forever.c|2229|process_progress_report_msg|-|255|-1|-1|-1|-1|Recieved PROGRESS_REPORT from child '1', loader_opcode = 0, report# 35 at 354565 cur_sample=35, num_rcd=0, num_pge=4, from ip = IPV4:127.0.0.1.39736, testrun number = 0
07/28/15 20:05:26|00:05:52|wait_forever.c|2229|process_progress_report_msg|-|255|-1|-1|-1|-1|Recieved PROGRESS_REPORT from child '0', loader_opcode = 0, report# 35 at 354566 cur_sample=35, num_rcd=1, num_pge=4, from ip = IPV4:127.0.0.1.39734, testrun number = 0
07/28/15 20:05:26|00:05:52|wait_forever.c|2229|process_progress_report_msg|-|255|-1|-1|-1|-1|Recieved PROGRESS_REPORT from child '3', loader_opcode = 0, report# 35 at 354566 cur_sample=35, num_rcd=2, num_pge=4, from ip = IPV4:127.0.0.1.39740, testrun number = 0
07/28/15 20:05:26|00:05:52|wait_forever.c|2229|process_progress_report_msg|-|255|-1|-1|-1|-1|Recieved PROGRESS_REPORT from child '2', loader_opcode = 0, report# 35 at 354566 cur_sample=35, num_rcd=3, num_pge=4, from ip = IPV4:127.0.0.1.39738, testrun number = 0
07/28/15 20:05:36|00:06:02|wait_forever.c|2229|process_progress_report_msg|-|255|-1|-1|-1|-1|Recieved PROGRESS_REPORT from child '3', loader_opcode = 0, report# 36 at 364565 cur_sample=36, num_rcd=0, num_pge=4, from ip = IPV4:127.0.0.1.39740, testrun number = 0
07/28/15 20:05:36|00:06:02|wait_forever.c|2229|process_progress_report_msg|-|255|-1|-1|-1|-1|Recieved PROGRESS_REPORT from child '2', loader_opcode = 0, report# 36 at 364566 cur_sample=36, num_rcd=1, num_pge=4, from ip = IPV4:127.0.0.1.39738, testrun number = 0
07/28/15 20:05:36|00:06:02|wait_forever.c|2229|process_progress_report_msg|-|255|-1|-1|-1|-1|Recieved PROGRESS_REPORT from child '1', loader_opcode = 0, report# 36 at 364566 cur_sample=36, num_rcd=2, num_pge=4, from ip = IPV4:127.0.0.1.39736, testrun number = 0
07/28/15 20:05:36|00:06:02|wait_forever.c|2229|process_progress_report_msg|-|255|-1|-1|-1|-1|Recieved PROGRESS_REPORT from child '0', loader_opcode = 0, report# 36 at 364566 cur_sample=36, num_rcd=3, num_pge=4, from ip = IPV4:127.0.0.1.39734, testrun number = 0
07/28/15 20:05:46|00:06:12|wait_forever.c|2229|process_progress_report_msg|-|255|-1|-1|-1|-1|Recieved PROGRESS_REPORT from child '1', loader_opcode = 0, report# 37 at 374565 cur_sample=37, num_rcd=0, num_pge=4, from ip = IPV4:127.0.0.1.39736, testrun number = 0
07/28/15 20:05:46|00:06:12|wait_forever.c|2229|process_progress_report_msg|-|255|-1|-1|-1|-1|Recieved PROGRESS_REPORT from child '0', loader_opcode = 0, report# 37 at 374566 cur_sample=37, num_rcd=1, num_pge=4, from ip = IPV4:127.0.0.1.39734, testrun number = 0
07/28/15 20:05:46|00:06:12|wait_forever.c|2229|process_progress_report_msg|-|255|-1|-1|-1|-1|Recieved PROGRESS_REPORT from child '3', loader_opcode = 0, report# 37 at 374566 cur_sample=37, num_rcd=2, num_pge=4, from ip = IPV4:127.0.0.1.39740, testrun number = 0
07/28/15 20:05:46|00:06:12|wait_forever.c|2229|process_progress_report_msg|-|255|-1|-1|-1|-1|Recieved PROGRESS_REPORT from child '2', loader_opcode = 0, report# 37 at 374566 cur_sample=37, num_rcd=3, num_pge=4, from ip = IPV4:127.0.0.1.39738, testrun number = 0
07/28/15 20:05:56|00:06:22|wait_forever.c|2229|process_progress_report_msg|-|255|-1|-1|-1|-1|Recieved PROGRESS_REPORT from child '0', loader_opcode = 0, report# 38 at 384565 cur_sample=38, num_rcd=0, num_pge=4, from ip = IPV4:127.0.0.1.39734, testrun number = 0
07/28/15 20:05:56|00:06:22|wait_forever.c|2229|process_progress_report_msg|-|255|-1|-1|-1|-1|Recieved PROGRESS_REPORT from child '1', loader_opcode = 0, report# 38 at 384565 cur_sample=38, num_rcd=1, num_pge=4, from ip = IPV4:127.0.0.1.39736, testrun number = 0
07/28/15 20:05:56|00:06:22|wait_forever.c|2229|process_progress_report_msg|-|255|-1|-1|-1|-1|Recieved PROGRESS_REPORT from child '3', loader_opcode = 0, report# 38 at 384566 cur_sample=38, num_rcd=2, num_pge=4, from ip = IPV4:127.0.0.1.39740, testrun number = 0
07/28/15 20:05:56|00:06:22|wait_forever.c|2229|process_progress_report_msg|-|255|-1|-1|-1|-1|Recieved PROGRESS_REPORT from child '2', loader_opcode = 0, report# 38 at 384567 cur_sample=38, num_rcd=3, num_pge=4, from ip = IPV4:127.0.0.1.39738, testrun number = 0
07/28/15 20:06:06|00:06:32|wait_forever.c|2229|process_progress_report_msg|-|255|-1|-1|-1|-1|Recieved PROGRESS_REPORT from child '1', loader_opcode = 0, report# 39 at 394566 cur_sample=39, num_rcd=0, num_pge=4, from ip = IPV4:127.0.0.1.39736, testrun number = 0
07/28/15 20:06:06|00:06:32|wait_forever.c|2229|process_progress_report_msg|-|255|-1|-1|-1|-1|Recieved PROGRESS_REPORT from child '3', loader_opcode = 0, report# 39 at 394566 cur_sample=39, num_rcd=1, num_pge=4, from ip = IPV4:127.0.0.1.39740, testrun number = 0
07/28/15 20:06:06|00:06:32|wait_forever.c|2229|process_progress_report_msg|-|255|-1|-1|-1|-1|Recieved PROGRESS_REPORT from child '2', loader_opcode = 0, report# 39 at 394566 cur_sample=39, num_rcd=2, num_pge=4, from ip = IPV4:127.0.0.1.39738, testrun number = 0
07/28/15 20:06:06|00:06:32|wait_forever.c|2229|process_progress_report_msg|-|255|-1|-1|-1|-1|Recieved PROGRESS_REPORT from child '0', loader_opcode = 0, report# 39 at 394567 cur_sample=39, num_rcd=3, num_pge=4, from ip = IPV4:127.0.0.1.39734, testrun number = 0
07/28/15 20:06:16|00:06:42|wait_forever.c|2229|process_progress_report_msg|-|255|-1|-1|-1|-1|Recieved PROGRESS_REPORT from child '2', loader_opcode = 0, report# 40 at 404566 cur_sample=40, num_rcd=0, num_pge=4, from ip = IPV4:127.0.0.1.39738, testrun number = 0
07/28/15 20:06:16|00:06:42|wait_forever.c|2229|process_progress_report_msg|-|255|-1|-1|-1|-1|Recieved PROGRESS_REPORT from child '1', loader_opcode = 0, report# 40 at 404566 cur_sample=40, num_rcd=1, num_pge=4, from ip = IPV4:127.0.0.1.39736, testrun number = 0
07/28/15 20:06:16|00:06:42|wait_forever.c|2229|process_progress_report_msg|-|255|-1|-1|-1|-1|Recieved PROGRESS_REPORT from child '0', loader_opcode = 0, report# 40 at 404566 cur_sample=40, num_rcd=2, num_pge=4, from ip = IPV4:127.0.0.1.39734, testrun number = 0
07/28/15 20:06:16|00:06:42|wait_forever.c|2229|process_progress_report_msg|-|255|-1|-1|-1|-1|Recieved PROGRESS_REPORT from child '3', loader_opcode = 0, report# 40 at 404566 cur_sample=40, num_rcd=3, num_pge=4, from ip = IPV4:127.0.0.1.39740, testrun number = 0
07/28/15 20:06:26|00:06:52|wait_forever.c|2229|process_progress_report_msg|-|255|-1|-1|-1|-1|Recieved PROGRESS_REPORT from child '1', loader_opcode = 0, report# 41 at 414566 cur_sample=41, num_rcd=0, num_pge=4, from ip = IPV4:127.0.0.1.39736, testrun number = 0
07/28/15 20:06:26|00:06:52|wait_forever.c|2229|process_progress_report_msg|-|255|-1|-1|-1|-1|Recieved PROGRESS_REPORT from child '0', loader_opcode = 0, report# 41 at 414566 cur_sample=41, num_rcd=1, num_pge=4, from ip = IPV4:127.0.0.1.39734, testrun number = 0
07/28/15 20:06:26|00:06:52|wait_forever.c|2229|process_progress_report_msg|-|255|-1|-1|-1|-1|Recieved PROGRESS_REPORT from child '2', loader_opcode = 0, report# 41 at 414567 cur_sample=41, num_rcd=2, num_pge=4, from ip = IPV4:127.0.0.1.39738, testrun number = 0
07/28/15 20:06:26|00:06:52|wait_forever.c|2229|process_progress_report_msg|-|255|-1|-1|-1|-1|Recieved PROGRESS_REPORT from child '3', loader_opcode = 0, report# 41 at 414567 cur_sample=41, num_rcd=3, num_pge=4, from ip = IPV4:127.0.0.1.39740, testrun number = 0
07/28/15 20:06:36|00:07:02|wait_forever.c|2229|process_progress_report_msg|-|255|-1|-1|-1|-1|Recieved PROGRESS_REPORT from child '1', loader_opcode = 0, report# 42 at 424565 cur_sample=42, num_rcd=0, num_pge=4, from ip = IPV4:127.0.0.1.39736, testrun number = 0
07/28/15 20:06:36|00:07:02|wait_forever.c|2229|process_progress_report_msg|-|255|-1|-1|-1|-1|Recieved PROGRESS_REPORT from child '3', loader_opcode = 0, report# 42 at 424565 cur_sample=42, num_rcd=1, num_pge=4, from ip = IPV4:127.0.0.1.39740, testrun number = 0
07/28/15 20:06:36|00:07:02|wait_forever.c|2229|process_progress_report_msg|-|255|-1|-1|-1|-1|Recieved PROGRESS_REPORT from child '0', loader_opcode = 0, report# 42 at 424565 cur_sample=42, num_rcd=2, num_pge=4, from ip = IPV4:127.0.0.1.39734, testrun number = 0
07/28/15 20:06:36|00:07:02|wait_forever.c|2229|process_progress_report_msg|-|255|-1|-1|-1|-1|Recieved PROGRESS_REPORT from child '2', loader_opcode = 0, report# 42 at 424568 cur_sample=42, num_rcd=3, num_pge=4, from ip = IPV4:127.0.0.1.39738, testrun number = 0
07/28/15 20:06:46|00:07:12|wait_forever.c|2229|process_progress_report_msg|-|255|-1|-1|-1|-1|Recieved PROGRESS_REPORT from child '3', loader_opcode = 0, report# 43 at 434566 cur_sample=43, num_rcd=0, num_pge=4, from ip = IPV4:127.0.0.1.39740, testrun number = 0
07/28/15 20:06:46|00:07:12|wait_forever.c|2229|process_progress_report_msg|-|255|-1|-1|-1|-1|Recieved PROGRESS_REPORT from child '1', loader_opcode = 0, report# 43 at 434566 cur_sample=43, num_rcd=1, num_pge=4, from ip = IPV4:127.0.0.1.39736, testrun number = 0
07/28/15 20:06:46|00:07:12|wait_forever.c|2229|process_progress_report_msg|-|255|-1|-1|-1|-1|Recieved PROGRESS_REPORT from child '0', loader_opcode = 0, report# 43 at 434566 cur_sample=43, num_rcd=2, num_pge=4, from ip = IPV4:127.0.0.1.39734, testrun number = 0
07/28/15 20:06:46|00:07:12|wait_forever.c|2229|process_progress_report_msg|-|255|-1|-1|-1|-1|Recieved PROGRESS_REPORT from child '2', loader_opcode = 0, report# 43 at 434566 cur_sample=43, num_rcd=3, num_pge=4, from ip = IPV4:127.0.0.1.39738, testrun number = 0
07/28/15 20:06:56|00:07:22|wait_forever.c|2229|process_progress_report_msg|-|255|-1|-1|-1|-1|Recieved PROGRESS_REPORT from child '0', loader_opcode = 0, report# 44 at 444565 cur_sample=44, num_rcd=0, num_pge=4, from ip = IPV4:127.0.0.1.39734, testrun number = 0
07/28/15 20:06:56|00:07:22|wait_forever.c|2229|process_progress_report_msg|-|255|-1|-1|-1|-1|Recieved PROGRESS_REPORT from child '3', loader_opcode = 0, report# 44 at 444565 cur_sample=44, num_rcd=1, num_pge=4, from ip = IPV4:127.0.0.1.39740, testrun number = 0
07/28/15 20:06:56|00:07:22|wait_forever.c|2229|process_progress_report_msg|-|255|-1|-1|-1|-1|Recieved PROGRESS_REPORT from child '1', loader_opcode = 0, report# 44 at 444565 cur_sample=44, num_rcd=2, num_pge=4, from ip = IPV4:127.0.0.1.39736, testrun number = 0
07/28/15 20:06:56|00:07:22|wait_forever.c|2229|process_progress_report_msg|-|255|-1|-1|-1|-1|Recieved PROGRESS_REPORT from child '2', loader_opcode = 0, report# 44 at 444566 cur_sample=44, num_rcd=3, num_pge=4, from ip = IPV4:127.0.0.1.39738, testrun number = 0
07/28/15 20:07:06|00:07:32|wait_forever.c|2229|process_progress_report_msg|-|255|-1|-1|-1|-1|Recieved PROGRESS_REPORT from child '0', loader_opcode = 0, report# 45 at 454565 cur_sample=45, num_rcd=0, num_pge=4, from ip = IPV4:127.0.0.1.39734, testrun number = 0
07/28/15 20:07:06|00:07:32|wait_forever.c|2229|process_progress_report_msg|-|255|-1|-1|-1|-1|Recieved PROGRESS_REPORT from child '1', loader_opcode = 0, report# 45 at 454565 cur_sample=45, num_rcd=1, num_pge=4, from ip = IPV4:127.0.0.1.39736, testrun number = 0
07/28/15 20:07:06|00:07:32|wait_forever.c|2229|process_progress_report_msg|-|255|-1|-1|-1|-1|Recieved PROGRESS_REPORT from child '3', loader_opcode = 0, report# 45 at 454565 cur_sample=45, num_rcd=2, num_pge=4, from ip = IPV4:127.0.0.1.39740, testrun number = 0
07/28/15 20:07:06|00:07:32|wait_forever.c|2229|process_progress_report_msg|-|255|-1|-1|-1|-1|Recieved PROGRESS_REPORT from child '2', loader_opcode = 0, report# 45 at 454566 cur_sample=45, num_rcd=3, num_pge=4, from ip = IPV4:127.0.0.1.39738, testrun number = 0
07/28/15 20:07:16|00:07:42|wait_forever.c|2229|process_progress_report_msg|-|255|-1|-1|-1|-1|Recieved PROGRESS_REPORT from child '3', loader_opcode = 0, report# 46 at 464566 cur_sample=46, num_rcd=0, num_pge=4, from ip = IPV4:127.0.0.1.39740, testrun number = 0
07/28/15 20:07:16|00:07:42|wait_forever.c|2229|process_progress_report_msg|-|255|-1|-1|-1|-1|Recieved PROGRESS_REPORT from child '0', loader_opcode = 0, report# 46 at 464566 cur_sample=46, num_rcd=1, num_pge=4, from ip = IPV4:127.0.0.1.39734, testrun number = 0
07/28/15 20:07:16|00:07:42|wait_forever.c|2229|process_progress_report_msg|-|255|-1|-1|-1|-1|Recieved PROGRESS_REPORT from child '2', loader_opcode = 0, report# 46 at 464566 cur_sample=46, num_rcd=2, num_pge=4, from ip = IPV4:127.0.0.1.39738, testrun number = 0
07/28/15 20:07:16|00:07:42|wait_forever.c|2229|process_progress_report_msg|-|255|-1|-1|-1|-1|Recieved PROGRESS_REPORT from child '1', loader_opcode = 0, report# 46 at 464566 cur_sample=46, num_rcd=3, num_pge=4, from ip = IPV4:127.0.0.1.39736, testrun number = 0
07/28/15 20:07:26|00:07:52|wait_forever.c|2229|process_progress_report_msg|-|255|-1|-1|-1|-1|Recieved PROGRESS_REPORT from child '3', loader_opcode = 0, report# 47 at 474565 cur_sample=47, num_rcd=0, num_pge=4, from ip = IPV4:127.0.0.1.39740, testrun number = 0
07/28/15 20:07:26|00:07:52|wait_forever.c|2229|process_progress_report_msg|-|255|-1|-1|-1|-1|Recieved PROGRESS_REPORT from child '0', loader_opcode = 0, report# 47 at 474566 cur_sample=47, num_rcd=1, num_pge=4, from ip = IPV4:127.0.0.1.39734, testrun number = 0
07/28/15 20:07:26|00:07:52|wait_forever.c|2229|process_progress_report_msg|-|255|-1|-1|-1|-1|Recieved PROGRESS_REPORT from child '2', loader_opcode = 0, report# 47 at 474567 cur_sample=47, num_rcd=2, num_pge=4, from ip = IPV4:127.0.0.1.39738, testrun number = 0
07/28/15 20:07:26|00:07:52|wait_forever.c|2229|process_progress_report_msg|-|255|-1|-1|-1|-1|Recieved PROGRESS_REPORT from child '1', loader_opcode = 0, report# 47 at 474567 cur_sample=47, num_rcd=3, num_pge=4, from ip = IPV4:127.0.0.1.39736, testrun number = 0
07/28/15 20:07:36|00:08:02|wait_forever.c|2229|process_progress_report_msg|-|255|-1|-1|-1|-1|Recieved PROGRESS_REPORT from child '0', loader_opcode = 0, report# 48 at 484565 cur_sample=48, num_rcd=0, num_pge=4, from ip = IPV4:127.0.0.1.39734, testrun number = 0
07/28/15 20:07:36|00:08:02|wait_forever.c|2229|process_progress_report_msg|-|255|-1|-1|-1|-1|Recieved PROGRESS_REPORT from child '3', loader_opcode = 0, report# 48 at 484565 cur_sample=48, num_rcd=1, num_pge=4, from ip = IPV4:127.0.0.1.39740, testrun number = 0
07/28/15 20:07:36|00:08:02|wait_forever.c|2229|process_progress_report_msg|-|255|-1|-1|-1|-1|Recieved PROGRESS_REPORT from child '2', loader_opcode = 0, report# 48 at 484566 cur_sample=48, num_rcd=2, num_pge=4, from ip = IPV4:127.0.0.1.39738, testrun number = 0
07/28/15 20:07:36|00:08:02|wait_forever.c|2229|process_progress_report_msg|-|255|-1|-1|-1|-1|Recieved PROGRESS_REPORT from child '1', loader_opcode = 0, report# 48 at 484566 cur_sample=48, num_rcd=3, num_pge=4, from ip = IPV4:127.0.0.1.39736, testrun number = 0
07/28/15 20:07:46|00:08:12|wait_forever.c|2229|process_progress_report_msg|-|255|-1|-1|-1|-1|Recieved PROGRESS_REPORT from child '0', loader_opcode = 0, report# 49 at 494566 cur_sample=49, num_rcd=0, num_pge=4, from ip = IPV4:127.0.0.1.39734, testrun number = 0
07/28/15 20:07:46|00:08:12|wait_forever.c|2229|process_progress_report_msg|-|255|-1|-1|-1|-1|Recieved PROGRESS_REPORT from child '2', loader_opcode = 0, report# 49 at 494566 cur_sample=49, num_rcd=1, num_pge=4, from ip = IPV4:127.0.0.1.39738, testrun number = 0
07/28/15 20:07:46|00:08:12|wait_forever.c|2229|process_progress_report_msg|-|255|-1|-1|-1|-1|Recieved PROGRESS_REPORT from child '1', loader_opcode = 0, report# 49 at 494566 cur_sample=49, num_rcd=2, num_pge=4, from ip = IPV4:127.0.0.1.39736, testrun number = 0
07/28/15 20:07:46|00:08:12|wait_forever.c|2229|process_progress_report_msg|-|255|-1|-1|-1|-1|Recieved PROGRESS_REPORT from child '3', loader_opcode = 0, report# 49 at 494566 cur_sample=49, num_rcd=3, num_pge=4, from ip = IPV4:127.0.0.1.39740, testrun number = 0
07/28/15 20:07:56|00:08:22|wait_forever.c|2229|process_progress_report_msg|-|255|-1|-1|-1|-1|Recieved PROGRESS_REPORT from child '1', loader_opcode = 0, report# 50 at 504565 cur_sample=50, num_rcd=0, num_pge=4, from ip = IPV4:127.0.0.1.39736, testrun number = 0
07/28/15 20:07:56|00:08:22|wait_forever.c|2229|process_progress_report_msg|-|255|-1|-1|-1|-1|Recieved PROGRESS_REPORT from child '3', loader_opcode = 0, report# 50 at 504565 cur_sample=50, num_rcd=1, num_pge=4, from ip = IPV4:127.0.0.1.39740, testrun number = 0
07/28/15 20:07:56|00:08:22|wait_forever.c|2229|process_progress_report_msg|-|255|-1|-1|-1|-1|Recieved PROGRESS_REPORT from child '0', loader_opcode = 0, report# 50 at 504566 cur_sample=50, num_rcd=2, num_pge=4, from ip = IPV4:127.0.0.1.39734, testrun number = 0
07/28/15 20:07:56|00:08:22|wait_forever.c|2229|process_progress_report_msg|-|255|-1|-1|-1|-1|Recieved PROGRESS_REPORT from child '2', loader_opcode = 0, report# 50 at 504566 cur_sample=50, num_rcd=3, num_pge=4, from ip = IPV4:127.0.0.1.39738, testrun number = 0
07/28/15 20:08:06|00:08:32|wait_forever.c|2229|process_progress_report_msg|-|255|-1|-1|-1|-1|Recieved PROGRESS_REPORT from child '0', loader_opcode = 0, report# 51 at 514565 cur_sample=51, num_rcd=0, num_pge=4, from ip = IPV4:127.0.0.1.39734, testrun number = 0
07/28/15 20:08:06|00:08:32|wait_forever.c|2229|process_progress_report_msg|-|255|-1|-1|-1|-1|Recieved PROGRESS_REPORT from child '3', loader_opcode = 0, report# 51 at 514566 cur_sample=51, num_rcd=1, num_pge=4, from ip = IPV4:127.0.0.1.39740, testrun number = 0
07/28/15 20:08:06|00:08:32|wait_forever.c|2229|process_progress_report_msg|-|255|-1|-1|-1|-1|Recieved PROGRESS_REPORT from child '1', loader_opcode = 0, report# 51 at 514566 cur_sample=51, num_rcd=2, num_pge=4, from ip = IPV4:127.0.0.1.39736, testrun number = 0
07/28/15 20:08:06|00:08:32|wait_forever.c|2229|process_progress_report_msg|-|255|-1|-1|-1|-1|Recieved PROGRESS_REPORT from child '2', loader_opcode = 0, report# 51 at 514566 cur_sample=51, num_rcd=3, num_pge=4, from ip = IPV4:127.0.0.1.39738, testrun number = 0
07/28/15 20:08:16|00:08:42|wait_forever.c|2229|process_progress_report_msg|-|255|-1|-1|-1|-1|Recieved PROGRESS_REPORT from child '0', loader_opcode = 0, report# 52 at 524565 cur_sample=52, num_rcd=0, num_pge=4, from ip = IPV4:127.0.0.1.39734, testrun number = 0
07/28/15 20:08:16|00:08:42|wait_forever.c|2229|process_progress_report_msg|-|255|-1|-1|-1|-1|Recieved PROGRESS_REPORT from child '1', loader_opcode = 0, report# 52 at 524565 cur_sample=52, num_rcd=1, num_pge=4, from ip = IPV4:127.0.0.1.39736, testrun number = 0
07/28/15 20:08:16|00:08:42|wait_forever.c|2229|process_progress_report_msg|-|255|-1|-1|-1|-1|Recieved PROGRESS_REPORT from child '3', loader_opcode = 0, report# 52 at 524565 cur_sample=52, num_rcd=2, num_pge=4, from ip = IPV4:127.0.0.1.39740, testrun number = 0
07/28/15 20:08:16|00:08:42|wait_forever.c|2229|process_progress_report_msg|-|255|-1|-1|-1|-1|Recieved PROGRESS_REPORT from child '2', loader_opcode = 0, report# 52 at 524570 cur_sample=52, num_rcd=3, num_pge=4, from ip = IPV4:127.0.0.1.39738, testrun number = 0
07/28/15 20:08:26|00:08:52|wait_forever.c|2229|process_progress_report_msg|-|255|-1|-1|-1|-1|Recieved PROGRESS_REPORT from child '3', loader_opcode = 0, report# 53 at 534565 cur_sample=53, num_rcd=0, num_pge=4, from ip = IPV4:127.0.0.1.39740, testrun number = 0
07/28/15 20:08:26|00:08:52|wait_forever.c|2229|process_progress_report_msg|-|255|-1|-1|-1|-1|Recieved PROGRESS_REPORT from child '0', loader_opcode = 0, report# 53 at 534565 cur_sample=53, num_rcd=1, num_pge=4, from ip = IPV4:127.0.0.1.39734, testrun number = 0
07/28/15 20:08:26|00:08:52|wait_forever.c|2229|process_progress_report_msg|-|255|-1|-1|-1|-1|Recieved PROGRESS_REPORT from child '1', loader_opcode = 0, report# 53 at 534566 cur_sample=53, num_rcd=2, num_pge=4, from ip = IPV4:127.0.0.1.39736, testrun number = 0
07/28/15 20:08:26|00:08:52|wait_forever.c|2229|process_progress_report_msg|-|255|-1|-1|-1|-1|Recieved PROGRESS_REPORT from child '2', loader_opcode = 0, report# 53 at 534566 cur_sample=53, num_rcd=3, num_pge=4, from ip = IPV4:127.0.0.1.39738, testrun number = 0
07/28/15 20:08:36|00:09:02|wait_forever.c|2229|process_progress_report_msg|-|255|-1|-1|-1|-1|Recieved PROGRESS_REPORT from child '0', loader_opcode = 0, report# 54 at 544566 cur_sample=54, num_rcd=0, num_pge=4, from ip = IPV4:127.0.0.1.39734, testrun number = 0
07/28/15 20:08:36|00:09:02|wait_forever.c|2229|process_progress_report_msg|-|255|-1|-1|-1|-1|Recieved PROGRESS_REPORT from child '3', loader_opcode = 0, report# 54 at 544566 cur_sample=54, num_rcd=1, num_pge=4, from ip = IPV4:127.0.0.1.39740, testrun number = 0
07/28/15 20:08:36|00:09:02|wait_forever.c|2229|process_progress_report_msg|-|255|-1|-1|-1|-1|Recieved PROGRESS_REPORT from child '2', loader_opcode = 0, report# 54 at 544567 cur_sample=54, num_rcd=2, num_pge=4, from ip = IPV4:127.0.0.1.39738, testrun number = 0
07/28/15 20:08:36|00:09:02|wait_forever.c|2229|process_progress_report_msg|-|255|-1|-1|-1|-1|Recieved PROGRESS_REPORT from child '1', loader_opcode = 0, report# 54 at 544567 cur_sample=54, num_rcd=3, num_pge=4, from ip = IPV4:127.0.0.1.39736, testrun number = 0
07/28/15 20:08:46|00:09:12|wait_forever.c|2229|process_progress_report_msg|-|255|-1|-1|-1|-1|Recieved PROGRESS_REPORT from child '3', loader_opcode = 0, report# 55 at 554565 cur_sample=55, num_rcd=0, num_pge=4, from ip = IPV4:127.0.0.1.39740, testrun number = 0
07/28/15 20:08:46|00:09:12|wait_forever.c|2229|process_progress_report_msg|-|255|-1|-1|-1|-1|Recieved PROGRESS_REPORT from child '1', loader_opcode = 0, report# 55 at 554566 cur_sample=55, num_rcd=1, num_pge=4, from ip = IPV4:127.0.0.1.39736, testrun number = 0
07/28/15 20:08:46|00:09:12|wait_forever.c|2229|process_progress_report_msg|-|255|-1|-1|-1|-1|Recieved PROGRESS_REPORT from child '0', loader_opcode = 0, report# 55 at 554566 cur_sample=55, num_rcd=2, num_pge=4, from ip = IPV4:127.0.0.1.39734, testrun number = 0
07/28/15 20:08:46|00:09:12|wait_forever.c|2229|process_progress_report_msg|-|255|-1|-1|-1|-1|Recieved PROGRESS_REPORT from child '2', loader_opcode = 0, report# 55 at 554566 cur_sample=55, num_rcd=3, num_pge=4, from ip = IPV4:127.0.0.1.39738, testrun number = 0
07/28/15 20:08:56|00:09:22|wait_forever.c|2229|process_progress_report_msg|-|255|-1|-1|-1|-1|Recieved PROGRESS_REPORT from child '3', loader_opcode = 0, report# 56 at 564565 cur_sample=56, num_rcd=0, num_pge=4, from ip = IPV4:127.0.0.1.39740, testrun number = 0
07/28/15 20:08:56|00:09:22|wait_forever.c|2229|process_progress_report_msg|-|255|-1|-1|-1|-1|Recieved PROGRESS_REPORT from child '0', loader_opcode = 0, report# 56 at 564566 cur_sample=56, num_rcd=1, num_pge=4, from ip = IPV4:127.0.0.1.39734, testrun number = 0
07/28/15 20:08:56|00:09:22|wait_forever.c|2229|process_progress_report_msg|-|255|-1|-1|-1|-1|Recieved PROGRESS_REPORT from child '1', loader_opcode = 0, report# 56 at 564566 cur_sample=56, num_rcd=2, num_pge=4, from ip = IPV4:127.0.0.1.39736, testrun number = 0
07/28/15 20:08:56|00:09:22|wait_forever.c|2229|process_progress_report_msg|-|255|-1|-1|-1|-1|Recieved PROGRESS_REPORT from child '2', loader_opcode = 0, report# 56 at 564567 cur_sample=56, num_rcd=3, num_pge=4, from ip = IPV4:127.0.0.1.39738, testrun number = 0
07/28/15 20:09:06|00:09:32|wait_forever.c|2229|process_progress_report_msg|-|255|-1|-1|-1|-1|Recieved PROGRESS_REPORT from child '3', loader_opcode = 0, report# 57 at 574566 cur_sample=57, num_rcd=0, num_pge=4, from ip = IPV4:127.0.0.1.39740, testrun number = 0
07/28/15 20:09:06|00:09:32|wait_forever.c|2229|process_progress_report_msg|-|255|-1|-1|-1|-1|Recieved PROGRESS_REPORT from child '0', loader_opcode = 0, report# 57 at 574566 cur_sample=57, num_rcd=1, num_pge=4, from ip = IPV4:127.0.0.1.39734, testrun number = 0
07/28/15 20:09:06|00:09:32|wait_forever.c|2229|process_progress_report_msg|-|255|-1|-1|-1|-1|Recieved PROGRESS_REPORT from child '2', loader_opcode = 0, report# 57 at 574566 cur_sample=57, num_rcd=2, num_pge=4, from ip = IPV4:127.0.0.1.39738, testrun number = 0
07/28/15 20:09:06|00:09:32|wait_forever.c|2229|process_progress_report_msg|-|255|-1|-1|-1|-1|Recieved PROGRESS_REPORT from child '1', loader_opcode = 0, report# 57 at 574566 cur_sample=57, num_rcd=3, num_pge=4, from ip = IPV4:127.0.0.1.39736, testrun number = 0
07/28/15 20:09:16|00:09:42|wait_forever.c|2229|process_progress_report_msg|-|255|-1|-1|-1|-1|Recieved PROGRESS_REPORT from child '0', loader_opcode = 0, report# 58 at 584566 cur_sample=58, num_rcd=0, num_pge=4, from ip = IPV4:127.0.0.1.39734, testrun number = 0
07/28/15 20:09:16|00:09:42|wait_forever.c|2229|process_progress_report_msg|-|255|-1|-1|-1|-1|Recieved PROGRESS_REPORT from child '1', loader_opcode = 0, report# 58 at 584566 cur_sample=58, num_rcd=1, num_pge=4, from ip = IPV4:127.0.0.1.39736, testrun number = 0
07/28/15 20:09:16|00:09:42|wait_forever.c|2229|process_progress_report_msg|-|255|-1|-1|-1|-1|Recieved PROGRESS_REPORT from child '3', loader_opcode = 0, report# 58 at 584566 cur_sample=58, num_rcd=2, num_pge=4, from ip = IPV4:127.0.0.1.39740, testrun number = 0
07/28/15 20:09:16|00:09:42|wait_forever.c|2229|process_progress_report_msg|-|255|-1|-1|-1|-1|Recieved PROGRESS_REPORT from child '2', loader_opcode = 0, report# 58 at 584569 cur_sample=58, num_rcd=3, num_pge=4, from ip = IPV4:127.0.0.1.39738, testrun number = 0
07/28/15 20:09:26|00:09:52|wait_forever.c|2229|process_progress_report_msg|-|255|-1|-1|-1|-1|Recieved PROGRESS_REPORT from child '3', loader_opcode = 0, report# 59 at 594565 cur_sample=59, num_rcd=0, num_pge=4, from ip = IPV4:127.0.0.1.39740, testrun number = 0
07/28/15 20:09:26|00:09:52|wait_forever.c|2229|process_progress_report_msg|-|255|-1|-1|-1|-1|Recieved PROGRESS_REPORT from child '1', loader_opcode = 0, report# 59 at 594565 cur_sample=59, num_rcd=1, num_pge=4, from ip = IPV4:127.0.0.1.39736, testrun number = 0
07/28/15 20:09:26|00:09:52|wait_forever.c|2229|process_progress_report_msg|-|255|-1|-1|-1|-1|Recieved PROGRESS_REPORT from child '0', loader_opcode = 0, report# 59 at 594566 cur_sample=59, num_rcd=2, num_pge=4, from ip = IPV4:127.0.0.1.39734, testrun number = 0
07/28/15 20:09:26|00:09:52|wait_forever.c|2229|process_progress_report_msg|-|255|-1|-1|-1|-1|Recieved PROGRESS_REPORT from child '2', loader_opcode = 0, report# 59 at 594567 cur_sample=59, num_rcd=3, num_pge=4, from ip = IPV4:127.0.0.1.39738, testrun number = 0
07/28/15 20:09:36|00:10:02|wait_forever.c|2229|process_progress_report_msg|-|255|-1|-1|-1|-1|Recieved PROGRESS_REPORT from child '1', loader_opcode = 0, report# 60 at 604566 cur_sample=60, num_rcd=0, num_pge=4, from ip = IPV4:127.0.0.1.39736, testrun number = 0
07/28/15 20:09:36|00:10:02|wait_forever.c|2229|process_progress_report_msg|-|255|-1|-1|-1|-1|Recieved PROGRESS_REPORT from child '0', loader_opcode = 0, report# 60 at 604566 cur_sample=60, num_rcd=1, num_pge=4, from ip = IPV4:127.0.0.1.39734, testrun number = 0
07/28/15 20:09:36|00:10:02|wait_forever.c|2229|process_progress_report_msg|-|255|-1|-1|-1|-1|Recieved PROGRESS_REPORT from child '3', loader_opcode = 0, report# 60 at 604567 cur_sample=60, num_rcd=2, num_pge=4, from ip = IPV4:127.0.0.1.39740, testrun number = 0
07/28/15 20:09:36|00:10:02|wait_forever.c|2229|process_progress_report_msg|-|255|-1|-1|-1|-1|Recieved PROGRESS_REPORT from child '2', loader_opcode = 0, report# 60 at 604567 cur_sample=60, num_rcd=3, num_pge=4, from ip = IPV4:127.0.0.1.39738, testrun number = 0
07/28/15 20:09:46|00:10:12|wait_forever.c|2229|process_progress_report_msg|-|255|-1|-1|-1|-1|Recieved PROGRESS_REPORT from child '3', loader_opcode = 0, report# 61 at 614566 cur_sample=61, num_rcd=0, num_pge=4, from ip = IPV4:127.0.0.1.39740, testrun number = 0
07/28/15 20:09:46|00:10:12|wait_forever.c|2229|process_progress_report_msg|-|255|-1|-1|-1|-1|Recieved PROGRESS_REPORT from child '1', loader_opcode = 0, report# 61 at 614566 cur_sample=61, num_rcd=1, num_pge=4, from ip = IPV4:127.0.0.1.39736, testrun number = 0
07/28/15 20:09:46|00:10:12|wait_forever.c|2229|process_progress_report_msg|-|255|-1|-1|-1|-1|Recieved PROGRESS_REPORT from child '0', loader_opcode = 0, report# 61 at 614566 cur_sample=61, num_rcd=2, num_pge=4, from ip = IPV4:127.0.0.1.39734, testrun number = 0
07/28/15 20:09:46|00:10:12|wait_forever.c|2229|process_progress_report_msg|-|255|-1|-1|-1|-1|Recieved PROGRESS_REPORT from child '2', loader_opcode = 0, report# 61 at 614568 cur_sample=61, num_rcd=3, num_pge=4, from ip = IPV4:127.0.0.1.39738, testrun number = 0
07/28/15 20:09:50|00:10:16|wait_forever.c|1121|process_phase_complete_msg|-|255|-1|-1|-1|-1|Received phase complete message for grp idx = -1 phase completed phase idx = 3, child/generator id = 1, num children/generator = 4
07/28/15 20:09:50|00:10:16|wait_forever.c|1121|process_phase_complete_msg|-|255|-1|-1|-1|-1|Received phase complete message for grp idx = -1 phase completed phase idx = 3, child/generator id = 0, num children/generator = 4
07/28/15 20:09:50|00:10:16|wait_forever.c|1121|process_phase_complete_msg|-|255|-1|-1|-1|-1|Received phase complete message for grp idx = -1 phase completed phase idx = 3, child/generator id = 3, num children/generator = 4
07/28/15 20:09:50|00:10:16|wait_forever.c|1121|process_phase_complete_msg|-|255|-1|-1|-1|-1|Received phase complete message for grp idx = -1 phase completed phase idx = 3, child/generator id = 2, num children/generator = 4
07/28/15 20:09:50|00:10:16|wait_forever.c|1121|process_phase_complete_msg|-|255|-1|-1|-1|-1|Received phase complete message for grp idx = -1 phase completed phase idx = 4, child/generator id = 1, num children/generator = 4
07/28/15 20:09:50|00:10:16|wait_forever.c|1121|process_phase_complete_msg|-|255|-1|-1|-1|-1|Received phase complete message for grp idx = -1 phase completed phase idx = 4, child/generator id = 3, num children/generator = 4
07/28/15 20:09:50|00:10:16|wait_forever.c|2229|process_progress_report_msg|-|255|-1|-1|-1|-1|Recieved PROGRESS_REPORT from child '1', loader_opcode = 0, report# 62 at 619030 cur_sample=62, num_rcd=0, num_pge=4, from ip = IPV4:127.0.0.1.39736, testrun number = 0
07/28/15 20:09:50|00:10:16|wait_forever.c|2229|process_progress_report_msg|-|255|-1|-1|-1|-1|Recieved PROGRESS_REPORT from child '3', loader_opcode = 0, report# 62 at 619030 cur_sample=62, num_rcd=1, num_pge=4, from ip = IPV4:127.0.0.1.39740, testrun number = 0
07/28/15 20:09:50|00:10:16|wait_forever.c|2042|process_finish_report_msg|-|255|-1|-1|-1|-1|Recieved FINISH_REPORT msg from the child_id = 1, num_active = 3, loader_opcode = 0, from ip = IPV4:127.0.0.1.39736
07/28/15 20:09:50|00:10:16|ns_msg_com_util.c|1050|close_msg_com_con|-|255|-1|-1|-1|-1|Closing connection for sock 'fd = 36, IP = IPV4:127.0.0.1.39736, State = 0x0, Connection = PARENT_TO_NVM'
07/28/15 20:09:50|00:10:16|wait_forever.c|2042|process_finish_report_msg|-|255|-1|-1|-1|-1|Recieved FINISH_REPORT msg from the child_id = 3, num_active = 2, loader_opcode = 0, from ip = IPV4:127.0.0.1.39740
07/28/15 20:09:50|00:10:16|ns_msg_com_util.c|1050|close_msg_com_con|-|255|-1|-1|-1|-1|Closing connection for sock 'fd = 38, IP = IPV4:127.0.0.1.39740, State = 0x0, Connection = PARENT_TO_NVM'
07/28/15 20:09:50|00:10:16|wait_forever.c|1121|process_phase_complete_msg|-|255|-1|-1|-1|-1|Received phase complete message for grp idx = -1 phase completed phase idx = 4, child/generator id = 2, num children/generator = 4
07/28/15 20:09:50|00:10:16|wait_forever.c|1121|process_phase_complete_msg|-|255|-1|-1|-1|-1|Received phase complete message for grp idx = -1 phase completed phase idx = 4, child/generator id = 0, num children/generator = 4
07/28/15 20:09:50|00:10:16|wait_forever.c|2229|process_progress_report_msg|-|255|-1|-1|-1|-1|Recieved PROGRESS_REPORT from child '2', loader_opcode = 0, report# 62 at 619069 cur_sample=62, num_rcd=2, num_pge=4, from ip = IPV4:127.0.0.1.39738, testrun number = 0
07/28/15 20:09:50|00:10:16|wait_forever.c|2229|process_progress_report_msg|-|255|-1|-1|-1|-1|Recieved PROGRESS_REPORT from child '0', loader_opcode = 0, report# 62 at 619069 cur_sample=62, num_rcd=3, num_pge=4, from ip = IPV4:127.0.0.1.39734, testrun number = 0
07/28/15 20:09:55|00:10:21|wait_forever.c|2042|process_finish_report_msg|-|255|-1|-1|-1|-1|Recieved FINISH_REPORT msg from the child_id = 0, num_active = 1, loader_opcode = 0, from ip = IPV4:127.0.0.1.39734
07/28/15 20:09:55|00:10:21|ns_msg_com_util.c|1050|close_msg_com_con|-|255|-1|-1|-1|-1|Closing connection for sock 'fd = 35, IP = IPV4:127.0.0.1.39734, State = 0x0, Connection = PARENT_TO_NVM'
07/28/15 20:09:55|00:10:21|wait_forever.c|2042|process_finish_report_msg|-|255|-1|-1|-1|-1|Recieved FINISH_REPORT msg from the child_id = 2, num_active = 0, loader_opcode = 0, from ip = IPV4:127.0.0.1.39738
07/28/15 20:09:55|00:10:21|ns_msg_com_util.c|1050|close_msg_com_con|-|255|-1|-1|-1|-1|Closing connection for sock 'fd = 37, IP = IPV4:127.0.0.1.39738, State = 0x0, Connection = PARENT_TO_NVM'
07/28/15 20:09:55|00:10:21|wait_forever.c|2139|process_finish_report_msg|-|255|-1|-1|-1|-1|Recieved FINISH_REPORT msg from all child/clients