Absolute Time Stamp|Relative Time Stamp|File|Line|Function|Group|Parent/Child|User Index|Session Instance|Page|Instance|Logs
07/28/15 19:43:47|00:00:01|ns_gdf.c|2878|create_testrun_gdf|-|255|-1|-1|-1|-1|Going to fill gdf '/home/netstorm/work/logs/TR6550/testrun.gdf' from '/tmp/6550_tmp.gdf' test_run_gdf_count = 0.
07/28/15 19:43:47|00:00:01|ns_event_log.c|432|init_event_logger|-|255|-1|-1|-1|-1|Main thread Recovery data initialized withMAX_RECOVERY_COUNT = 10000, RESTART_TIME_THRESHOLD_IN_SEC = 900
07/28/15 19:43:47|00:00:01|ns_event_log.c|474|init_event_logger|-|255|-1|-1|-1|-1|Main thread, nsa log manager is not running. Recovering nsa_log_mgr.
07/28/15 19:43:47|00:00:01|logging.c|497|open_dlog_file_in_append_mode|-|255|-1|-1|-1|-1|Opening dlog file by parent at init or at partition switch time.
07/28/15 19:43:48|00:00:02|ns_session.c|93|init_sess_inst_start_num|-|255|-1|-1|-1|-1|Initializing sess_inst_num to 0, sess_inst_num = 49558426.
07/28/15 19:43:50|00:00:02|ns_summary_rpt.c|397|close_srfp_html|-|255|-1|-1|-1|-1|Closing srfp_html
07/28/15 19:43:50|00:00:02|ns_child.c|323|calculate_child_epoll_timeout|-|0|-1|-1|-1|-1|No timeout pending for NVM (0). Using infinite time in epoll_wait().
07/28/15 19:43:50|00:00:02|wait_forever.c|1208|process_start_msg_by_client|-|255|-1|-1|-1|-1|Received START_MSG_BY_CLIENT from client id = 0, testrun number = 6550, fd = 35, IP = IPV4:127.0.0.1.35640, State = 0x0, Connection = PARENT_TO_NVM
07/28/15 19:43:50|00:00:02|wait_forever.c|1121|process_phase_complete_msg|-|255|-1|-1|-1|-1|Received phase complete message for grp idx = -1 phase completed phase idx = 0, child/generator id = 0, num children/generator = 1
07/28/15 19:44:00|00:00:12|wait_forever.c|2229|process_progress_report_msg|-|255|-1|-1|-1|-1|Recieved PROGRESS_REPORT from child '0', loader_opcode = 0, report# 1 at 14264 cur_sample=1, num_rcd=0, num_pge=1, from ip = IPV4:127.0.0.1.35640, testrun number = 0
07/28/15 19:44:10|00:00:22|wait_forever.c|2229|process_progress_report_msg|-|255|-1|-1|-1|-1|Recieved PROGRESS_REPORT from child '0', loader_opcode = 0, report# 2 at 24264 cur_sample=2, num_rcd=0, num_pge=1, from ip = IPV4:127.0.0.1.35640, testrun number = 0
07/28/15 19:44:20|00:00:32|wait_forever.c|2229|process_progress_report_msg|-|255|-1|-1|-1|-1|Recieved PROGRESS_REPORT from child '0', loader_opcode = 0, report# 3 at 34264 cur_sample=3, num_rcd=0, num_pge=1, from ip = IPV4:127.0.0.1.35640, testrun number = 0
07/28/15 19:44:30|00:00:42|wait_forever.c|2229|process_progress_report_msg|-|255|-1|-1|-1|-1|Recieved PROGRESS_REPORT from child '0', loader_opcode = 0, report# 4 at 44264 cur_sample=4, num_rcd=0, num_pge=1, from ip = IPV4:127.0.0.1.35640, testrun number = 0
07/28/15 19:44:40|00:00:52|wait_forever.c|2229|process_progress_report_msg|-|255|-1|-1|-1|-1|Recieved PROGRESS_REPORT from child '0', loader_opcode = 0, report# 5 at 54264 cur_sample=5, num_rcd=0, num_pge=1, from ip = IPV4:127.0.0.1.35640, testrun number = 0
07/28/15 19:44:50|00:01:02|wait_forever.c|2229|process_progress_report_msg|-|255|-1|-1|-1|-1|Recieved PROGRESS_REPORT from child '0', loader_opcode = 0, report# 6 at 64264 cur_sample=6, num_rcd=0, num_pge=1, from ip = IPV4:127.0.0.1.35640, testrun number = 0
07/28/15 19:45:00|00:01:12|wait_forever.c|2229|process_progress_report_msg|-|255|-1|-1|-1|-1|Recieved PROGRESS_REPORT from child '0', loader_opcode = 0, report# 7 at 74264 cur_sample=7, num_rcd=0, num_pge=1, from ip = IPV4:127.0.0.1.35640, testrun number = 0
07/28/15 19:45:10|00:01:22|wait_forever.c|2229|process_progress_report_msg|-|255|-1|-1|-1|-1|Recieved PROGRESS_REPORT from child '0', loader_opcode = 0, report# 8 at 84264 cur_sample=8, num_rcd=0, num_pge=1, from ip = IPV4:127.0.0.1.35640, testrun number = 0
07/28/15 19:45:20|00:01:32|wait_forever.c|2229|process_progress_report_msg|-|255|-1|-1|-1|-1|Recieved PROGRESS_REPORT from child '0', loader_opcode = 0, report# 9 at 94264 cur_sample=9, num_rcd=0, num_pge=1, from ip = IPV4:127.0.0.1.35640, testrun number = 0
07/28/15 19:45:30|00:01:42|wait_forever.c|2229|process_progress_report_msg|-|255|-1|-1|-1|-1|Recieved PROGRESS_REPORT from child '0', loader_opcode = 0, report# 10 at 104264 cur_sample=10, num_rcd=0, num_pge=1, from ip = IPV4:127.0.0.1.35640, testrun number = 0
07/28/15 19:45:40|00:01:52|wait_forever.c|2229|process_progress_report_msg|-|255|-1|-1|-1|-1|Recieved PROGRESS_REPORT from child '0', loader_opcode = 0, report# 11 at 114264 cur_sample=11, num_rcd=0, num_pge=1, from ip = IPV4:127.0.0.1.35640, testrun number = 0
07/28/15 19:45:50|00:02:02|wait_forever.c|2229|process_progress_report_msg|-|255|-1|-1|-1|-1|Recieved PROGRESS_REPORT from child '0', loader_opcode = 0, report# 12 at 124264 cur_sample=12, num_rcd=0, num_pge=1, from ip = IPV4:127.0.0.1.35640, testrun number = 0
07/28/15 19:46:00|00:02:12|wait_forever.c|2229|process_progress_report_msg|-|255|-1|-1|-1|-1|Recieved PROGRESS_REPORT from child '0', loader_opcode = 0, report# 13 at 134321 cur_sample=13, num_rcd=0, num_pge=1, from ip = IPV4:127.0.0.1.35640, testrun number = 0
07/28/15 19:46:10|00:02:22|wait_forever.c|2229|process_progress_report_msg|-|255|-1|-1|-1|-1|Recieved PROGRESS_REPORT from child '0', loader_opcode = 0, report# 14 at 144264 cur_sample=14, num_rcd=0, num_pge=1, from ip = IPV4:127.0.0.1.35640, testrun number = 0
07/28/15 19:46:20|00:02:32|wait_forever.c|2229|process_progress_report_msg|-|255|-1|-1|-1|-1|Recieved PROGRESS_REPORT from child '0', loader_opcode = 0, report# 15 at 154264 cur_sample=15, num_rcd=0, num_pge=1, from ip = IPV4:127.0.0.1.35640, testrun number = 0
07/28/15 19:46:30|00:02:42|wait_forever.c|2229|process_progress_report_msg|-|255|-1|-1|-1|-1|Recieved PROGRESS_REPORT from child '0', loader_opcode = 0, report# 16 at 164264 cur_sample=16, num_rcd=0, num_pge=1, from ip = IPV4:127.0.0.1.35640, testrun number = 0
07/28/15 19:46:40|00:02:52|wait_forever.c|2229|process_progress_report_msg|-|255|-1|-1|-1|-1|Recieved PROGRESS_REPORT from child '0', loader_opcode = 0, report# 17 at 174264 cur_sample=17, num_rcd=0, num_pge=1, from ip = IPV4:127.0.0.1.35640, testrun number = 0
07/28/15 19:46:50|00:03:02|wait_forever.c|2229|process_progress_report_msg|-|255|-1|-1|-1|-1|Recieved PROGRESS_REPORT from child '0', loader_opcode = 0, report# 18 at 184264 cur_sample=18, num_rcd=0, num_pge=1, from ip = IPV4:127.0.0.1.35640, testrun number = 0
07/28/15 19:47:00|00:03:12|wait_forever.c|2229|process_progress_report_msg|-|255|-1|-1|-1|-1|Recieved PROGRESS_REPORT from child '0', loader_opcode = 0, report# 19 at 194264 cur_sample=19, num_rcd=0, num_pge=1, from ip = IPV4:127.0.0.1.35640, testrun number = 0
07/28/15 19:47:10|00:03:22|wait_forever.c|2229|process_progress_report_msg|-|255|-1|-1|-1|-1|Recieved PROGRESS_REPORT from child '0', loader_opcode = 0, report# 20 at 204264 cur_sample=20, num_rcd=0, num_pge=1, from ip = IPV4:127.0.0.1.35640, testrun number = 0
07/28/15 19:47:20|00:03:32|wait_forever.c|2229|process_progress_report_msg|-|255|-1|-1|-1|-1|Recieved PROGRESS_REPORT from child '0', loader_opcode = 0, report# 21 at 214264 cur_sample=21, num_rcd=0, num_pge=1, from ip = IPV4:127.0.0.1.35640, testrun number = 0
07/28/15 19:47:30|00:03:42|wait_forever.c|2229|process_progress_report_msg|-|255|-1|-1|-1|-1|Recieved PROGRESS_REPORT from child '0', loader_opcode = 0, report# 22 at 224264 cur_sample=22, num_rcd=0, num_pge=1, from ip = IPV4:127.0.0.1.35640, testrun number = 0
07/28/15 19:47:40|00:03:52|wait_forever.c|2229|process_progress_report_msg|-|255|-1|-1|-1|-1|Recieved PROGRESS_REPORT from child '0', loader_opcode = 0, report# 23 at 234265 cur_sample=23, num_rcd=0, num_pge=1, from ip = IPV4:127.0.0.1.35640, testrun number = 0
07/28/15 19:47:50|00:04:02|wait_forever.c|2229|process_progress_report_msg|-|255|-1|-1|-1|-1|Recieved PROGRESS_REPORT from child '0', loader_opcode = 0, report# 24 at 244264 cur_sample=24, num_rcd=0, num_pge=1, from ip = IPV4:127.0.0.1.35640, testrun number = 0
07/28/15 19:48:00|00:04:12|wait_forever.c|2229|process_progress_report_msg|-|255|-1|-1|-1|-1|Recieved PROGRESS_REPORT from child '0', loader_opcode = 0, report# 25 at 254265 cur_sample=25, num_rcd=0, num_pge=1, from ip = IPV4:127.0.0.1.35640, testrun number = 0
07/28/15 19:48:10|00:04:22|wait_forever.c|2229|process_progress_report_msg|-|255|-1|-1|-1|-1|Recieved PROGRESS_REPORT from child '0', loader_opcode = 0, report# 26 at 264264 cur_sample=26, num_rcd=0, num_pge=1, from ip = IPV4:127.0.0.1.35640, testrun number = 0
07/28/15 19:48:20|00:04:32|wait_forever.c|2229|process_progress_report_msg|-|255|-1|-1|-1|-1|Recieved PROGRESS_REPORT from child '0', loader_opcode = 0, report# 27 at 274264 cur_sample=27, num_rcd=0, num_pge=1, from ip = IPV4:127.0.0.1.35640, testrun number = 0
07/28/15 19:48:30|00:04:42|wait_forever.c|2229|process_progress_report_msg|-|255|-1|-1|-1|-1|Recieved PROGRESS_REPORT from child '0', loader_opcode = 0, report# 28 at 284279 cur_sample=28, num_rcd=0, num_pge=1, from ip = IPV4:127.0.0.1.35640, testrun number = 0
07/28/15 19:48:40|00:04:52|wait_forever.c|2229|process_progress_report_msg|-|255|-1|-1|-1|-1|Recieved PROGRESS_REPORT from child '0', loader_opcode = 0, report# 29 at 294264 cur_sample=29, num_rcd=0, num_pge=1, from ip = IPV4:127.0.0.1.35640, testrun number = 0
07/28/15 19:48:50|00:05:02|wait_forever.c|2229|process_progress_report_msg|-|255|-1|-1|-1|-1|Recieved PROGRESS_REPORT from child '0', loader_opcode = 0, report# 30 at 304264 cur_sample=30, num_rcd=0, num_pge=1, from ip = IPV4:127.0.0.1.35640, testrun number = 0
07/28/15 19:49:00|00:05:12|wait_forever.c|2229|process_progress_report_msg|-|255|-1|-1|-1|-1|Recieved PROGRESS_REPORT from child '0', loader_opcode = 0, report# 31 at 314264 cur_sample=31, num_rcd=0, num_pge=1, from ip = IPV4:127.0.0.1.35640, testrun number = 0
07/28/15 19:49:10|00:05:22|wait_forever.c|2229|process_progress_report_msg|-|255|-1|-1|-1|-1|Recieved PROGRESS_REPORT from child '0', loader_opcode = 0, report# 32 at 324264 cur_sample=32, num_rcd=0, num_pge=1, from ip = IPV4:127.0.0.1.35640, testrun number = 0
07/28/15 19:49:20|00:05:32|wait_forever.c|2229|process_progress_report_msg|-|255|-1|-1|-1|-1|Recieved PROGRESS_REPORT from child '0', loader_opcode = 0, report# 33 at 334318 cur_sample=33, num_rcd=0, num_pge=1, from ip = IPV4:127.0.0.1.35640, testrun number = 0
07/28/15 19:49:30|00:05:42|wait_forever.c|2229|process_progress_report_msg|-|255|-1|-1|-1|-1|Recieved PROGRESS_REPORT from child '0', loader_opcode = 0, report# 34 at 344264 cur_sample=34, num_rcd=0, num_pge=1, from ip = IPV4:127.0.0.1.35640, testrun number = 0
07/28/15 19:49:40|00:05:52|wait_forever.c|2229|process_progress_report_msg|-|255|-1|-1|-1|-1|Recieved PROGRESS_REPORT from child '0', loader_opcode = 0, report# 35 at 354264 cur_sample=35, num_rcd=0, num_pge=1, from ip = IPV4:127.0.0.1.35640, testrun number = 0
07/28/15 19:49:50|00:06:02|wait_forever.c|2229|process_progress_report_msg|-|255|-1|-1|-1|-1|Recieved PROGRESS_REPORT from child '0', loader_opcode = 0, report# 36 at 364267 cur_sample=36, num_rcd=0, num_pge=1, from ip = IPV4:127.0.0.1.35640, testrun number = 0
07/28/15 19:50:00|00:06:12|wait_forever.c|2229|process_progress_report_msg|-|255|-1|-1|-1|-1|Recieved PROGRESS_REPORT from child '0', loader_opcode = 0, report# 37 at 374264 cur_sample=37, num_rcd=0, num_pge=1, from ip = IPV4:127.0.0.1.35640, testrun number = 0
07/28/15 19:50:10|00:06:22|wait_forever.c|2229|process_progress_report_msg|-|255|-1|-1|-1|-1|Recieved PROGRESS_REPORT from child '0', loader_opcode = 0, report# 38 at 384264 cur_sample=38, num_rcd=0, num_pge=1, from ip = IPV4:127.0.0.1.35640, testrun number = 0
07/28/15 19:50:20|00:06:32|wait_forever.c|2229|process_progress_report_msg|-|255|-1|-1|-1|-1|Recieved PROGRESS_REPORT from child '0', loader_opcode = 0, report# 39 at 394264 cur_sample=39, num_rcd=0, num_pge=1, from ip = IPV4:127.0.0.1.35640, testrun number = 0
07/28/15 19:50:30|00:06:42|wait_forever.c|2229|process_progress_report_msg|-|255|-1|-1|-1|-1|Recieved PROGRESS_REPORT from child '0', loader_opcode = 0, report# 40 at 404264 cur_sample=40, num_rcd=0, num_pge=1, from ip = IPV4:127.0.0.1.35640, testrun number = 0
07/28/15 19:50:40|00:06:52|wait_forever.c|2229|process_progress_report_msg|-|255|-1|-1|-1|-1|Recieved PROGRESS_REPORT from child '0', loader_opcode = 0, report# 41 at 414264 cur_sample=41, num_rcd=0, num_pge=1, from ip = IPV4:127.0.0.1.35640, testrun number = 0
07/28/15 19:50:50|00:07:02|wait_forever.c|2229|process_progress_report_msg|-|255|-1|-1|-1|-1|Recieved PROGRESS_REPORT from child '0', loader_opcode = 0, report# 42 at 424264 cur_sample=42, num_rcd=0, num_pge=1, from ip = IPV4:127.0.0.1.35640, testrun number = 0
07/28/15 19:51:00|00:07:12|wait_forever.c|2229|process_progress_report_msg|-|255|-1|-1|-1|-1|Recieved PROGRESS_REPORT from child '0', loader_opcode = 0, report# 43 at 434264 cur_sample=43, num_rcd=0, num_pge=1, from ip = IPV4:127.0.0.1.35640, testrun number = 0
07/28/15 19:51:10|00:07:22|wait_forever.c|2229|process_progress_report_msg|-|255|-1|-1|-1|-1|Recieved PROGRESS_REPORT from child '0', loader_opcode = 0, report# 44 at 444265 cur_sample=44, num_rcd=0, num_pge=1, from ip = IPV4:127.0.0.1.35640, testrun number = 0
07/28/15 19:51:20|00:07:32|wait_forever.c|2229|process_progress_report_msg|-|255|-1|-1|-1|-1|Recieved PROGRESS_REPORT from child '0', loader_opcode = 0, report# 45 at 454265 cur_sample=45, num_rcd=0, num_pge=1, from ip = IPV4:127.0.0.1.35640, testrun number = 0
07/28/15 19:51:30|00:07:42|wait_forever.c|2229|process_progress_report_msg|-|255|-1|-1|-1|-1|Recieved PROGRESS_REPORT from child '0', loader_opcode = 0, report# 46 at 464264 cur_sample=46, num_rcd=0, num_pge=1, from ip = IPV4:127.0.0.1.35640, testrun number = 0
07/28/15 19:51:40|00:07:52|wait_forever.c|2229|process_progress_report_msg|-|255|-1|-1|-1|-1|Recieved PROGRESS_REPORT from child '0', loader_opcode = 0, report# 47 at 474264 cur_sample=47, num_rcd=0, num_pge=1, from ip = IPV4:127.0.0.1.35640, testrun number = 0
07/28/15 19:51:50|00:08:02|wait_forever.c|2229|process_progress_report_msg|-|255|-1|-1|-1|-1|Recieved PROGRESS_REPORT from child '0', loader_opcode = 0, report# 48 at 484265 cur_sample=48, num_rcd=0, num_pge=1, from ip = IPV4:127.0.0.1.35640, testrun number = 0
07/28/15 19:52:00|00:08:12|wait_forever.c|2229|process_progress_report_msg|-|255|-1|-1|-1|-1|Recieved PROGRESS_REPORT from child '0', loader_opcode = 0, report# 49 at 494264 cur_sample=49, num_rcd=0, num_pge=1, from ip = IPV4:127.0.0.1.35640, testrun number = 0
07/28/15 19:52:10|00:08:22|wait_forever.c|2229|process_progress_report_msg|-|255|-1|-1|-1|-1|Recieved PROGRESS_REPORT from child '0', loader_opcode = 0, report# 50 at 504265 cur_sample=50, num_rcd=0, num_pge=1, from ip = IPV4:127.0.0.1.35640, testrun number = 0
07/28/15 19:52:20|00:08:32|wait_forever.c|2229|process_progress_report_msg|-|255|-1|-1|-1|-1|Recieved PROGRESS_REPORT from child '0', loader_opcode = 0, report# 51 at 514265 cur_sample=51, num_rcd=0, num_pge=1, from ip = IPV4:127.0.0.1.35640, testrun number = 0
07/28/15 19:52:30|00:08:42|wait_forever.c|2229|process_progress_report_msg|-|255|-1|-1|-1|-1|Recieved PROGRESS_REPORT from child '0', loader_opcode = 0, report# 52 at 524264 cur_sample=52, num_rcd=0, num_pge=1, from ip = IPV4:127.0.0.1.35640, testrun number = 0
07/28/15 19:52:40|00:08:52|wait_forever.c|2229|process_progress_report_msg|-|255|-1|-1|-1|-1|Recieved PROGRESS_REPORT from child '0', loader_opcode = 0, report# 53 at 534264 cur_sample=53, num_rcd=0, num_pge=1, from ip = IPV4:127.0.0.1.35640, testrun number = 0
07/28/15 19:52:50|00:09:02|wait_forever.c|2229|process_progress_report_msg|-|255|-1|-1|-1|-1|Recieved PROGRESS_REPORT from child '0', loader_opcode = 0, report# 54 at 544265 cur_sample=54, num_rcd=0, num_pge=1, from ip = IPV4:127.0.0.1.35640, testrun number = 0
07/28/15 19:53:00|00:09:12|wait_forever.c|2229|process_progress_report_msg|-|255|-1|-1|-1|-1|Recieved PROGRESS_REPORT from child '0', loader_opcode = 0, report# 55 at 554264 cur_sample=55, num_rcd=0, num_pge=1, from ip = IPV4:127.0.0.1.35640, testrun number = 0
07/28/15 19:53:10|00:09:22|wait_forever.c|2229|process_progress_report_msg|-|255|-1|-1|-1|-1|Recieved PROGRESS_REPORT from child '0', loader_opcode = 0, report# 56 at 564264 cur_sample=56, num_rcd=0, num_pge=1, from ip = IPV4:127.0.0.1.35640, testrun number = 0
07/28/15 19:53:20|00:09:32|wait_forever.c|2229|process_progress_report_msg|-|255|-1|-1|-1|-1|Recieved PROGRESS_REPORT from child '0', loader_opcode = 0, report# 57 at 574264 cur_sample=57, num_rcd=0, num_pge=1, from ip = IPV4:127.0.0.1.35640, testrun number = 0
07/28/15 19:53:30|00:09:42|wait_forever.c|2229|process_progress_report_msg|-|255|-1|-1|-1|-1|Recieved PROGRESS_REPORT from child '0', loader_opcode = 0, report# 58 at 584266 cur_sample=58, num_rcd=0, num_pge=1, from ip = IPV4:127.0.0.1.35640, testrun number = 0
07/28/15 19:53:40|00:09:52|wait_forever.c|2229|process_progress_report_msg|-|255|-1|-1|-1|-1|Recieved PROGRESS_REPORT from child '0', loader_opcode = 0, report# 59 at 594274 cur_sample=59, num_rcd=0, num_pge=1, from ip = IPV4:127.0.0.1.35640, testrun number = 0
07/28/15 19:53:50|00:10:02|wait_forever.c|2229|process_progress_report_msg|-|255|-1|-1|-1|-1|Recieved PROGRESS_REPORT from child '0', loader_opcode = 0, report# 60 at 604274 cur_sample=60, num_rcd=0, num_pge=1, from ip = IPV4:127.0.0.1.35640, testrun number = 0
07/28/15 19:54:00|00:10:12|wait_forever.c|2229|process_progress_report_msg|-|255|-1|-1|-1|-1|Recieved PROGRESS_REPORT from child '0', loader_opcode = 0, report# 61 at 614274 cur_sample=61, num_rcd=0, num_pge=1, from ip = IPV4:127.0.0.1.35640, testrun number = 0
07/28/15 19:54:10|00:10:22|wait_forever.c|2229|process_progress_report_msg|-|255|-1|-1|-1|-1|Recieved PROGRESS_REPORT from child '0', loader_opcode = 0, report# 62 at 624271 cur_sample=62, num_rcd=0, num_pge=1, from ip = IPV4:127.0.0.1.35640, testrun number = 0
07/28/15 19:54:20|00:10:32|wait_forever.c|2229|process_progress_report_msg|-|255|-1|-1|-1|-1|Recieved PROGRESS_REPORT from child '0', loader_opcode = 0, report# 63 at 634274 cur_sample=63, num_rcd=0, num_pge=1, from ip = IPV4:127.0.0.1.35640, testrun number = 0
07/28/15 19:54:30|00:10:42|wait_forever.c|2229|process_progress_report_msg|-|255|-1|-1|-1|-1|Recieved PROGRESS_REPORT from child '0', loader_opcode = 0, report# 64 at 644274 cur_sample=64, num_rcd=0, num_pge=1, from ip = IPV4:127.0.0.1.35640, testrun number = 0
07/28/15 19:54:40|00:10:52|wait_forever.c|2229|process_progress_report_msg|-|255|-1|-1|-1|-1|Recieved PROGRESS_REPORT from child '0', loader_opcode = 0, report# 65 at 654274 cur_sample=65, num_rcd=0, num_pge=1, from ip = IPV4:127.0.0.1.35640, testrun number = 0
07/28/15 19:54:50|00:11:02|wait_forever.c|2229|process_progress_report_msg|-|255|-1|-1|-1|-1|Recieved PROGRESS_REPORT from child '0', loader_opcode = 0, report# 66 at 664274 cur_sample=66, num_rcd=0, num_pge=1, from ip = IPV4:127.0.0.1.35640, testrun number = 0
07/28/15 19:55:00|00:11:12|wait_forever.c|2229|process_progress_report_msg|-|255|-1|-1|-1|-1|Recieved PROGRESS_REPORT from child '0', loader_opcode = 0, report# 67 at 674274 cur_sample=67, num_rcd=0, num_pge=1, from ip = IPV4:127.0.0.1.35640, testrun number = 0
07/28/15 19:55:10|00:11:22|wait_forever.c|2229|process_progress_report_msg|-|255|-1|-1|-1|-1|Recieved PROGRESS_REPORT from child '0', loader_opcode = 0, report# 68 at 684274 cur_sample=68, num_rcd=0, num_pge=1, from ip = IPV4:127.0.0.1.35640, testrun number = 0
07/28/15 19:55:20|00:11:32|wait_forever.c|2229|process_progress_report_msg|-|255|-1|-1|-1|-1|Recieved PROGRESS_REPORT from child '0', loader_opcode = 0, report# 69 at 694274 cur_sample=69, num_rcd=0, num_pge=1, from ip = IPV4:127.0.0.1.35640, testrun number = 0
07/28/15 19:55:30|00:11:42|wait_forever.c|2229|process_progress_report_msg|-|255|-1|-1|-1|-1|Recieved PROGRESS_REPORT from child '0', loader_opcode = 0, report# 70 at 704274 cur_sample=70, num_rcd=0, num_pge=1, from ip = IPV4:127.0.0.1.35640, testrun number = 0
07/28/15 19:55:40|00:11:52|wait_forever.c|2229|process_progress_report_msg|-|255|-1|-1|-1|-1|Recieved PROGRESS_REPORT from child '0', loader_opcode = 0, report# 71 at 714274 cur_sample=71, num_rcd=0, num_pge=1, from ip = IPV4:127.0.0.1.35640, testrun number = 0
07/28/15 19:55:50|00:12:02|wait_forever.c|2229|process_progress_report_msg|-|255|-1|-1|-1|-1|Recieved PROGRESS_REPORT from child '0', loader_opcode = 0, report# 72 at 724274 cur_sample=72, num_rcd=0, num_pge=1, from ip = IPV4:127.0.0.1.35640, testrun number = 0
07/28/15 19:56:00|00:12:12|wait_forever.c|2229|process_progress_report_msg|-|255|-1|-1|-1|-1|Recieved PROGRESS_REPORT from child '0', loader_opcode = 0, report# 73 at 734274 cur_sample=73, num_rcd=0, num_pge=1, from ip = IPV4:127.0.0.1.35640, testrun number = 0
07/28/15 19:56:10|00:12:22|wait_forever.c|2229|process_progress_report_msg|-|255|-1|-1|-1|-1|Recieved PROGRESS_REPORT from child '0', loader_opcode = 0, report# 74 at 744274 cur_sample=74, num_rcd=0, num_pge=1, from ip = IPV4:127.0.0.1.35640, testrun number = 0
07/28/15 19:56:20|00:12:32|wait_forever.c|2229|process_progress_report_msg|-|255|-1|-1|-1|-1|Recieved PROGRESS_REPORT from child '0', loader_opcode = 0, report# 75 at 754274 cur_sample=75, num_rcd=0, num_pge=1, from ip = IPV4:127.0.0.1.35640, testrun number = 0
07/28/15 19:56:30|00:12:42|wait_forever.c|2229|process_progress_report_msg|-|255|-1|-1|-1|-1|Recieved PROGRESS_REPORT from child '0', loader_opcode = 0, report# 76 at 764264 cur_sample=76, num_rcd=0, num_pge=1, from ip = IPV4:127.0.0.1.35640, testrun number = 0
07/28/15 19:56:40|00:12:52|wait_forever.c|2229|process_progress_report_msg|-|255|-1|-1|-1|-1|Recieved PROGRESS_REPORT from child '0', loader_opcode = 0, report# 77 at 774264 cur_sample=77, num_rcd=0, num_pge=1, from ip = IPV4:127.0.0.1.35640, testrun number = 0
07/28/15 19:56:50|00:13:02|wait_forever.c|2229|process_progress_report_msg|-|255|-1|-1|-1|-1|Recieved PROGRESS_REPORT from child '0', loader_opcode = 0, report# 78 at 784264 cur_sample=78, num_rcd=0, num_pge=1, from ip = IPV4:127.0.0.1.35640, testrun number = 0
07/28/15 19:57:00|00:13:12|wait_forever.c|2229|process_progress_report_msg|-|255|-1|-1|-1|-1|Recieved PROGRESS_REPORT from child '0', loader_opcode = 0, report# 79 at 794265 cur_sample=79, num_rcd=0, num_pge=1, from ip = IPV4:127.0.0.1.35640, testrun number = 0
07/28/15 19:57:10|00:13:22|wait_forever.c|2229|process_progress_report_msg|-|255|-1|-1|-1|-1|Recieved PROGRESS_REPORT from child '0', loader_opcode = 0, report# 80 at 804264 cur_sample=80, num_rcd=0, num_pge=1, from ip = IPV4:127.0.0.1.35640, testrun number = 0
07/28/15 19:57:20|00:13:32|wait_forever.c|2229|process_progress_report_msg|-|255|-1|-1|-1|-1|Recieved PROGRESS_REPORT from child '0', loader_opcode = 0, report# 81 at 814265 cur_sample=81, num_rcd=0, num_pge=1, from ip = IPV4:127.0.0.1.35640, testrun number = 0
07/28/15 19:57:30|00:13:42|wait_forever.c|2229|process_progress_report_msg|-|255|-1|-1|-1|-1|Recieved PROGRESS_REPORT from child '0', loader_opcode = 0, report# 82 at 824264 cur_sample=82, num_rcd=0, num_pge=1, from ip = IPV4:127.0.0.1.35640, testrun number = 0
07/28/15 19:57:40|00:13:52|wait_forever.c|2229|process_progress_report_msg|-|255|-1|-1|-1|-1|Recieved PROGRESS_REPORT from child '0', loader_opcode = 0, report# 83 at 834264 cur_sample=83, num_rcd=0, num_pge=1, from ip = IPV4:127.0.0.1.35640, testrun number = 0
07/28/15 19:57:50|00:14:02|wait_forever.c|2229|process_progress_report_msg|-|255|-1|-1|-1|-1|Recieved PROGRESS_REPORT from child '0', loader_opcode = 0, report# 84 at 844264 cur_sample=84, num_rcd=0, num_pge=1, from ip = IPV4:127.0.0.1.35640, testrun number = 0
07/28/15 19:58:00|00:14:12|wait_forever.c|2229|process_progress_report_msg|-|255|-1|-1|-1|-1|Recieved PROGRESS_REPORT from child '0', loader_opcode = 0, report# 85 at 854265 cur_sample=85, num_rcd=0, num_pge=1, from ip = IPV4:127.0.0.1.35640, testrun number = 0
07/28/15 19:58:10|00:14:22|wait_forever.c|2229|process_progress_report_msg|-|255|-1|-1|-1|-1|Recieved PROGRESS_REPORT from child '0', loader_opcode = 0, report# 86 at 864264 cur_sample=86, num_rcd=0, num_pge=1, from ip = IPV4:127.0.0.1.35640, testrun number = 0
07/28/15 19:58:20|00:14:32|wait_forever.c|2229|process_progress_report_msg|-|255|-1|-1|-1|-1|Recieved PROGRESS_REPORT from child '0', loader_opcode = 0, report# 87 at 874264 cur_sample=87, num_rcd=0, num_pge=1, from ip = IPV4:127.0.0.1.35640, testrun number = 0
07/28/15 19:58:30|00:14:42|wait_forever.c|2229|process_progress_report_msg|-|255|-1|-1|-1|-1|Recieved PROGRESS_REPORT from child '0', loader_opcode = 0, report# 88 at 884264 cur_sample=88, num_rcd=0, num_pge=1, from ip = IPV4:127.0.0.1.35640, testrun number = 0
07/28/15 19:58:40|00:14:52|wait_forever.c|2229|process_progress_report_msg|-|255|-1|-1|-1|-1|Recieved PROGRESS_REPORT from child '0', loader_opcode = 0, report# 89 at 894264 cur_sample=89, num_rcd=0, num_pge=1, from ip = IPV4:127.0.0.1.35640, testrun number = 0
07/28/15 19:58:50|00:15:02|wait_forever.c|2229|process_progress_report_msg|-|255|-1|-1|-1|-1|Recieved PROGRESS_REPORT from child '0', loader_opcode = 0, report# 90 at 904264 cur_sample=90, num_rcd=0, num_pge=1, from ip = IPV4:127.0.0.1.35640, testrun number = 0
07/28/15 19:59:00|00:15:12|wait_forever.c|2229|process_progress_report_msg|-|255|-1|-1|-1|-1|Recieved PROGRESS_REPORT from child '0', loader_opcode = 0, report# 91 at 914264 cur_sample=91, num_rcd=0, num_pge=1, from ip = IPV4:127.0.0.1.35640, testrun number = 0
07/28/15 19:59:10|00:15:22|wait_forever.c|2229|process_progress_report_msg|-|255|-1|-1|-1|-1|Recieved PROGRESS_REPORT from child '0', loader_opcode = 0, report# 92 at 924264 cur_sample=92, num_rcd=0, num_pge=1, from ip = IPV4:127.0.0.1.35640, testrun number = 0
07/28/15 19:59:20|00:15:32|wait_forever.c|2229|process_progress_report_msg|-|255|-1|-1|-1|-1|Recieved PROGRESS_REPORT from child '0', loader_opcode = 0, report# 93 at 934264 cur_sample=93, num_rcd=0, num_pge=1, from ip = IPV4:127.0.0.1.35640, testrun number = 0
07/28/15 19:59:28|00:15:40|wait_forever.c|2229|process_progress_report_msg|-|255|-1|-1|-1|-1|Recieved PROGRESS_REPORT from child '0', loader_opcode = 0, report# 94 at 942588 cur_sample=94, num_rcd=0, num_pge=1, from ip = IPV4:127.0.0.1.35640, testrun number = 0
07/28/15 19:59:28|00:15:40|wait_forever.c|2042|process_finish_report_msg|-|255|-1|-1|-1|-1|Recieved FINISH_REPORT msg from the child_id = 0, num_active = 0, loader_opcode = 0, from ip = IPV4:127.0.0.1.35640
07/28/15 19:59:28|00:15:40|ns_msg_com_util.c|1050|close_msg_com_con|-|255|-1|-1|-1|-1|Closing connection for sock 'fd = 35, IP = IPV4:127.0.0.1.35640, State = 0x0, Connection = PARENT_TO_NVM'
07/28/15 19:59:28|00:15:40|wait_forever.c|2139|process_finish_report_msg|-|255|-1|-1|-1|-1|Recieved FINISH_REPORT msg from all child/clients