Absolute Time Stamp|Relative Time Stamp|File|Line|Function|Group|Parent/Child|User Index|Session Instance|Page|Instance|Logs
03/14/16 11:55:16|00:00:00|ns_event_log.c|675|ns_el|-|255|-1|-1|-1|-1| global_settings->enable_event_logger = 1, g_el_subproc_msg_com_con.fd = 0, g_el_subproc_msg_com_con.state = 0 , g_el_subproc_msg_com_con.state = 0
03/14/16 11:55:16|00:00:00|ns_event_log.c|432|init_event_logger|-|255|-1|-1|-1|-1|Main thread Recovery data initialized withMAX_RECOVERY_COUNT = 10000, RESTART_TIME_THRESHOLD_IN_SEC = 900
03/14/16 11:55:16|00:00:00|ns_event_log.c|474|init_event_logger|-|255|-1|-1|-1|-1|Main thread, nsa log manager is not running. Recovering nsa_log_mgr.
03/14/16 11:55:16|00:00:00|logging.c|497|open_dlog_file_in_append_mode|-|255|-1|-1|-1|-1|Opening dlog file by parent at init or at partition switch time.
03/14/16 11:55:17|00:00:01|ns_session.c|93|init_sess_inst_start_num|-|255|-1|-1|-1|-1|Initializing sess_inst_num to 0, sess_inst_num = 69402315.
03/14/16 11:55:19|00:00:02|ns_summary_rpt.c|397|close_srfp_html|-|255|-1|-1|-1|-1|Closing srfp_html
03/14/16 11:55:19|00:00:02|ns_summary_rpt.c|397|close_srfp_html|-|255|-1|-1|-1|-1|Closing srfp_html
03/14/16 11:55:19|00:00:02|ns_summary_rpt.c|397|close_srfp_html|-|255|-1|-1|-1|-1|Closing srfp_html
03/14/16 11:55:19|00:00:02|ns_summary_rpt.c|397|close_srfp_html|-|255|-1|-1|-1|-1|Closing srfp_html
03/14/16 11:55:19|00:00:02|ns_child.c|319|calculate_child_epoll_timeout|-|1|-1|-1|-1|-1|No timeout pending for NVM (1). Using infinite time in epoll_wait().
03/14/16 11:55:19|00:00:02|wait_forever.c|926|process_start_msg_by_client|-|255|-1|-1|-1|-1|Received START_MSG_BY_CLIENT from client id = 1, testrun number = 23429, fd = 32, IP = IPV4:127.0.0.1.14090, State = 0x0
03/14/16 11:55:19|00:00:02|wait_forever.c|926|process_start_msg_by_client|-|255|-1|-1|-1|-1|Received START_MSG_BY_CLIENT from client id = 0, testrun number = 23429, fd = 31, IP = IPV4:127.0.0.1.14088, State = 0x0
03/14/16 11:55:19|00:00:02|ns_child.c|319|calculate_child_epoll_timeout|-|0|-1|-1|-1|-1|No timeout pending for NVM (0). Using infinite time in epoll_wait().
03/14/16 11:55:19|00:00:02|wait_forever.c|926|process_start_msg_by_client|-|255|-1|-1|-1|-1|Received START_MSG_BY_CLIENT from client id = 2, testrun number = 23429, fd = 33, IP = IPV4:127.0.0.1.14092, State = 0x0
03/14/16 11:55:19|00:00:02|ns_child.c|319|calculate_child_epoll_timeout|-|2|-1|-1|-1|-1|No timeout pending for NVM (2). Using infinite time in epoll_wait().
03/14/16 11:55:19|00:00:02|wait_forever.c|926|process_start_msg_by_client|-|255|-1|-1|-1|-1|Received START_MSG_BY_CLIENT from client id = 3, testrun number = 23429, fd = 34, IP = IPV4:127.0.0.1.14094, State = 0x0
03/14/16 11:55:19|00:00:02|ns_child.c|319|calculate_child_epoll_timeout|-|3|-1|-1|-1|-1|No timeout pending for NVM (3). Using infinite time in epoll_wait().
03/14/16 11:55:19|00:00:02|wait_forever.c|839|process_phase_complete_msg|-|255|-1|-1|-1|-1|Received phase complete message for grp idx = -1 phase completed phase idx = 0, child/generator id = 3
03/14/16 11:55:19|00:00:02|wait_forever.c|839|process_phase_complete_msg|-|255|-1|-1|-1|-1|Received phase complete message for grp idx = -1 phase completed phase idx = 0, child/generator id = 0
03/14/16 11:55:19|00:00:02|wait_forever.c|839|process_phase_complete_msg|-|255|-1|-1|-1|-1|Received phase complete message for grp idx = -1 phase completed phase idx = 0, child/generator id = 2
03/14/16 11:55:19|00:00:02|wait_forever.c|839|process_phase_complete_msg|-|255|-1|-1|-1|-1|Received phase complete message for grp idx = -1 phase completed phase idx = 0, child/generator id = 1
03/14/16 11:55:19|00:00:02|wait_forever.c|839|process_phase_complete_msg|-|255|-1|-1|-1|-1|Received phase complete message for grp idx = -1 phase completed phase idx = 1, child/generator id = 2
03/14/16 11:55:19|00:00:02|wait_forever.c|839|process_phase_complete_msg|-|255|-1|-1|-1|-1|Received phase complete message for grp idx = -1 phase completed phase idx = 1, child/generator id = 1
03/14/16 11:55:19|00:00:02|wait_forever.c|839|process_phase_complete_msg|-|255|-1|-1|-1|-1|Received phase complete message for grp idx = -1 phase completed phase idx = 1, child/generator id = 3
03/14/16 11:55:19|00:00:02|wait_forever.c|839|process_phase_complete_msg|-|255|-1|-1|-1|-1|Received phase complete message for grp idx = -1 phase completed phase idx = 1, child/generator id = 0
03/14/16 11:55:19|00:00:02|wait_forever.c|839|process_phase_complete_msg|-|255|-1|-1|-1|-1|Received phase complete message for grp idx = -1 phase completed phase idx = 2, child/generator id = 1
03/14/16 11:55:19|00:00:02|wait_forever.c|839|process_phase_complete_msg|-|255|-1|-1|-1|-1|Received phase complete message for grp idx = -1 phase completed phase idx = 2, child/generator id = 3
03/14/16 11:55:19|00:00:02|wait_forever.c|839|process_phase_complete_msg|-|255|-1|-1|-1|-1|Received phase complete message for grp idx = -1 phase completed phase idx = 2, child/generator id = 2
03/14/16 11:55:19|00:00:02|wait_forever.c|839|process_phase_complete_msg|-|255|-1|-1|-1|-1|Received phase complete message for grp idx = -1 phase completed phase idx = 2, child/generator id = 0
03/14/16 11:55:29|00:00:12|wait_forever.c|1917|process_progress_report_msg|-|255|-1|-1|-1|-1|Recieved PROGRESS_REPORT from child '1', loader_opcode = 0, report# 1 at 13823 cur_sample=1, num_rcd=0, num_pge=4, from ip = IPV4:127.0.0.1.14090, testrun number = 0
03/14/16 11:55:29|00:00:12|wait_forever.c|1917|process_progress_report_msg|-|255|-1|-1|-1|-1|Recieved PROGRESS_REPORT from child '3', loader_opcode = 0, report# 1 at 13823 cur_sample=1, num_rcd=1, num_pge=4, from ip = IPV4:127.0.0.1.14094, testrun number = 0
03/14/16 11:55:29|00:00:12|wait_forever.c|1917|process_progress_report_msg|-|255|-1|-1|-1|-1|Recieved PROGRESS_REPORT from child '2', loader_opcode = 0, report# 1 at 13823 cur_sample=1, num_rcd=2, num_pge=4, from ip = IPV4:127.0.0.1.14092, testrun number = 0
03/14/16 11:55:29|00:00:12|wait_forever.c|1917|process_progress_report_msg|-|255|-1|-1|-1|-1|Recieved PROGRESS_REPORT from child '0', loader_opcode = 0, report# 1 at 13823 cur_sample=1, num_rcd=3, num_pge=4, from ip = IPV4:127.0.0.1.14088, testrun number = 0
03/14/16 11:55:39|00:00:22|wait_forever.c|1917|process_progress_report_msg|-|255|-1|-1|-1|-1|Recieved PROGRESS_REPORT from child '2', loader_opcode = 0, report# 2 at 23823 cur_sample=2, num_rcd=0, num_pge=4, from ip = IPV4:127.0.0.1.14092, testrun number = 0
03/14/16 11:55:39|00:00:22|wait_forever.c|1917|process_progress_report_msg|-|255|-1|-1|-1|-1|Recieved PROGRESS_REPORT from child '3', loader_opcode = 0, report# 2 at 23823 cur_sample=2, num_rcd=1, num_pge=4, from ip = IPV4:127.0.0.1.14094, testrun number = 0
03/14/16 11:55:39|00:00:22|wait_forever.c|1917|process_progress_report_msg|-|255|-1|-1|-1|-1|Recieved PROGRESS_REPORT from child '1', loader_opcode = 0, report# 2 at 23823 cur_sample=2, num_rcd=2, num_pge=4, from ip = IPV4:127.0.0.1.14090, testrun number = 0
03/14/16 11:55:39|00:00:22|wait_forever.c|1917|process_progress_report_msg|-|255|-1|-1|-1|-1|Recieved PROGRESS_REPORT from child '0', loader_opcode = 0, report# 2 at 23823 cur_sample=2, num_rcd=3, num_pge=4, from ip = IPV4:127.0.0.1.14088, testrun number = 0
03/14/16 11:55:49|00:00:32|wait_forever.c|1917|process_progress_report_msg|-|255|-1|-1|-1|-1|Recieved PROGRESS_REPORT from child '2', loader_opcode = 0, report# 3 at 33823 cur_sample=3, num_rcd=0, num_pge=4, from ip = IPV4:127.0.0.1.14092, testrun number = 0
03/14/16 11:55:49|00:00:32|wait_forever.c|1917|process_progress_report_msg|-|255|-1|-1|-1|-1|Recieved PROGRESS_REPORT from child '3', loader_opcode = 0, report# 3 at 33823 cur_sample=3, num_rcd=1, num_pge=4, from ip = IPV4:127.0.0.1.14094, testrun number = 0
03/14/16 11:55:49|00:00:32|wait_forever.c|1917|process_progress_report_msg|-|255|-1|-1|-1|-1|Recieved PROGRESS_REPORT from child '1', loader_opcode = 0, report# 3 at 33823 cur_sample=3, num_rcd=2, num_pge=4, from ip = IPV4:127.0.0.1.14090, testrun number = 0
03/14/16 11:55:49|00:00:32|wait_forever.c|1917|process_progress_report_msg|-|255|-1|-1|-1|-1|Recieved PROGRESS_REPORT from child '0', loader_opcode = 0, report# 3 at 33823 cur_sample=3, num_rcd=3, num_pge=4, from ip = IPV4:127.0.0.1.14088, testrun number = 0
03/14/16 11:55:59|00:00:42|wait_forever.c|1917|process_progress_report_msg|-|255|-1|-1|-1|-1|Recieved PROGRESS_REPORT from child '2', loader_opcode = 0, report# 4 at 43823 cur_sample=4, num_rcd=0, num_pge=4, from ip = IPV4:127.0.0.1.14092, testrun number = 0
03/14/16 11:55:59|00:00:42|wait_forever.c|1917|process_progress_report_msg|-|255|-1|-1|-1|-1|Recieved PROGRESS_REPORT from child '3', loader_opcode = 0, report# 4 at 43823 cur_sample=4, num_rcd=1, num_pge=4, from ip = IPV4:127.0.0.1.14094, testrun number = 0
03/14/16 11:55:59|00:00:42|wait_forever.c|1917|process_progress_report_msg|-|255|-1|-1|-1|-1|Recieved PROGRESS_REPORT from child '1', loader_opcode = 0, report# 4 at 43823 cur_sample=4, num_rcd=2, num_pge=4, from ip = IPV4:127.0.0.1.14090, testrun number = 0
03/14/16 11:55:59|00:00:42|wait_forever.c|1917|process_progress_report_msg|-|255|-1|-1|-1|-1|Recieved PROGRESS_REPORT from child '0', loader_opcode = 0, report# 4 at 43823 cur_sample=4, num_rcd=3, num_pge=4, from ip = IPV4:127.0.0.1.14088, testrun number = 0
03/14/16 11:56:09|00:00:52|wait_forever.c|1917|process_progress_report_msg|-|255|-1|-1|-1|-1|Recieved PROGRESS_REPORT from child '2', loader_opcode = 0, report# 5 at 53823 cur_sample=5, num_rcd=0, num_pge=4, from ip = IPV4:127.0.0.1.14092, testrun number = 0
03/14/16 11:56:09|00:00:52|wait_forever.c|1917|process_progress_report_msg|-|255|-1|-1|-1|-1|Recieved PROGRESS_REPORT from child '3', loader_opcode = 0, report# 5 at 53823 cur_sample=5, num_rcd=1, num_pge=4, from ip = IPV4:127.0.0.1.14094, testrun number = 0
03/14/16 11:56:09|00:00:52|wait_forever.c|1917|process_progress_report_msg|-|255|-1|-1|-1|-1|Recieved PROGRESS_REPORT from child '1', loader_opcode = 0, report# 5 at 53823 cur_sample=5, num_rcd=2, num_pge=4, from ip = IPV4:127.0.0.1.14090, testrun number = 0
03/14/16 11:56:09|00:00:52|wait_forever.c|1917|process_progress_report_msg|-|255|-1|-1|-1|-1|Recieved PROGRESS_REPORT from child '0', loader_opcode = 0, report# 5 at 53823 cur_sample=5, num_rcd=3, num_pge=4, from ip = IPV4:127.0.0.1.14088, testrun number = 0
03/14/16 11:56:19|00:01:02|wait_forever.c|1917|process_progress_report_msg|-|255|-1|-1|-1|-1|Recieved PROGRESS_REPORT from child '2', loader_opcode = 0, report# 6 at 63823 cur_sample=6, num_rcd=0, num_pge=4, from ip = IPV4:127.0.0.1.14092, testrun number = 0
03/14/16 11:56:19|00:01:02|wait_forever.c|1917|process_progress_report_msg|-|255|-1|-1|-1|-1|Recieved PROGRESS_REPORT from child '3', loader_opcode = 0, report# 6 at 63823 cur_sample=6, num_rcd=1, num_pge=4, from ip = IPV4:127.0.0.1.14094, testrun number = 0
03/14/16 11:56:19|00:01:02|wait_forever.c|1917|process_progress_report_msg|-|255|-1|-1|-1|-1|Recieved PROGRESS_REPORT from child '1', loader_opcode = 0, report# 6 at 63825 cur_sample=6, num_rcd=2, num_pge=4, from ip = IPV4:127.0.0.1.14090, testrun number = 0
03/14/16 11:56:19|00:01:02|wait_forever.c|1917|process_progress_report_msg|-|255|-1|-1|-1|-1|Recieved PROGRESS_REPORT from child '0', loader_opcode = 0, report# 6 at 63825 cur_sample=6, num_rcd=3, num_pge=4, from ip = IPV4:127.0.0.1.14088, testrun number = 0
03/14/16 11:56:29|00:01:12|wait_forever.c|1917|process_progress_report_msg|-|255|-1|-1|-1|-1|Recieved PROGRESS_REPORT from child '1', loader_opcode = 0, report# 7 at 73823 cur_sample=7, num_rcd=0, num_pge=4, from ip = IPV4:127.0.0.1.14090, testrun number = 0
03/14/16 11:56:29|00:01:12|wait_forever.c|1917|process_progress_report_msg|-|255|-1|-1|-1|-1|Recieved PROGRESS_REPORT from child '3', loader_opcode = 0, report# 7 at 73823 cur_sample=7, num_rcd=1, num_pge=4, from ip = IPV4:127.0.0.1.14094, testrun number = 0
03/14/16 11:56:29|00:01:12|wait_forever.c|1917|process_progress_report_msg|-|255|-1|-1|-1|-1|Recieved PROGRESS_REPORT from child '0', loader_opcode = 0, report# 7 at 73823 cur_sample=7, num_rcd=2, num_pge=4, from ip = IPV4:127.0.0.1.14088, testrun number = 0
03/14/16 11:56:29|00:01:12|wait_forever.c|1917|process_progress_report_msg|-|255|-1|-1|-1|-1|Recieved PROGRESS_REPORT from child '2', loader_opcode = 0, report# 7 at 73823 cur_sample=7, num_rcd=3, num_pge=4, from ip = IPV4:127.0.0.1.14092, testrun number = 0
03/14/16 11:56:39|00:01:22|wait_forever.c|1917|process_progress_report_msg|-|255|-1|-1|-1|-1|Recieved PROGRESS_REPORT from child '2', loader_opcode = 0, report# 8 at 83823 cur_sample=8, num_rcd=0, num_pge=4, from ip = IPV4:127.0.0.1.14092, testrun number = 0
03/14/16 11:56:39|00:01:22|wait_forever.c|1917|process_progress_report_msg|-|255|-1|-1|-1|-1|Recieved PROGRESS_REPORT from child '3', loader_opcode = 0, report# 8 at 83823 cur_sample=8, num_rcd=1, num_pge=4, from ip = IPV4:127.0.0.1.14094, testrun number = 0
03/14/16 11:56:39|00:01:22|wait_forever.c|1917|process_progress_report_msg|-|255|-1|-1|-1|-1|Recieved PROGRESS_REPORT from child '1', loader_opcode = 0, report# 8 at 83823 cur_sample=8, num_rcd=2, num_pge=4, from ip = IPV4:127.0.0.1.14090, testrun number = 0
03/14/16 11:56:39|00:01:22|wait_forever.c|1917|process_progress_report_msg|-|255|-1|-1|-1|-1|Recieved PROGRESS_REPORT from child '0', loader_opcode = 0, report# 8 at 83823 cur_sample=8, num_rcd=3, num_pge=4, from ip = IPV4:127.0.0.1.14088, testrun number = 0
03/14/16 11:56:49|00:01:32|wait_forever.c|1917|process_progress_report_msg|-|255|-1|-1|-1|-1|Recieved PROGRESS_REPORT from child '2', loader_opcode = 0, report# 9 at 93823 cur_sample=9, num_rcd=0, num_pge=4, from ip = IPV4:127.0.0.1.14092, testrun number = 0
03/14/16 11:56:49|00:01:32|wait_forever.c|1917|process_progress_report_msg|-|255|-1|-1|-1|-1|Recieved PROGRESS_REPORT from child '1', loader_opcode = 0, report# 9 at 93823 cur_sample=9, num_rcd=1, num_pge=4, from ip = IPV4:127.0.0.1.14090, testrun number = 0
03/14/16 11:56:49|00:01:32|wait_forever.c|1917|process_progress_report_msg|-|255|-1|-1|-1|-1|Recieved PROGRESS_REPORT from child '3', loader_opcode = 0, report# 9 at 93823 cur_sample=9, num_rcd=2, num_pge=4, from ip = IPV4:127.0.0.1.14094, testrun number = 0
03/14/16 11:56:49|00:01:32|wait_forever.c|1917|process_progress_report_msg|-|255|-1|-1|-1|-1|Recieved PROGRESS_REPORT from child '0', loader_opcode = 0, report# 9 at 93823 cur_sample=9, num_rcd=3, num_pge=4, from ip = IPV4:127.0.0.1.14088, testrun number = 0
03/14/16 11:56:59|00:01:42|wait_forever.c|1917|process_progress_report_msg|-|255|-1|-1|-1|-1|Recieved PROGRESS_REPORT from child '3', loader_opcode = 0, report# 10 at 103823 cur_sample=10, num_rcd=0, num_pge=4, from ip = IPV4:127.0.0.1.14094, testrun number = 0
03/14/16 11:56:59|00:01:42|wait_forever.c|1917|process_progress_report_msg|-|255|-1|-1|-1|-1|Recieved PROGRESS_REPORT from child '1', loader_opcode = 0, report# 10 at 103823 cur_sample=10, num_rcd=1, num_pge=4, from ip = IPV4:127.0.0.1.14090, testrun number = 0
03/14/16 11:56:59|00:01:42|wait_forever.c|1917|process_progress_report_msg|-|255|-1|-1|-1|-1|Recieved PROGRESS_REPORT from child '2', loader_opcode = 0, report# 10 at 103823 cur_sample=10, num_rcd=2, num_pge=4, from ip = IPV4:127.0.0.1.14092, testrun number = 0
03/14/16 11:56:59|00:01:42|wait_forever.c|1917|process_progress_report_msg|-|255|-1|-1|-1|-1|Recieved PROGRESS_REPORT from child '0', loader_opcode = 0, report# 10 at 103823 cur_sample=10, num_rcd=3, num_pge=4, from ip = IPV4:127.0.0.1.14088, testrun number = 0
03/14/16 11:57:09|00:01:52|wait_forever.c|1917|process_progress_report_msg|-|255|-1|-1|-1|-1|Recieved PROGRESS_REPORT from child '1', loader_opcode = 0, report# 11 at 113823 cur_sample=11, num_rcd=0, num_pge=4, from ip = IPV4:127.0.0.1.14090, testrun number = 0
03/14/16 11:57:09|00:01:52|wait_forever.c|1917|process_progress_report_msg|-|255|-1|-1|-1|-1|Recieved PROGRESS_REPORT from child '2', loader_opcode = 0, report# 11 at 113823 cur_sample=11, num_rcd=1, num_pge=4, from ip = IPV4:127.0.0.1.14092, testrun number = 0
03/14/16 11:57:09|00:01:52|wait_forever.c|1917|process_progress_report_msg|-|255|-1|-1|-1|-1|Recieved PROGRESS_REPORT from child '3', loader_opcode = 0, report# 11 at 113823 cur_sample=11, num_rcd=2, num_pge=4, from ip = IPV4:127.0.0.1.14094, testrun number = 0
03/14/16 11:57:09|00:01:52|wait_forever.c|1917|process_progress_report_msg|-|255|-1|-1|-1|-1|Recieved PROGRESS_REPORT from child '0', loader_opcode = 0, report# 11 at 113823 cur_sample=11, num_rcd=3, num_pge=4, from ip = IPV4:127.0.0.1.14088, testrun number = 0
03/14/16 11:57:19|00:02:02|wait_forever.c|1917|process_progress_report_msg|-|255|-1|-1|-1|-1|Recieved PROGRESS_REPORT from child '1', loader_opcode = 0, report# 12 at 123823 cur_sample=12, num_rcd=0, num_pge=4, from ip = IPV4:127.0.0.1.14090, testrun number = 0
03/14/16 11:57:19|00:02:02|wait_forever.c|1917|process_progress_report_msg|-|255|-1|-1|-1|-1|Recieved PROGRESS_REPORT from child '2', loader_opcode = 0, report# 12 at 123823 cur_sample=12, num_rcd=1, num_pge=4, from ip = IPV4:127.0.0.1.14092, testrun number = 0
03/14/16 11:57:19|00:02:02|wait_forever.c|1917|process_progress_report_msg|-|255|-1|-1|-1|-1|Recieved PROGRESS_REPORT from child '3', loader_opcode = 0, report# 12 at 123823 cur_sample=12, num_rcd=2, num_pge=4, from ip = IPV4:127.0.0.1.14094, testrun number = 0
03/14/16 11:57:19|00:02:02|wait_forever.c|1917|process_progress_report_msg|-|255|-1|-1|-1|-1|Recieved PROGRESS_REPORT from child '0', loader_opcode = 0, report# 12 at 123823 cur_sample=12, num_rcd=3, num_pge=4, from ip = IPV4:127.0.0.1.14088, testrun number = 0
03/14/16 11:57:29|00:02:12|wait_forever.c|1917|process_progress_report_msg|-|255|-1|-1|-1|-1|Recieved PROGRESS_REPORT from child '2', loader_opcode = 0, report# 13 at 133823 cur_sample=13, num_rcd=0, num_pge=4, from ip = IPV4:127.0.0.1.14092, testrun number = 0
03/14/16 11:57:29|00:02:12|wait_forever.c|1917|process_progress_report_msg|-|255|-1|-1|-1|-1|Recieved PROGRESS_REPORT from child '1', loader_opcode = 0, report# 13 at 133823 cur_sample=13, num_rcd=1, num_pge=4, from ip = IPV4:127.0.0.1.14090, testrun number = 0
03/14/16 11:57:29|00:02:12|wait_forever.c|1917|process_progress_report_msg|-|255|-1|-1|-1|-1|Recieved PROGRESS_REPORT from child '3', loader_opcode = 0, report# 13 at 133823 cur_sample=13, num_rcd=2, num_pge=4, from ip = IPV4:127.0.0.1.14094, testrun number = 0
03/14/16 11:57:29|00:02:12|wait_forever.c|1917|process_progress_report_msg|-|255|-1|-1|-1|-1|Recieved PROGRESS_REPORT from child '0', loader_opcode = 0, report# 13 at 133823 cur_sample=13, num_rcd=3, num_pge=4, from ip = IPV4:127.0.0.1.14088, testrun number = 0
03/14/16 11:57:39|00:02:22|wait_forever.c|1917|process_progress_report_msg|-|255|-1|-1|-1|-1|Recieved PROGRESS_REPORT from child '2', loader_opcode = 0, report# 14 at 143823 cur_sample=14, num_rcd=0, num_pge=4, from ip = IPV4:127.0.0.1.14092, testrun number = 0
03/14/16 11:57:39|00:02:22|wait_forever.c|1917|process_progress_report_msg|-|255|-1|-1|-1|-1|Recieved PROGRESS_REPORT from child '1', loader_opcode = 0, report# 14 at 143823 cur_sample=14, num_rcd=1, num_pge=4, from ip = IPV4:127.0.0.1.14090, testrun number = 0
03/14/16 11:57:39|00:02:22|wait_forever.c|1917|process_progress_report_msg|-|255|-1|-1|-1|-1|Recieved PROGRESS_REPORT from child '3', loader_opcode = 0, report# 14 at 143823 cur_sample=14, num_rcd=2, num_pge=4, from ip = IPV4:127.0.0.1.14094, testrun number = 0
03/14/16 11:57:39|00:02:22|wait_forever.c|1917|process_progress_report_msg|-|255|-1|-1|-1|-1|Recieved PROGRESS_REPORT from child '0', loader_opcode = 0, report# 14 at 143823 cur_sample=14, num_rcd=3, num_pge=4, from ip = IPV4:127.0.0.1.14088, testrun number = 0
03/14/16 11:57:49|00:02:32|wait_forever.c|1917|process_progress_report_msg|-|255|-1|-1|-1|-1|Recieved PROGRESS_REPORT from child '3', loader_opcode = 0, report# 15 at 153823 cur_sample=15, num_rcd=0, num_pge=4, from ip = IPV4:127.0.0.1.14094, testrun number = 0
03/14/16 11:57:49|00:02:32|wait_forever.c|1917|process_progress_report_msg|-|255|-1|-1|-1|-1|Recieved PROGRESS_REPORT from child '2', loader_opcode = 0, report# 15 at 153823 cur_sample=15, num_rcd=1, num_pge=4, from ip = IPV4:127.0.0.1.14092, testrun number = 0
03/14/16 11:57:49|00:02:32|wait_forever.c|1917|process_progress_report_msg|-|255|-1|-1|-1|-1|Recieved PROGRESS_REPORT from child '1', loader_opcode = 0, report# 15 at 153823 cur_sample=15, num_rcd=2, num_pge=4, from ip = IPV4:127.0.0.1.14090, testrun number = 0
03/14/16 11:57:49|00:02:32|wait_forever.c|1917|process_progress_report_msg|-|255|-1|-1|-1|-1|Recieved PROGRESS_REPORT from child '0', loader_opcode = 0, report# 15 at 153823 cur_sample=15, num_rcd=3, num_pge=4, from ip = IPV4:127.0.0.1.14088, testrun number = 0
03/14/16 11:57:59|00:02:42|wait_forever.c|1917|process_progress_report_msg|-|255|-1|-1|-1|-1|Recieved PROGRESS_REPORT from child '2', loader_opcode = 0, report# 16 at 163823 cur_sample=16, num_rcd=0, num_pge=4, from ip = IPV4:127.0.0.1.14092, testrun number = 0
03/14/16 11:57:59|00:02:42|wait_forever.c|1917|process_progress_report_msg|-|255|-1|-1|-1|-1|Recieved PROGRESS_REPORT from child '3', loader_opcode = 0, report# 16 at 163823 cur_sample=16, num_rcd=1, num_pge=4, from ip = IPV4:127.0.0.1.14094, testrun number = 0
03/14/16 11:57:59|00:02:42|wait_forever.c|1917|process_progress_report_msg|-|255|-1|-1|-1|-1|Recieved PROGRESS_REPORT from child '1', loader_opcode = 0, report# 16 at 163823 cur_sample=16, num_rcd=2, num_pge=4, from ip = IPV4:127.0.0.1.14090, testrun number = 0
03/14/16 11:57:59|00:02:42|wait_forever.c|1917|process_progress_report_msg|-|255|-1|-1|-1|-1|Recieved PROGRESS_REPORT from child '0', loader_opcode = 0, report# 16 at 163823 cur_sample=16, num_rcd=3, num_pge=4, from ip = IPV4:127.0.0.1.14088, testrun number = 0
03/14/16 11:58:09|00:02:52|wait_forever.c|1917|process_progress_report_msg|-|255|-1|-1|-1|-1|Recieved PROGRESS_REPORT from child '3', loader_opcode = 0, report# 17 at 173823 cur_sample=17, num_rcd=0, num_pge=4, from ip = IPV4:127.0.0.1.14094, testrun number = 0
03/14/16 11:58:09|00:02:52|wait_forever.c|1917|process_progress_report_msg|-|255|-1|-1|-1|-1|Recieved PROGRESS_REPORT from child '1', loader_opcode = 0, report# 17 at 173823 cur_sample=17, num_rcd=1, num_pge=4, from ip = IPV4:127.0.0.1.14090, testrun number = 0
03/14/16 11:58:09|00:02:52|wait_forever.c|1917|process_progress_report_msg|-|255|-1|-1|-1|-1|Recieved PROGRESS_REPORT from child '2', loader_opcode = 0, report# 17 at 173823 cur_sample=17, num_rcd=2, num_pge=4, from ip = IPV4:127.0.0.1.14092, testrun number = 0
03/14/16 11:58:09|00:02:52|wait_forever.c|1917|process_progress_report_msg|-|255|-1|-1|-1|-1|Recieved PROGRESS_REPORT from child '0', loader_opcode = 0, report# 17 at 173823 cur_sample=17, num_rcd=3, num_pge=4, from ip = IPV4:127.0.0.1.14088, testrun number = 0
03/14/16 11:58:19|00:03:02|wait_forever.c|1917|process_progress_report_msg|-|255|-1|-1|-1|-1|Recieved PROGRESS_REPORT from child '3', loader_opcode = 0, report# 18 at 183823 cur_sample=18, num_rcd=0, num_pge=4, from ip = IPV4:127.0.0.1.14094, testrun number = 0
03/14/16 11:58:19|00:03:02|wait_forever.c|1917|process_progress_report_msg|-|255|-1|-1|-1|-1|Recieved PROGRESS_REPORT from child '2', loader_opcode = 0, report# 18 at 183823 cur_sample=18, num_rcd=1, num_pge=4, from ip = IPV4:127.0.0.1.14092, testrun number = 0
03/14/16 11:58:19|00:03:02|wait_forever.c|1917|process_progress_report_msg|-|255|-1|-1|-1|-1|Recieved PROGRESS_REPORT from child '1', loader_opcode = 0, report# 18 at 183823 cur_sample=18, num_rcd=2, num_pge=4, from ip = IPV4:127.0.0.1.14090, testrun number = 0
03/14/16 11:58:19|00:03:02|wait_forever.c|1917|process_progress_report_msg|-|255|-1|-1|-1|-1|Recieved PROGRESS_REPORT from child '0', loader_opcode = 0, report# 18 at 183823 cur_sample=18, num_rcd=3, num_pge=4, from ip = IPV4:127.0.0.1.14088, testrun number = 0
03/14/16 11:58:19|00:03:02|wait_forever.c|839|process_phase_complete_msg|-|255|-1|-1|-1|-1|Received phase complete message for grp idx = -1 phase completed phase idx = 3, child/generator id = 2
03/14/16 11:58:19|00:03:02|wait_forever.c|839|process_phase_complete_msg|-|255|-1|-1|-1|-1|Received phase complete message for grp idx = -1 phase completed phase idx = 3, child/generator id = 3
03/14/16 11:58:19|00:03:02|wait_forever.c|839|process_phase_complete_msg|-|255|-1|-1|-1|-1|Received phase complete message for grp idx = -1 phase completed phase idx = 3, child/generator id = 1
03/14/16 11:58:19|00:03:02|wait_forever.c|839|process_phase_complete_msg|-|255|-1|-1|-1|-1|Received phase complete message for grp idx = -1 phase completed phase idx = 3, child/generator id = 0
03/14/16 11:58:19|00:03:02|wait_forever.c|839|process_phase_complete_msg|-|255|-1|-1|-1|-1|Received phase complete message for grp idx = -1 phase completed phase idx = 4, child/generator id = 1
03/14/16 11:58:19|00:03:02|wait_forever.c|839|process_phase_complete_msg|-|255|-1|-1|-1|-1|Received phase complete message for grp idx = -1 phase completed phase idx = 4, child/generator id = 0
03/14/16 11:58:19|00:03:02|wait_forever.c|839|process_phase_complete_msg|-|255|-1|-1|-1|-1|Received phase complete message for grp idx = -1 phase completed phase idx = 4, child/generator id = 2
03/14/16 11:58:19|00:03:02|wait_forever.c|839|process_phase_complete_msg|-|255|-1|-1|-1|-1|Received phase complete message for grp idx = -1 phase completed phase idx = 4, child/generator id = 3
03/14/16 11:58:19|00:03:02|wait_forever.c|1917|process_progress_report_msg|-|255|-1|-1|-1|-1|Recieved PROGRESS_REPORT from child '1', loader_opcode = 0, report# 19 at 183908 cur_sample=19, num_rcd=0, num_pge=4, from ip = IPV4:127.0.0.1.14090, testrun number = 0
03/14/16 11:58:19|00:03:02|wait_forever.c|1917|process_progress_report_msg|-|255|-1|-1|-1|-1|Recieved PROGRESS_REPORT from child '0', loader_opcode = 0, report# 19 at 183908 cur_sample=19, num_rcd=1, num_pge=4, from ip = IPV4:127.0.0.1.14088, testrun number = 0
03/14/16 11:58:19|00:03:02|wait_forever.c|1917|process_progress_report_msg|-|255|-1|-1|-1|-1|Recieved PROGRESS_REPORT from child '2', loader_opcode = 0, report# 19 at 183908 cur_sample=19, num_rcd=2, num_pge=4, from ip = IPV4:127.0.0.1.14092, testrun number = 0
03/14/16 11:58:19|00:03:02|wait_forever.c|1917|process_progress_report_msg|-|255|-1|-1|-1|-1|Recieved PROGRESS_REPORT from child '3', loader_opcode = 0, report# 19 at 183908 cur_sample=19, num_rcd=3, num_pge=4, from ip = IPV4:127.0.0.1.14094, testrun number = 0
03/14/16 11:58:19|00:03:02|wait_forever.c|1744|process_finish_report_msg|-|255|-1|-1|-1|-1|Recieved FINISH_REPORT msg from the child_id = 3, num_active = 3, loader_opcode = 0, from ip = IPV4:127.0.0.1.14094
03/14/16 11:58:19|00:03:02|ns_msg_com_util.c|975|close_msg_com_con|-|255|-1|-1|-1|-1|Closing connection for sock 'fd = 34, IP = IPV4:127.0.0.1.14094, State = 0x0'
03/14/16 11:58:20|00:03:03|wait_forever.c|1744|process_finish_report_msg|-|255|-1|-1|-1|-1|Recieved FINISH_REPORT msg from the child_id = 0, num_active = 2, loader_opcode = 0, from ip = IPV4:127.0.0.1.14088
03/14/16 11:58:20|00:03:03|ns_msg_com_util.c|975|close_msg_com_con|-|255|-1|-1|-1|-1|Closing connection for sock 'fd = 31, IP = IPV4:127.0.0.1.14088, State = 0x0'
03/14/16 11:58:24|00:03:07|wait_forever.c|1744|process_finish_report_msg|-|255|-1|-1|-1|-1|Recieved FINISH_REPORT msg from the child_id = 2, num_active = 1, loader_opcode = 0, from ip = IPV4:127.0.0.1.14092
03/14/16 11:58:24|00:03:07|ns_msg_com_util.c|975|close_msg_com_con|-|255|-1|-1|-1|-1|Closing connection for sock 'fd = 33, IP = IPV4:127.0.0.1.14092, State = 0x0'
03/14/16 11:58:24|00:03:07|wait_forever.c|1744|process_finish_report_msg|-|255|-1|-1|-1|-1|Recieved FINISH_REPORT msg from the child_id = 1, num_active = 0, loader_opcode = 0, from ip = IPV4:127.0.0.1.14090
03/14/16 11:58:24|00:03:07|ns_msg_com_util.c|975|close_msg_com_con|-|255|-1|-1|-1|-1|Closing connection for sock 'fd = 32, IP = IPV4:127.0.0.1.14090, State = 0x0'
03/14/16 11:58:24|00:03:07|wait_forever.c|1837|process_finish_report_msg|-|255|-1|-1|-1|-1|Recieved FINISH_REPORT msg from all child/clients