2016-01-11 10:05:56 AM | No Permission to create the file or File doesn't exists
2016-01-11 10:05:56 AM | Failed For SMOKE-001-007
2016-01-11 10:06:03 AM | No Permission to create the file or File doesn't exists
2016-01-11 10:06:03 AM | Failed For SMOKE-001-008
2016-01-11 10:06:25 AM | No Permission to create the file or File doesn't exists
2016-01-11 10:06:25 AM | Failed For SMOKE-001-011
2016-01-11 10:06:32 AM | No Permission to create the file or File doesn't exists
2016-01-11 10:06:32 AM | Failed For SMOKE-001-012
2016-01-11 10:06:54 AM | No Permission to create the file or File doesn't exists
2016-01-11 10:06:54 AM | Failed For SMOKE-001-015
2016-01-11 10:07:02 AM | No Permission to create the file or File doesn't exists
2016-01-11 10:07:02 AM | Failed For SMOKE-001-016
2016-01-12 10:07:32 AM | No Permission to create the file or File doesn't exists
2016-01-12 10:07:32 AM | Failed For SMOKE-001-007
2016-01-12 10:07:39 AM | No Permission to create the file or File doesn't exists
2016-01-12 10:07:39 AM | Failed For SMOKE-001-008
2016-01-12 10:08:01 AM | No Permission to create the file or File doesn't exists
2016-01-12 10:08:01 AM | Failed For SMOKE-001-011
2016-01-12 10:08:08 AM | No Permission to create the file or File doesn't exists
2016-01-12 10:08:08 AM | Failed For SMOKE-001-012
2016-01-12 10:08:30 AM | No Permission to create the file or File doesn't exists
2016-01-12 10:08:30 AM | Failed For SMOKE-001-015
2016-01-12 10:08:37 AM | No Permission to create the file or File doesn't exists
2016-01-12 10:08:37 AM | Failed For SMOKE-001-016
2016-01-12 09:05:35 PM | No Permission to create the file or File doesn't exists
2016-01-12 09:05:35 PM | Failed For SMOKE-001-007
2016-01-12 09:05:43 PM | No Permission to create the file or File doesn't exists
2016-01-12 09:05:43 PM | Failed For SMOKE-001-008
2016-01-12 09:06:05 PM | No Permission to create the file or File doesn't exists
2016-01-12 09:06:05 PM | Failed For SMOKE-001-011
2016-01-12 09:06:13 PM | No Permission to create the file or File doesn't exists
2016-01-12 09:06:13 PM | Failed For SMOKE-001-012
2016-01-12 09:06:35 PM | No Permission to create the file or File doesn't exists
2016-01-12 09:06:35 PM | Failed For SMOKE-001-015
2016-01-12 09:06:42 PM | No Permission to create the file or File doesn't exists
2016-01-12 09:06:42 PM | Failed For SMOKE-001-016
2016-01-17 10:36:42 PM | No Permission to create the file or File doesn't exists
2016-01-17 10:36:42 PM | Failed For SMOKE-001-007
2016-01-17 10:36:49 PM | No Permission to create the file or File doesn't exists
2016-01-17 10:36:49 PM | Failed For SMOKE-001-008
2016-01-17 10:37:11 PM | No Permission to create the file or File doesn't exists
2016-01-17 10:37:11 PM | Failed For SMOKE-001-011
2016-01-17 10:37:18 PM | No Permission to create the file or File doesn't exists
2016-01-17 10:37:18 PM | Failed For SMOKE-001-012
2016-01-17 10:37:40 PM | No Permission to create the file or File doesn't exists
2016-01-17 10:37:40 PM | Failed For SMOKE-001-015
2016-01-17 10:37:48 PM | No Permission to create the file or File doesn't exists
2016-01-17 10:37:48 PM | Failed For SMOKE-001-016
2016-01-18 10:18:34 AM | Response do not match. SAVED STRING=string to be saved decl var using save_string_api ,RESPONSE={NS_DP} | STATUS=FAIL for SMOKE-001-001
2016-01-18 10:19:03 AM | SAVED_STRING, RESPONSE & RESPONSE_QUERY Do not match
2016-01-18 10:19:10 AM | SAVED_STRING, RESPONSE & RESPONSE_QUERY Do not match
2016-01-18 10:19:17 AM | No Permission to create the file or File doesn't exists
2016-01-18 10:19:17 AM | Failed For SMOKE-001-007
2016-01-18 10:19:25 AM | No Permission to create the file or File doesn't exists
2016-01-18 10:19:25 AM | Failed For SMOKE-001-008
2016-01-18 10:19:32 AM | SAVED_STRING, RESPONSE & RESPONSE_QUERY Do not match
2016-01-18 10:19:40 AM | SAVED_STRING, RESPONSE & RESPONSE_QUERY Do not match
2016-01-18 10:19:47 AM | No Permission to create the file or File doesn't exists
2016-01-18 10:19:47 AM | Failed For SMOKE-001-011
2016-01-18 10:19:54 AM | No Permission to create the file or File doesn't exists
2016-01-18 10:19:54 AM | Failed For SMOKE-001-012
2016-01-18 10:20:01 AM | SAVED_STRING, RESPONSE & RESPONSE_QUERY Do not match
2016-01-18 10:20:09 AM | SAVED_STRING, RESPONSE & RESPONSE_QUERY Do not match
2016-01-18 10:20:16 AM | No Permission to create the file or File doesn't exists
2016-01-18 10:20:16 AM | Failed For SMOKE-001-015
2016-01-18 10:20:23 AM | No Permission to create the file or File doesn't exists
2016-01-18 10:20:23 AM | Failed For SMOKE-001-016
2016-01-18 11:32:52 PM | No Permission to create the file or File doesn't exists
2016-01-18 11:32:52 PM | Failed For SMOKE-001-007
2016-01-18 11:32:59 PM | No Permission to create the file or File doesn't exists
2016-01-18 11:32:59 PM | Failed For SMOKE-001-008
2016-01-18 11:33:21 PM | No Permission to create the file or File doesn't exists
2016-01-18 11:33:21 PM | Failed For SMOKE-001-011
2016-01-18 11:33:28 PM | No Permission to create the file or File doesn't exists
2016-01-18 11:33:28 PM | Failed For SMOKE-001-012
2016-01-18 11:33:50 PM | No Permission to create the file or File doesn't exists
2016-01-18 11:33:50 PM | Failed For SMOKE-001-015
2016-01-18 11:33:58 PM | No Permission to create the file or File doesn't exists
2016-01-18 11:33:58 PM | Failed For SMOKE-001-016
2016-01-20 11:17:14 AM | No Permission to create the file or File doesn't exists
2016-01-20 11:17:14 AM | Failed For SMOKE-001-007
2016-01-20 11:17:21 AM | No Permission to create the file or File doesn't exists
2016-01-20 11:17:21 AM | Failed For SMOKE-001-008
2016-01-20 11:17:43 AM | No Permission to create the file or File doesn't exists
2016-01-20 11:17:43 AM | Failed For SMOKE-001-011
2016-01-20 11:17:50 AM | No Permission to create the file or File doesn't exists
2016-01-20 11:17:50 AM | Failed For SMOKE-001-012
2016-01-20 11:18:13 AM | No Permission to create the file or File doesn't exists
2016-01-20 11:18:13 AM | Failed For SMOKE-001-015
2016-01-20 11:18:20 AM | No Permission to create the file or File doesn't exists
2016-01-20 11:18:20 AM | Failed For SMOKE-001-016
2016-01-20 11:14:23 PM | No Permission to create the file or File doesn't exists
2016-01-20 11:14:23 PM | Failed For SMOKE-001-007
2016-01-20 11:14:30 PM | No Permission to create the file or File doesn't exists
2016-01-20 11:14:30 PM | Failed For SMOKE-001-008
2016-01-20 11:14:52 PM | No Permission to create the file or File doesn't exists
2016-01-20 11:14:52 PM | Failed For SMOKE-001-011
2016-01-20 11:14:59 PM | No Permission to create the file or File doesn't exists
2016-01-20 11:14:59 PM | Failed For SMOKE-001-012
2016-01-20 11:15:21 PM | No Permission to create the file or File doesn't exists
2016-01-20 11:15:21 PM | Failed For SMOKE-001-015
2016-01-20 11:15:29 PM | No Permission to create the file or File doesn't exists
2016-01-20 11:15:29 PM | Failed For SMOKE-001-016
2016-01-22 01:51:09 PM | No Permission to create the file or File doesn't exists
2016-01-22 01:51:09 PM | Failed For SMOKE-001-007
2016-01-22 01:51:17 PM | No Permission to create the file or File doesn't exists
2016-01-22 01:51:17 PM | Failed For SMOKE-001-008
2016-01-22 01:51:38 PM | No Permission to create the file or File doesn't exists
2016-01-22 01:51:38 PM | Failed For SMOKE-001-011
2016-01-22 01:51:45 PM | No Permission to create the file or File doesn't exists
2016-01-22 01:51:45 PM | Failed For SMOKE-001-012
2016-01-22 01:52:07 PM | No Permission to create the file or File doesn't exists
2016-01-22 01:52:07 PM | Failed For SMOKE-001-015
2016-01-22 01:52:15 PM | No Permission to create the file or File doesn't exists
2016-01-22 01:52:15 PM | Failed For SMOKE-001-016
2016-01-22 05:25:25 PM | No Permission to create the file or File doesn't exists
2016-01-22 05:25:25 PM | Failed For SMOKE-001-007
2016-01-22 05:25:33 PM | No Permission to create the file or File doesn't exists
2016-01-22 05:25:33 PM | Failed For SMOKE-001-008
2016-01-22 05:25:54 PM | No Permission to create the file or File doesn't exists
2016-01-22 05:25:54 PM | Failed For SMOKE-001-011
2016-01-22 05:26:02 PM | No Permission to create the file or File doesn't exists
2016-01-22 05:26:02 PM | Failed For SMOKE-001-012
2016-01-22 05:26:24 PM | No Permission to create the file or File doesn't exists
2016-01-22 05:26:24 PM | Failed For SMOKE-001-015
2016-01-22 05:26:31 PM | No Permission to create the file or File doesn't exists
2016-01-22 05:26:31 PM | Failed For SMOKE-001-016
2016-01-22 05:39:38 PM | No Permission to create the file or File doesn't exists
2016-01-22 05:39:38 PM | Failed For SMOKE-001-007
2016-01-22 05:39:45 PM | No Permission to create the file or File doesn't exists
2016-01-22 05:39:45 PM | Failed For SMOKE-001-008
2016-01-22 05:40:07 PM | No Permission to create the file or File doesn't exists
2016-01-22 05:40:07 PM | Failed For SMOKE-001-011
2016-01-22 05:40:15 PM | No Permission to create the file or File doesn't exists
2016-01-22 05:40:15 PM | Failed For SMOKE-001-012
2016-01-22 05:40:37 PM | No Permission to create the file or File doesn't exists
2016-01-22 05:40:37 PM | Failed For SMOKE-001-015
2016-01-22 05:40:44 PM | No Permission to create the file or File doesn't exists
2016-01-22 05:40:44 PM | Failed For SMOKE-001-016
2016-01-22 05:54:04 PM | No Permission to create the file or File doesn't exists
2016-01-22 05:54:04 PM | Failed For SMOKE-001-007
2016-01-22 05:54:12 PM | No Permission to create the file or File doesn't exists
2016-01-22 05:54:12 PM | Failed For SMOKE-001-008
2016-01-22 05:54:33 PM | No Permission to create the file or File doesn't exists
2016-01-22 05:54:33 PM | Failed For SMOKE-001-011
2016-01-22 05:54:40 PM | No Permission to create the file or File doesn't exists
2016-01-22 05:54:40 PM | Failed For SMOKE-001-012
2016-01-22 05:55:02 PM | No Permission to create the file or File doesn't exists
2016-01-22 05:55:02 PM | Failed For SMOKE-001-015
2016-01-22 05:55:10 PM | No Permission to create the file or File doesn't exists
2016-01-22 05:55:10 PM | Failed For SMOKE-001-016
2016-01-24 10:56:33 AM | No Permission to create the file or File doesn't exists
2016-01-24 10:56:34 AM | Failed For SMOKE-001-007
2016-01-24 10:56:41 AM | No Permission to create the file or File doesn't exists
2016-01-24 10:56:41 AM | Failed For SMOKE-001-008
2016-01-24 10:57:02 AM | No Permission to create the file or File doesn't exists
2016-01-24 10:57:02 AM | Failed For SMOKE-001-011
2016-01-24 10:57:09 AM | No Permission to create the file or File doesn't exists
2016-01-24 10:57:09 AM | Failed For SMOKE-001-012
2016-01-24 10:57:31 AM | No Permission to create the file or File doesn't exists
2016-01-24 10:57:31 AM | Failed For SMOKE-001-015
2016-01-24 10:57:38 AM | No Permission to create the file or File doesn't exists
2016-01-24 10:57:38 AM | Failed For SMOKE-001-016
2016-01-25 11:52:03 AM | No Permission to create the file or File doesn't exists
2016-01-25 11:52:03 AM | Failed For SMOKE-001-007
2016-01-25 11:52:11 AM | No Permission to create the file or File doesn't exists
2016-01-25 11:52:11 AM | Failed For SMOKE-001-008
2016-01-25 11:52:35 AM | No Permission to create the file or File doesn't exists
2016-01-25 11:52:35 AM | Failed For SMOKE-001-011
2016-01-25 11:52:42 AM | No Permission to create the file or File doesn't exists
2016-01-25 11:52:42 AM | Failed For SMOKE-001-012
2016-01-25 11:53:05 AM | No Permission to create the file or File doesn't exists
2016-01-25 11:53:05 AM | Failed For SMOKE-001-015
2016-01-25 11:53:12 AM | No Permission to create the file or File doesn't exists
2016-01-25 11:53:12 AM | Failed For SMOKE-001-016
2016-01-30 01:26:34 AM | No Permission to create the file or File doesn't exists
2016-01-30 01:26:34 AM | Failed For SMOKE-001-007
2016-01-30 01:26:42 AM | No Permission to create the file or File doesn't exists
2016-01-30 01:26:42 AM | Failed For SMOKE-001-008
2016-01-30 01:27:03 AM | No Permission to create the file or File doesn't exists
2016-01-30 01:27:03 AM | Failed For SMOKE-001-011
2016-01-30 01:27:11 AM | No Permission to create the file or File doesn't exists
2016-01-30 01:27:11 AM | Failed For SMOKE-001-012
2016-01-30 01:27:33 AM | No Permission to create the file or File doesn't exists
2016-01-30 01:27:33 AM | Failed For SMOKE-001-015
2016-01-30 01:27:40 AM | No Permission to create the file or File doesn't exists
2016-01-30 01:27:40 AM | Failed For SMOKE-001-016
2016-01-30 09:27:45 AM | No Permission to create the file or File doesn't exists
2016-01-30 09:27:45 AM | Failed For SMOKE-001-007
2016-01-30 09:27:52 AM | No Permission to create the file or File doesn't exists
2016-01-30 09:27:52 AM | Failed For SMOKE-001-008
2016-01-30 09:28:13 AM | No Permission to create the file or File doesn't exists
2016-01-30 09:28:13 AM | Failed For SMOKE-001-011
2016-01-30 09:28:21 AM | No Permission to create the file or File doesn't exists
2016-01-30 09:28:21 AM | Failed For SMOKE-001-012
2016-01-30 09:28:42 AM | No Permission to create the file or File doesn't exists
2016-01-30 09:28:42 AM | Failed For SMOKE-001-015
2016-01-30 09:28:49 AM | No Permission to create the file or File doesn't exists
2016-01-30 09:28:49 AM | Failed For SMOKE-001-016
