2016-05-02 07:29:40 PM |TR28763|Performance_cps_128User_OEF_010| BaselineTR for CPS = 23425
2016-05-02 07:29:40 PM |TR28763|Performance_cps_128User_OEF_010| going to fail testcase
2016-05-02 07:32:55 PM |TR28764|Performance_cps_128User_OEF_010_HPM| BaselineTR for CPS = 23426
2016-05-02 07:32:55 PM |TR28764|Performance_cps_128User_OEF_010_HPM| going to fail testcase
2016-05-02 07:36:07 PM |TR28765|Performance_cps_128User_OEF_011_HPM| BaselineTR for CPS = 23427
2016-05-02 07:36:07 PM |TR28765|Performance_cps_128User_OEF_011_HPM| going to fail testcase
2016-05-02 07:39:23 PM |TR28766|Performance_cps_128User_OEF_111_HPM| BaselineTR for CPS = 23428
2016-05-02 07:39:23 PM |TR28766|Performance_cps_128User_OEF_111_HPM| going to fail testcase
2016-05-02 07:43:01 PM |TR28767|Performance_hps_128User_OEF_010| BaselineTR for HPS = 23429
2016-05-02 07:43:01 PM |TR28767|Performance_hps_128User_OEF_010| going to pass testcase
2016-05-02 07:46:14 PM |TR28768|Performance_hps_128User_OEF_010_HPM| BaselineTR for HPS = 23430
2016-05-02 07:46:14 PM |TR28768|Performance_hps_128User_OEF_010_HPM| going to pass testcase
2016-05-02 07:49:29 PM |TR28769|Performance_hps_128User_OEF_011_HPM| BaselineTR for HPS = 23431
2016-05-02 07:49:29 PM |TR28769|Performance_hps_128User_OEF_011_HPM| going to pass testcase
2016-05-02 07:52:41 PM |TR28770|Performance_hps_128User_OEF_111_HPM| BaselineTR for HPS = 23432
2016-05-02 07:52:41 PM |TR28770|Performance_hps_128User_OEF_111_HPM| going to pass testcase
2016-05-02 07:55:53 PM |TR28771|Performance_throughput_128User_OEF_010| BaselineTR for TPUT = 23433
2016-05-02 07:55:53 PM |TR28771|Performance_throughput_128User_OEF_010| going to pass testcase
2016-05-02 07:59:07 PM |TR28772|Performance_throughput_128User_OEF_010_HPM| BaselineTR for TPUT = 23434
2016-05-02 07:59:07 PM |TR28772|Performance_throughput_128User_OEF_010_HPM| going to pass testcase
2016-05-02 08:02:23 PM |TR28773|Performance_throughput_128User_OEF_011_HPM| BaselineTR for TPUT = 23435
2016-05-02 08:02:23 PM |TR28773|Performance_throughput_128User_OEF_011_HPM| going to pass testcase
2016-05-02 08:05:36 PM |TR28774|Performance_throughput_128User_OEF_111_HPM| BaselineTR for TPUT = 23436
2016-05-02 08:05:36 PM |TR28774|Performance_throughput_128User_OEF_111_HPM| going to pass testcase
2016-05-02 08:16:54 PM |TR28775|Performance_concurrency_withoutwan| BaselineTR for CONCURRENCY = 23437
2016-05-02 08:16:54 PM |TR28775|Performance_concurrency_withoutwan| going to pass testcase
2016-05-02 08:43:36 PM |TR28776|REG-001-001| Inside status evaluator module
2016-05-02 08:43:36 PM |TR28776|REG-001-001| values inside array are : ALL abbvbvbb
2016-05-02 08:43:36 PM |TR28776|REG-001-001| value at 0th index is ALL
2016-05-02 08:43:36 PM |TR28776|REG-001-001| opt_array_all array values are : Running_User_Change_Pct Active_User_Change_Pct Thinking_User_Change_Pct Waiting_User_Change_Pct Connection_Change_Pct Tcp_Send_throuput_Change Tcp_Rcv_throuput_Change Eth_Send_throuput_Change Eth_Rcv_throuput_Change Tcp_Open_Conn_Per_Secd_Change Tcp_Total_Open_Conn_Change Tcp_Close_Conn_Per_Secd_Change Tcp_Total_Close_Conn_Change SSL_Total_New_Change SSL_Total_Reuse_Attempted_Change Res_Time_Change Total_Request_Completed_Change Total_Request_SucessFul_Change Transaction_Response_Time_Change Page_Response_Time_Change
2016-05-02 08:43:36 PM |TR28776|REG-001-001| Inside comparing all data module
2016-05-02 08:43:36 PM |TR28776|REG-001-001| values inside array are : Running_User_Change_Pct Active_User_Change_Pct Thinking_User_Change_Pct Waiting_User_Change_Pct Connection_Change_Pct Tcp_Send_throuput_Change Tcp_Rcv_throuput_Change Eth_Send_throuput_Change Eth_Rcv_throuput_Change Tcp_Open_Conn_Per_Secd_Change Tcp_Total_Open_Conn_Change Tcp_Close_Conn_Per_Secd_Change Tcp_Total_Close_Conn_Change SSL_Total_New_Change SSL_Total_Reuse_Attempted_Change Res_Time_Change Total_Request_Completed_Change Total_Request_SucessFul_Change Transaction_Response_Time_Change Page_Response_Time_Change
2016-05-02 08:43:36 PM |TR28776|REG-001-001| Number of time loop to be iterated = 20
2016-05-02 08:43:36 PM |TR28776|REG-001-001| Difference of Running_User_Change_Pct is = 0
2016-05-02 08:43:36 PM |TR28776|REG-001-001| Difference of Active_User_Change_Pct is = 26
2016-05-02 08:43:36 PM |TR28776|REG-001-001| Difference of Active_User_Change_Pct inside failure loop is = 26
2016-05-02 08:43:36 PM |TR28776|REG-001-001| Difference of Thinking_User_Change_Pct is = 2
2016-05-02 08:43:36 PM |TR28776|REG-001-001| Difference of Waiting_User_Change_Pct is = -0
2016-05-02 08:43:36 PM |TR28776|REG-001-001| Difference of Connection_Change_Pct is = 0
2016-05-02 08:43:36 PM |TR28776|REG-001-001| Difference of Tcp_Send_throuput_Change is = -1
2016-05-02 08:43:36 PM |TR28776|REG-001-001| Difference of Tcp_Rcv_throuput_Change is = 0
2016-05-02 08:43:36 PM |TR28776|REG-001-001| Difference of Eth_Send_throuput_Change is = -1
2016-05-02 08:43:36 PM |TR28776|REG-001-001| Difference of Eth_Rcv_throuput_Change is = 0
2016-05-02 08:43:36 PM |TR28776|REG-001-001| Difference of Tcp_Open_Conn_Per_Secd_Change is = 0
2016-05-02 08:43:36 PM |TR28776|REG-001-001| Difference of Tcp_Total_Open_Conn_Change is = 0
2016-05-02 08:43:36 PM |TR28776|REG-001-001| Difference of Tcp_Close_Conn_Per_Secd_Change is = 0
2016-05-02 08:43:36 PM |TR28776|REG-001-001| Difference of Tcp_Total_Close_Conn_Change is = 0
2016-05-02 08:43:36 PM |TR28776|REG-001-001| Difference of SSL_Total_New_Change is = 0
2016-05-02 08:43:36 PM |TR28776|REG-001-001| Difference of SSL_Total_Reuse_Attempted_Change is = 0
2016-05-02 08:43:36 PM |TR28776|REG-001-001| Difference of Res_Time_Change is = 0
2016-05-02 08:43:36 PM |TR28776|REG-001-001| Difference of Total_Request_Completed_Change is = 0
2016-05-02 08:43:36 PM |TR28776|REG-001-001| Difference of Total_Request_SucessFul_Change is = 0
2016-05-02 08:43:36 PM |TR28776|REG-001-001| Difference of Transaction_Response_Time_Change is = 0
2016-05-02 08:43:36 PM |TR28776|REG-001-001| Difference of Page_Response_Time_Change is = 0
2016-05-02 08:59:05 PM |TR28777|REG-002-001| Difference of Running_User_Change_Pct is = 0
2016-05-02 08:59:05 PM |TR28777|REG-002-001| Difference of Active_User_Change_Pct is = 44
2016-05-02 08:59:05 PM |TR28777|REG-002-001| Difference of Active_User_Change_Pct inside failure loop is = 44
2016-05-02 08:59:05 PM |TR28777|REG-002-001| Difference of Thinking_User_Change_Pct is = 2
2016-05-02 08:59:05 PM |TR28777|REG-002-001| Difference of Waiting_User_Change_Pct is = -0
2016-05-02 08:59:05 PM |TR28777|REG-002-001| Difference of Connection_Change_Pct is = 2
2016-05-02 08:59:05 PM |TR28777|REG-002-001| Difference of Tcp_Send_throuput_Change is = -1
2016-05-02 08:59:05 PM |TR28777|REG-002-001| Difference of Tcp_Rcv_throuput_Change is = -1
2016-05-02 08:59:05 PM |TR28777|REG-002-001| Difference of Eth_Send_throuput_Change is = -1
2016-05-02 08:59:05 PM |TR28777|REG-002-001| Difference of Eth_Rcv_throuput_Change is = -1
2016-05-02 08:59:05 PM |TR28777|REG-002-001| Difference of Tcp_Open_Conn_Per_Secd_Change is = -0
2016-05-02 08:59:05 PM |TR28777|REG-002-001| Difference of Tcp_Total_Open_Conn_Change is = -1
2016-05-02 08:59:05 PM |TR28777|REG-002-001| Difference of Tcp_Close_Conn_Per_Secd_Change is = -0
2016-05-02 08:59:05 PM |TR28777|REG-002-001| Difference of Tcp_Total_Close_Conn_Change is = -1
2016-05-02 08:59:05 PM |TR28777|REG-002-001| Difference of SSL_Total_New_Change is = 0
2016-05-02 08:59:05 PM |TR28777|REG-002-001| Difference of SSL_Total_Reuse_Attempted_Change is = 0
2016-05-02 08:59:05 PM |TR28777|REG-002-001| Difference of Res_Time_Change is = 0
2016-05-02 08:59:05 PM |TR28777|REG-002-001| Difference of Total_Request_Completed_Change is = -1
2016-05-02 08:59:05 PM |TR28777|REG-002-001| Difference of Total_Request_SucessFul_Change is = -1
2016-05-02 08:59:05 PM |TR28777|REG-002-001| Difference of Transaction_Response_Time_Change is = 0
2016-05-02 08:59:05 PM |TR28777|REG-002-001| Difference of Page_Response_Time_Change is = 0
2016-05-02 09:25:07 PM |TR28778|REG-003-001| Difference of Running_User_Change_Pct = -0
2016-05-02 09:25:07 PM |TR28778|REG-003-001| Difference of Active_User_Change_Pct = 3
2016-05-02 09:25:07 PM |TR28778|REG-003-001| Difference of Thinking_User_Change_Pct = 0
2016-05-02 09:25:07 PM |TR28778|REG-003-001| Difference of Connection_Change_Pct = -0
2016-05-02 09:25:07 PM |TR28778|REG-003-001| Difference of Tcp_Send_throuput_Change = -1
2016-05-02 09:25:07 PM |TR28778|REG-003-001| Difference of Tcp_Rcv_throuput_Change = -0
2016-05-02 09:25:07 PM |TR28778|REG-003-001| Difference of Eth_Send_throuput_Change = -1
2016-05-02 09:25:07 PM |TR28778|REG-003-001| Difference of Eth_Rcv_throuput_Change = -0
2016-05-02 09:25:07 PM |TR28778|REG-003-001| Difference of Tcp_Open_Conn_Per_Secd_Change = -0
2016-05-02 09:25:07 PM |TR28778|REG-003-001| Difference of Tcp_Total_Open_Conn_Change = -0
2016-05-02 09:25:07 PM |TR28778|REG-003-001| Difference of Tcp_Close_Conn_Per_Secd_Change = -0
2016-05-02 09:25:07 PM |TR28778|REG-003-001| Difference of Tcp_Total_Close_Conn_Change = -0
2016-05-02 09:25:07 PM |TR28778|REG-003-001| Difference of SSL_Total_New_Change = -1
2016-05-02 09:25:07 PM |TR28778|REG-003-001| Difference of SSL_Total_Reuse_Attempted_Change = -1
2016-05-02 09:25:07 PM |TR28778|REG-003-001| Difference of Res_Time_Change = 0
2016-05-02 09:25:07 PM |TR28778|REG-003-001| Difference of Total_Request_Completed_Change = -0
2016-05-02 09:25:07 PM |TR28778|REG-003-001| Difference of Total_Request_SucessFul_Change = -0
2016-05-02 09:25:07 PM |TR28778|REG-003-001| Difference of Transaction_Response_Time_Change = 0
2016-05-02 09:25:07 PM |TR28778|REG-003-001| Difference of Page_Response_Time_Change = 0
2016-05-02 09:45:31 PM |TR28779|REG-004-001| Difference of metric Running_User_Change_Pct = 4
2016-05-02 09:45:31 PM |TR28779|REG-004-001| Difference of metric Active_User_Change_Pct = 13
2016-05-02 09:45:31 PM |TR28779|REG-004-001| Difference of metric Active_User_Change_Pct inside failure loop is = 13
2016-05-02 09:45:31 PM |TR28779|REG-004-001| Difference of metric Thinking_User_Change_Pct = 3
2016-05-02 09:45:31 PM |TR28779|REG-004-001| Difference of metric Connection_Change_Pct = 3
2016-05-02 09:45:31 PM |TR28779|REG-004-001| Difference of metric Tcp_Send_throuput_Change = 3
2016-05-02 09:45:31 PM |TR28779|REG-004-001| Difference of metric Tcp_Rcv_throuput_Change = 3
2016-05-02 09:45:31 PM |TR28779|REG-004-001| Difference of metric Eth_Send_throuput_Change = 2
2016-05-02 09:45:31 PM |TR28779|REG-004-001| Difference of metric Eth_Rcv_throuput_Change = 3
2016-05-02 09:45:31 PM |TR28779|REG-004-001| Difference of metric Tcp_Open_Conn_Per_Secd_Change = 3
2016-05-02 09:45:31 PM |TR28779|REG-004-001| Difference of metric Tcp_Total_Open_Conn_Change = 1
2016-05-02 09:45:31 PM |TR28779|REG-004-001| Difference of metric Tcp_Close_Conn_Per_Secd_Change = 3
2016-05-02 09:45:31 PM |TR28779|REG-004-001| Difference of metric Tcp_Total_Close_Conn_Change = 1
2016-05-02 09:45:31 PM |TR28779|REG-004-001| Difference of metric Res_Time_Change = 0
2016-05-02 09:45:31 PM |TR28779|REG-004-001| Difference of metric Total_Request_Completed_Change = 1
2016-05-02 09:45:31 PM |TR28779|REG-004-001| Difference of metric Total_Request_SucessFul_Change = 1
2016-05-02 09:45:31 PM |TR28779|REG-004-001| Difference of metric Transaction_Response_Time_Change = 1
2016-05-02 09:45:31 PM |TR28779|REG-004-001| Difference of metric Page_Response_Time_Change = 0
2016-05-02 10:01:14 PM |TR28780|REG-005-001| Difference of Running_User_Change_Pct is = -0
2016-05-02 10:01:14 PM |TR28780|REG-005-001| Difference of Active_User_Change_Pct is = 17
2016-05-02 10:01:14 PM |TR28780|REG-005-001| Difference of Active_User_Change_Pct inside failure loop is = 17
2016-05-02 10:01:14 PM |TR28780|REG-005-001| Difference of Thinking_User_Change_Pct is = 0
2016-05-02 10:01:14 PM |TR28780|REG-005-001| Difference of Connection_Change_Pct is = 0
2016-05-02 10:01:14 PM |TR28780|REG-005-001| Difference of Tcp_Send_throuput_Change is = -0
2016-05-02 10:01:14 PM |TR28780|REG-005-001| Difference of Tcp_Rcv_throuput_Change is = -0
2016-05-02 10:01:14 PM |TR28780|REG-005-001| Difference of Eth_Send_throuput_Change is = -1
2016-05-02 10:01:14 PM |TR28780|REG-005-001| Difference of Eth_Rcv_throuput_Change is = -1
2016-05-02 10:01:14 PM |TR28780|REG-005-001| Difference of Tcp_Open_Conn_Per_Secd_Change is = -0
2016-05-02 10:01:14 PM |TR28780|REG-005-001| Difference of Tcp_Total_Open_Conn_Change is = 0
2016-05-02 10:01:14 PM |TR28780|REG-005-001| Difference of Tcp_Close_Conn_Per_Secd_Change is = -0
2016-05-02 10:01:14 PM |TR28780|REG-005-001| Difference of Tcp_Total_Close_Conn_Change is = 0
2016-05-02 10:01:14 PM |TR28780|REG-005-001| Difference of Res_Time_Change is = 0
2016-05-02 10:01:14 PM |TR28780|REG-005-001| Difference of Total_Request_Completed_Change is = 0
2016-05-02 10:01:14 PM |TR28780|REG-005-001| Difference of Total_Request_SucessFul_Change is = 0
2016-05-02 10:01:14 PM |TR28780|REG-005-001| Difference of Transaction_Response_Time_Change is = 0
2016-05-02 10:01:14 PM |TR28780|REG-005-001| Difference of Page_Response_Time_Change is = 0
2016-05-02 10:11:42 PM |TR28781|REG-006-001| Difference of Running_User_Change_Pct is = 0
2016-05-02 10:11:42 PM |TR28781|REG-006-001| Difference of Tcp_Send_throuput_Change is = 0
2016-05-02 10:11:42 PM |TR28781|REG-006-001| Difference of Tcp_Rcv_throuput_Change is = 0
2016-05-02 10:11:42 PM |TR28781|REG-006-001| Difference of Eth_Send_throuput_Change is = -1
2016-05-02 10:11:42 PM |TR28781|REG-006-001| Difference of Eth_Rcv_throuput_Change is = 3
2016-05-02 10:11:42 PM |TR28781|REG-006-001| Difference of Res_Time_Change is = 0
2016-05-02 10:11:42 PM |TR28781|REG-006-001| Difference of Page_Response_Time_Change is = 0
2016-05-02 10:17:55 PM |TR28782|REG-007-001| start_line=13;end_line=73
2016-05-02 10:17:55 PM |TR28782|REG-007-001| VUSER_COUNT=10;RTC_STRING=Phase 'RTC_PHASE_0' (phase 0) was complete at 00:00:03;rtc_vusers=9;conf_users=100
2016-05-02 10:17:55 PM |TR28782|REG-007-001| ramp_down_users=110;(conf+rtc)users=110
2016-05-02 10:24:07 PM |TR28783|REG-007-002| start_line=29;end_line=621
2016-05-02 10:24:07 PM |TR28783|REG-007-002| VUSER_COUNT=12;RTC_STRING=Phase 'RTC_PHASE_0' (phase 0) was complete at 00:00:33;rtc_vusers=0;conf_users=100
2016-05-02 10:24:07 PM |TR28783|REG-007-002| ramp_down_users=110;(conf+rtc)users=112
2016-05-02 10:30:20 PM |TR28784|REG-007-003| start_line=621;end_line=797
2016-05-02 10:30:20 PM |TR28784|REG-007-003| VUSER_COUNT=110;RTC_STRING=Phase 'RTC_PHASE_0' (phase 0) was complete at 00:03:31;rtc_vusers=98;conf_users=100
2016-05-02 10:30:20 PM |TR28784|REG-007-003| ramp_down_users=110;(conf+rtc)users=210
2016-05-02 10:36:33 PM |TR28785|REG-007-004| start_line=797;end_line=973
2016-05-02 10:36:33 PM |TR28785|REG-007-004| VUSER_COUNT=110;RTC_STRING=Phase 'RTC_PHASE_0' (phase 0) was complete at 00:04:31;rtc_vusers=101;conf_users=100
2016-05-02 10:36:33 PM |TR28785|REG-007-004| ramp_down_users=110;(conf+rtc)users=210
2016-05-02 10:42:45 PM |TR28786|REG-007-005| start_line=973;end_line=1077
2016-05-02 10:42:45 PM |TR28786|REG-007-005| VUSER_COUNT=84;RTC_STRING=Phase 'RTC_PHASE_0' (phase 0) was complete at 00:05:31;rtc_vusers=48;conf_users=100
2016-05-02 10:42:45 PM |TR28786|REG-007-005| ramp_down_users=110;(conf+rtc)users=184
2016-05-02 10:54:01 PM |TR28787|REG-007-006| before loop iterates avg_vuser=
2016-05-02 10:54:01 PM |TR28787|REG-007-006| avg_vuser=244;startl=29;endl=621
2016-05-02 10:54:01 PM |TR28787|REG-007-006| after loop iterates for RampUp0 avg_vuser=244,
2016-05-02 10:54:01 PM |TR28787|REG-007-006| avg_vuser=249;startl=622;endl=798
2016-05-02 10:54:01 PM |TR28787|REG-007-006| after loop iterates for Stabilize0 avg_vuser=244,249,
2016-05-02 10:54:01 PM |TR28787|REG-007-006| avg_vuser=245;startl=799;endl=1845
2016-05-02 10:54:01 PM |TR28787|REG-007-006| after loop iterates for Duration0 avg_vuser=244,249,245,
2016-05-02 10:54:01 PM |TR28787|REG-007-006| avg_vuser=244;startl=1846;endl=1950
2016-05-02 10:54:01 PM |TR28787|REG-007-006| after loop iterates for RampDown0 avg_vuser=244,249,245,244
2016-05-02 10:54:01 PM |TR28787|REG-007-006| avg_vuser=244,249,245,244
2016-05-02 10:54:01 PM |TR28787|REG-007-006|  !=  as 
2016-05-02 10:54:01 PM |TR28787|REG-007-006| Finalvalue=335
2016-05-02 10:54:01 PM |TR28787|REG-007-006| ramp_down_users=335
2016-05-02 10:54:01 PM |TR28787|REG-007-006| rtc_phase_string_count=4
