8/8 4:33:33|ScriptDefaultExceptionHandler|uncaughtException|Caught an unhandled exception - Non-EDT Exception in Thread-25|Following is the stack trace:
java.lang.Exception: java.lang.IllegalArgumentException: image == null!
	at pacAction.ScriptDefaultExceptionHandler$1.run(ScriptDefaultExceptionHandler.java:28)
	at java.awt.event.InvocationEvent.dispatch(InvocationEvent.java:311)
	at java.awt.EventQueue.dispatchEventImpl(EventQueue.java:756)
	at java.awt.EventQueue.access$500(EventQueue.java:97)
	at java.awt.EventQueue$3.run(EventQueue.java:709)
	at java.awt.EventQueue$3.run(EventQueue.java:703)
	at java.security.AccessController.doPrivileged(Native Method)
	at java.security.ProtectionDomain$JavaSecurityAccessImpl.doIntersectionPrivilege(ProtectionDomain.java:80)
	at java.awt.EventQueue.dispatchEvent(EventQueue.java:726)
	at java.awt.EventDispatchThread.pumpOneEventForFilters(EventDispatchThread.java:201)
	at java.awt.EventDispatchThread.pumpEventsForFilter(EventDispatchThread.java:116)
	at java.awt.EventDispatchThread.pumpEventsForHierarchy(EventDispatchThread.java:105)
	at java.awt.EventDispatchThread.pumpEvents(EventDispatchThread.java:101)
	at java.awt.EventDispatchThread.pumpEvents(EventDispatchThread.java:93)
	at java.awt.EventDispatchThread.run(EventDispatchThread.java:82)
Caused by: java.lang.IllegalArgumentException: image == null!
	at javax.imageio.ImageTypeSpecifier.createFromRenderedImage(ImageTypeSpecifier.java:925)
	at javax.imageio.ImageIO.getWriter(ImageIO.java:1592)
	at javax.imageio.ImageIO.write(ImageIO.java:1520)
	at com.netstorm.chromium.util.ChromeSnapShotUtil.run(ChromeSnapShotUtil.java:111)
	at java.lang.Thread.run(Thread.java:748)
8/8 4:33:59|ScriptDefaultExceptionHandler|uncaughtException|Caught an unhandled exception - EDT Exception in AWT-EventQueue-2|Following is the stack trace:
java.lang.Exception: java.lang.NullPointerException
	at pacAction.ScriptDefaultExceptionHandler.uncaughtException(ScriptDefaultExceptionHandler.java:20)
	at java.lang.ThreadGroup.uncaughtException(ThreadGroup.java:1057)
	at java.lang.ThreadGroup.uncaughtException(ThreadGroup.java:1052)
	at java.awt.EventDispatchThread.processException(EventDispatchThread.java:223)
	at java.awt.EventDispatchThread.pumpOneEventForFilters(EventDispatchThread.java:215)
	at java.awt.EventDispatchThread.pumpEventsForFilter(EventDispatchThread.java:116)
	at java.awt.EventDispatchThread.pumpEventsForHierarchy(EventDispatchThread.java:105)
	at java.awt.EventDispatchThread.pumpEvents(EventDispatchThread.java:101)
	at java.awt.EventDispatchThread.pumpEvents(EventDispatchThread.java:93)
	at java.awt.EventDispatchThread.run(EventDispatchThread.java:82)
Caused by: java.lang.NullPointerException
	at javax.swing.plaf.synth.SynthLookAndFeel.paintRegion(SynthLookAndFeel.java:371)
	at javax.swing.plaf.synth.SynthLookAndFeel.update(SynthLookAndFeel.java:335)
	at javax.swing.plaf.synth.SynthTextAreaUI.update(SynthTextAreaUI.java:140)
	at javax.swing.JComponent.paintComponent(JComponent.java:780)
	at javax.swing.JComponent.paint(JComponent.java:1056)
	at javax.swing.JComponent.paintToOffscreen(JComponent.java:5210)
	at javax.swing.RepaintManager$PaintManager.paintDoubleBuffered(RepaintManager.java:1579)
	at javax.swing.RepaintManager$PaintManager.paint(RepaintManager.java:1502)
	at javax.swing.BufferStrategyPaintManager.paint(BufferStrategyPaintManager.java:306)
	at javax.swing.RepaintManager.paint(RepaintManager.java:1272)
	at javax.swing.JComponent._paintImmediately(JComponent.java:5158)
	at javax.swing.JComponent.paintImmediately(JComponent.java:4969)
	at javax.swing.RepaintManager$4.run(RepaintManager.java:831)
	at javax.swing.RepaintManager$4.run(RepaintManager.java:814)
	at java.security.AccessController.doPrivileged(Native Method)
	at java.security.ProtectionDomain$JavaSecurityAccessImpl.doIntersectionPrivilege(ProtectionDomain.java:80)
	at javax.swing.RepaintManager.paintDirtyRegions(RepaintManager.java:814)
	at javax.swing.RepaintManager.paintDirtyRegions(RepaintManager.java:789)
	at javax.swing.RepaintManager.prePaintDirtyRegions(RepaintManager.java:738)
	at javax.swing.RepaintManager.access$1200(RepaintManager.java:64)
	at javax.swing.RepaintManager$ProcessingRunnable.run(RepaintManager.java:1732)
	at java.awt.event.InvocationEvent.dispatch(InvocationEvent.java:311)
	at java.awt.EventQueue.dispatchEventImpl(EventQueue.java:756)
	at java.awt.EventQueue.access$500(EventQueue.java:97)
	at java.awt.EventQueue$3.run(EventQueue.java:709)
	at java.awt.EventQueue$3.run(EventQueue.java:703)
	at java.security.AccessController.doPrivileged(Native Method)
	at java.security.ProtectionDomain$JavaSecurityAccessImpl.doIntersectionPrivilege(ProtectionDomain.java:80)
	at java.awt.EventQueue.dispatchEvent(EventQueue.java:726)
	at java.awt.EventDispatchThread.pumpOneEventForFilters(EventDispatchThread.java:201)
	... 5 more
